  [1m[36m (20.7ms)[0m  [1mCREATE TABLE "schema_migrations" ("version" varchar NOT NULL) [0m
  [1m[35m (0.6ms)[0m  select sqlite_version(*)
  [1m[36m (28.7ms)[0m  [1mCREATE UNIQUE INDEX "unique_schema_migrations" ON "schema_migrations" ("version")[0m
  [1m[35mActiveRecord::SchemaMigration Load (3.3ms)[0m  SELECT "schema_migrations".* FROM "schema_migrations"
Migrating to CreateUsers (20181130021852)
  [1m[36m (0.1ms)[0m  [1mbegin transaction[0m
  [1m[35m (10.5ms)[0m  CREATE TABLE "users" ("id" INTEGER PRIMARY KEY AUTOINCREMENT NOT NULL, "first_name" varchar, "last_name" varchar, "created_at" datetime NOT NULL, "updated_at" datetime NOT NULL) 
  [1m[36mSQL (2.1ms)[0m  [1mINSERT INTO "schema_migrations" ("version") VALUES (?)[0m  [["version", "20181130021852"]]
  [1m[35m (20.8ms)[0m  commit transaction
Migrating to CreateFriendships (20181130021906)
  [1m[36m (0.1ms)[0m  [1mbegin transaction[0m
  [1m[35m (18.0ms)[0m  CREATE TABLE "friendships" ("id" INTEGER PRIMARY KEY AUTOINCREMENT NOT NULL, "user_id" integer, "friend_id" integer, "created_at" datetime NOT NULL, "updated_at" datetime NOT NULL) 
  [1m[36m (0.2ms)[0m  [1mCREATE  INDEX "index_friendships_on_user_id" ON "friendships" ("user_id")[0m
  [1m[35mSQL (1.5ms)[0m  INSERT INTO "schema_migrations" ("version") VALUES (?)  [["version", "20181130021906"]]
  [1m[36m (16.4ms)[0m  [1mcommit transaction[0m
  [1m[35mActiveRecord::SchemaMigration Load (4.6ms)[0m  SELECT "schema_migrations".* FROM "schema_migrations"
  [1m[36m (4.0ms)[0m  [1m            SELECT sql
            FROM sqlite_master
            WHERE name='index_friendships_on_user_id' AND type='index'
            UNION ALL
            SELECT sql
            FROM sqlite_temp_master
            WHERE name='index_friendships_on_user_id' AND type='index'
[0m
  [1m[36mUser Load (17.3ms)[0m  [1mSELECT "users".* FROM "users"[0m
  [1m[35mFriendship Load (2.8ms)[0m  SELECT "friendships".* FROM "friendships"
  [1m[36m (0.1ms)[0m  [1mbegin transaction[0m
  [1m[35mSQL (14.3ms)[0m  INSERT INTO "users" ("first_name", "last_name", "created_at", "updated_at") VALUES (?, ?, ?, ?)  [["first_name", "Henry"], ["last_name", "Kim"], ["created_at", "2018-11-30 02:32:15.640630"], ["updated_at", "2018-11-30 02:32:15.640630"]]
  [1m[36m (12.7ms)[0m  [1mcommit transaction[0m
  [1m[35mFriendship Load (3.9ms)[0m  SELECT "friendships".* FROM "friendships"
  [1m[36m (0.1ms)[0m  [1mbegin transaction[0m
  [1m[35mSQL (12.2ms)[0m  INSERT INTO "friendships" ("created_at", "updated_at") VALUES (?, ?)  [["created_at", "2018-11-30 02:32:33.344511"], ["updated_at", "2018-11-30 02:32:33.344511"]]
  [1m[36m (9.0ms)[0m  [1mcommit transaction[0m
  [1m[35mUser Load (3.6ms)[0m  SELECT "users".* FROM "users"
  [1m[36mActiveRecord::SchemaMigration Load (2.8ms)[0m  [1mSELECT "schema_migrations".* FROM "schema_migrations"[0m
  [1m[35mActiveRecord::SchemaMigration Load (2.4ms)[0m  SELECT "schema_migrations".* FROM "schema_migrations"
  [1m[36m (2.1ms)[0m  [1m            SELECT sql
            FROM sqlite_master
            WHERE name='index_friendships_on_user_id' AND type='index'
            UNION ALL
            SELECT sql
            FROM sqlite_temp_master
            WHERE name='index_friendships_on_user_id' AND type='index'
[0m
  [1m[36mUser Load (20.5ms)[0m  [1mSELECT "users".* FROM "users"[0m
  [1m[35m (0.1ms)[0m  begin transaction
  [1m[36mSQL (16.4ms)[0m  [1mINSERT INTO "users" ("first_name", "last_name", "created_at", "updated_at") VALUES (?, ?, ?, ?)[0m  [["first_name", "Andrew"], ["last_name", "Barstow"], ["created_at", "2018-11-30 19:48:49.574757"], ["updated_at", "2018-11-30 19:48:49.574757"]]
  [1m[35m (9.5ms)[0m  commit transaction
  [1m[36mUser Load (3.3ms)[0m  [1mSELECT "users".* FROM "users"[0m
  [1m[35mUser Load (4.1ms)[0m  SELECT  "users".* FROM "users"  ORDER BY "users"."id" ASC LIMIT 1
  [1m[36mUser Load (3.3ms)[0m  [1mSELECT  "users".* FROM "users"  ORDER BY "users"."id" ASC LIMIT 1[0m
  [1m[35mUser Load (3.8ms)[0m  SELECT "users".* FROM "users" INNER JOIN "friendships" ON "users"."id" = "friendships"."friend_id" WHERE "friendships"."user_id" = ?  [["user_id", 1]]
  [1m[36mFriendship Load (3.9ms)[0m  [1mSELECT "friendships".* FROM "friendships"[0m
  [1m[35mUser Load (3.4ms)[0m  SELECT  "users".* FROM "users"  ORDER BY "users"."id" ASC LIMIT 1
  [1m[36m (0.1ms)[0m  [1mbegin transaction[0m
  [1m[35mSQL (14.5ms)[0m  INSERT INTO "friendships" ("user_id", "friend_id", "created_at", "updated_at") VALUES (?, ?, ?, ?)  [["user_id", 1], ["friend_id", 2], ["created_at", "2018-11-30 19:50:21.379703"], ["updated_at", "2018-11-30 19:50:21.379703"]]
  [1m[36m (8.9ms)[0m  [1mcommit transaction[0m
  [1m[35mUser Load (2.9ms)[0m  SELECT  "users".* FROM "users"  ORDER BY "users"."id" ASC LIMIT 1
  [1m[36mUser Load (3.3ms)[0m  [1mSELECT "users".* FROM "users" INNER JOIN "friendships" ON "users"."id" = "friendships"."friend_id" WHERE "friendships"."user_id" = ?[0m  [["user_id", 1]]
  [1m[35m (0.1ms)[0m  begin transaction
  [1m[36mSQL (9.5ms)[0m  [1mINSERT INTO "users" ("first_name", "last_name", "created_at", "updated_at") VALUES (?, ?, ?, ?)[0m  [["first_name", "Sheep"], ["last_name", "Sheep"], ["created_at", "2018-11-30 19:51:44.129737"], ["updated_at", "2018-11-30 19:51:44.129737"]]
  [1m[35m (8.4ms)[0m  commit transaction
  [1m[36m (0.1ms)[0m  [1mbegin transaction[0m
  [1m[35mSQL (12.1ms)[0m  INSERT INTO "users" ("first_name", "last_name", "created_at", "updated_at") VALUES (?, ?, ?, ?)  [["first_name", "Cow"], ["last_name", "Cow"], ["created_at", "2018-11-30 19:51:51.082922"], ["updated_at", "2018-11-30 19:51:51.082922"]]
  [1m[36m (16.8ms)[0m  [1mcommit transaction[0m
  [1m[35m (0.1ms)[0m  begin transaction
  [1m[36mSQL (10.2ms)[0m  [1mINSERT INTO "users" ("first_name", "last_name", "created_at", "updated_at") VALUES (?, ?, ?, ?)[0m  [["first_name", "Bird"], ["last_name", "Cow"], ["created_at", "2018-11-30 19:51:56.833170"], ["updated_at", "2018-11-30 19:51:56.833170"]]
  [1m[35m (7.1ms)[0m  commit transaction
  [1m[36m (0.1ms)[0m  [1mbegin transaction[0m
  [1m[35mSQL (9.6ms)[0m  INSERT INTO "users" ("first_name", "last_name", "created_at", "updated_at") VALUES (?, ?, ?, ?)  [["first_name", "Dog"], ["last_name", "Cow"], ["created_at", "2018-11-30 19:52:02.755509"], ["updated_at", "2018-11-30 19:52:02.755509"]]
  [1m[36m (6.7ms)[0m  [1mcommit transaction[0m
  [1m[35mUser Load (3.5ms)[0m  SELECT "users".* FROM "users"
  [1m[36mUser Load (3.5ms)[0m  [1mSELECT  "users".* FROM "users"  ORDER BY "users"."id" ASC LIMIT 1 OFFSET 3[0m
  [1m[35mUser Load (3.4ms)[0m  SELECT  "users".* FROM "users"  ORDER BY "users"."id" ASC LIMIT 1 OFFSET 3
  [1m[36m (0.1ms)[0m  [1mbegin transaction[0m
  [1m[35mSQL (12.5ms)[0m  INSERT INTO "friendships" ("user_id", "friend_id", "created_at", "updated_at") VALUES (?, ?, ?, ?)  [["user_id", 4], ["friend_id", 2], ["created_at", "2018-11-30 19:52:37.583175"], ["updated_at", "2018-11-30 19:52:37.583175"]]
  [1m[36m (8.6ms)[0m  [1mcommit transaction[0m
  [1m[35mFriendship Load (3.0ms)[0m  SELECT "friendships".* FROM "friendships"
  [1m[36mFriendship Load (3.5ms)[0m  [1mSELECT  "friendships".* FROM "friendships"  ORDER BY "friendships"."id" ASC LIMIT 1[0m
  [1m[35m (0.1ms)[0m  begin transaction
  [1m[36mSQL (12.4ms)[0m  [1mDELETE FROM "friendships" WHERE "friendships"."id" = ?[0m  [["id", 1]]
  [1m[35m (10.2ms)[0m  commit transaction
  [1m[36mFriendship Load (2.8ms)[0m  [1mSELECT "friendships".* FROM "friendships"[0m
  [1m[35mUser Load (3.6ms)[0m  SELECT  "users".* FROM "users"  ORDER BY "users"."id" ASC LIMIT 1 OFFSET 1
  [1m[36m (0.1ms)[0m  [1mbegin transaction[0m
  [1m[35mSQL (12.0ms)[0m  INSERT INTO "friendships" ("user_id", "friend_id", "created_at", "updated_at") VALUES (?, ?, ?, ?)  [["user_id", 2], ["friend_id", 2], ["created_at", "2018-11-30 19:56:14.860716"], ["updated_at", "2018-11-30 19:56:14.860716"]]
  [1m[36m (9.1ms)[0m  [1mcommit transaction[0m
  [1m[35mUser Load (3.4ms)[0m  SELECT  "users".* FROM "users"  ORDER BY "users"."id" ASC LIMIT 1 OFFSET 2
  [1m[36m (0.1ms)[0m  [1mbegin transaction[0m
  [1m[35mSQL (11.8ms)[0m  INSERT INTO "friendships" ("user_id", "friend_id", "created_at", "updated_at") VALUES (?, ?, ?, ?)  [["user_id", 3], ["friend_id", 2], ["created_at", "2018-11-30 19:56:19.070043"], ["updated_at", "2018-11-30 19:56:19.070043"]]
  [1m[36m (7.1ms)[0m  [1mcommit transaction[0m
  [1m[35mUser Load (3.7ms)[0m  SELECT  "users".* FROM "users"  ORDER BY "users"."id" ASC LIMIT 1 OFFSET 2
  [1m[36m (0.1ms)[0m  [1mbegin transaction[0m
  [1m[35mSQL (12.6ms)[0m  INSERT INTO "friendships" ("user_id", "friend_id", "created_at", "updated_at") VALUES (?, ?, ?, ?)  [["user_id", 3], ["friend_id", 1], ["created_at", "2018-11-30 19:56:22.974241"], ["updated_at", "2018-11-30 19:56:22.974241"]]
  [1m[36m (8.6ms)[0m  [1mcommit transaction[0m
  [1m[35mFriendship Load (3.6ms)[0m  SELECT "friendships".* FROM "friendships"
  [1m[36mUser Load (4.0ms)[0m  [1mSELECT  "users".* FROM "users"  ORDER BY "users"."id" ASC LIMIT 1 OFFSET 2[0m
  [1m[35m (0.1ms)[0m  begin transaction
  [1m[36mSQL (12.8ms)[0m  [1mINSERT INTO "friendships" ("user_id", "friend_id", "created_at", "updated_at") VALUES (?, ?, ?, ?)[0m  [["user_id", 3], ["friend_id", 5], ["created_at", "2018-11-30 19:56:34.761528"], ["updated_at", "2018-11-30 19:56:34.761528"]]
  [1m[35m (13.1ms)[0m  commit transaction
  [1m[36mUser Load (2.8ms)[0m  [1mSELECT  "users".* FROM "users"  ORDER BY "users"."id" ASC LIMIT 1 OFFSET 2[0m
  [1m[35m (0.2ms)[0m  begin transaction
  [1m[36mSQL (14.2ms)[0m  [1mINSERT INTO "friendships" ("user_id", "friend_id", "created_at", "updated_at") VALUES (?, ?, ?, ?)[0m  [["user_id", 3], ["friend_id", 56], ["created_at", "2018-11-30 19:56:38.804017"], ["updated_at", "2018-11-30 19:56:38.804017"]]
  [1m[35m (20.5ms)[0m  commit transaction
  [1m[36mFriendship Load (2.6ms)[0m  [1mSELECT "friendships".* FROM "friendships"[0m
  [1m[35mUser Load (2.9ms)[0m  SELECT  "users".* FROM "users"  ORDER BY "users"."id" ASC LIMIT 1
  [1m[36mUser Load (3.3ms)[0m  [1mSELECT "users".* FROM "users" INNER JOIN "friendships" ON "users"."id" = "friendships"."friend_id" WHERE "friendships"."user_id" = ?[0m  [["user_id", 1]]
  [1m[35mUser Load (2.9ms)[0m  SELECT  "users".* FROM "users"  ORDER BY "users"."id" ASC LIMIT 1 OFFSET 1
  [1m[36mUser Load (3.0ms)[0m  [1mSELECT "users".* FROM "users" INNER JOIN "friendships" ON "users"."id" = "friendships"."friend_id" WHERE "friendships"."user_id" = ?[0m  [["user_id", 2]]
  [1m[35mUser Load (3.5ms)[0m  SELECT  "users".* FROM "users"  ORDER BY "users"."id" ASC LIMIT 1 OFFSET 2
  [1m[36mUser Load (2.9ms)[0m  [1mSELECT "users".* FROM "users" INNER JOIN "friendships" ON "users"."id" = "friendships"."friend_id" WHERE "friendships"."user_id" = ?[0m  [["user_id", 3]]
  [1m[35mUser Load (3.6ms)[0m  SELECT  "users".* FROM "users"  ORDER BY "users"."id" ASC LIMIT 1 OFFSET 3
  [1m[36mUser Load (3.4ms)[0m  [1mSELECT "users".* FROM "users" INNER JOIN "friendships" ON "users"."id" = "friendships"."friend_id" WHERE "friendships"."user_id" = ?[0m  [["user_id", 4]]
  [1m[35mUser Load (3.2ms)[0m  SELECT  "users".* FROM "users"  ORDER BY "users"."id" ASC LIMIT 1 OFFSET 4
  [1m[36mUser Load (3.6ms)[0m  [1mSELECT "users".* FROM "users" INNER JOIN "friendships" ON "users"."id" = "friendships"."friend_id" WHERE "friendships"."user_id" = ?[0m  [["user_id", 5]]
  [1m[35mUser Load (3.3ms)[0m  SELECT  "users".* FROM "users"  ORDER BY "users"."id" ASC LIMIT 1
  [1m[36m (0.2ms)[0m  [1mbegin transaction[0m
  [1m[35mSQL (16.1ms)[0m  INSERT INTO "friendships" ("user_id", "friend_id", "created_at", "updated_at") VALUES (?, ?, ?, ?)  [["user_id", 1], ["friend_id", 4], ["created_at", "2018-11-30 19:59:09.590907"], ["updated_at", "2018-11-30 19:59:09.590907"]]
  [1m[36m (13.5ms)[0m  [1mcommit transaction[0m
  [1m[35mFriendship Load (3.6ms)[0m  SELECT "friendships".* FROM "friendships"
  [1m[36mUser Load (3.4ms)[0m  [1mSELECT  "users".* FROM "users"  ORDER BY "users"."id" ASC LIMIT 1[0m
  [1m[35mUser Load (3.6ms)[0m  SELECT "users".* FROM "users" INNER JOIN "friendships" ON "users"."id" = "friendships"."friend_id" WHERE "friendships"."user_id" = ?  [["user_id", 1]]
  [1m[36mFriendship Load (2.9ms)[0m  [1mSELECT  "friendships".* FROM "friendships" WHERE "friendships"."id" = ? LIMIT 1[0m  [["id", 3]]
  [1m[35mFriendship Load (3.4ms)[0m  SELECT  "friendships".* FROM "friendships" WHERE "friendships"."id" = ? LIMIT 1  [["id", 3]]
  [1m[36mUser Load (3.0ms)[0m  [1mSELECT  "users".* FROM "users" WHERE "users"."id" = ? LIMIT 1[0m  [["id", 2]]
  [1m[35mFriendship Load (3.1ms)[0m  SELECT  "friendships".* FROM "friendships" WHERE "friendships"."id" = ? LIMIT 1  [["id", 4]]
  [1m[36mUser Load (3.2ms)[0m  [1mSELECT  "users".* FROM "users" WHERE "users"."id" = ? LIMIT 1[0m  [["id", 2]]
  [1m[35mFriendship Load (3.2ms)[0m  SELECT  "friendships".* FROM "friendships" WHERE "friendships"."id" = ? LIMIT 1  [["id", 5]]
  [1m[36mUser Load (3.3ms)[0m  [1mSELECT  "users".* FROM "users" WHERE "users"."id" = ? LIMIT 1[0m  [["id", 2]]
  [1m[35mFriendship Load (3.5ms)[0m  SELECT  "friendships".* FROM "friendships" WHERE "friendships"."id" = ? LIMIT 1  [["id", 1]]
  [1m[36mFriendship Load (3.6ms)[0m  [1mSELECT  "friendships".* FROM "friendships" WHERE "friendships"."id" = ? LIMIT 1[0m  [["id", 2]]
  [1m[35mUser Load (3.4ms)[0m  SELECT  "users".* FROM "users" WHERE "users"."id" = ? LIMIT 1  [["id", 2]]
  [1m[36mFriendship Load (2.7ms)[0m  [1mSELECT  "friendships".* FROM "friendships" WHERE "friendships"."id" = ? LIMIT 1[0m  [["id", 2]]
  [1m[35mFriendship Load (2.6ms)[0m  SELECT  "friendships".* FROM "friendships" WHERE "friendships"."id" = ? LIMIT 1  [["id", 2]]
  [1m[36mFriendship Load (3.4ms)[0m  [1mSELECT  "friendships".* FROM "friendships" WHERE "friendships"."id" = ? LIMIT 1[0m  [["id", 3]]
  [1m[35mFriendship Load (3.3ms)[0m  SELECT  "friendships".* FROM "friendships" WHERE "friendships"."id" = ? LIMIT 1  [["id", 4]]
  [1m[36mFriendship Load (3.0ms)[0m  [1mSELECT  "friendships".* FROM "friendships" WHERE "friendships"."id" = ? LIMIT 1[0m  [["id", 4]]
  [1m[35mUser Load (3.0ms)[0m  SELECT  "users".* FROM "users" WHERE "users"."id" = ? LIMIT 1  [["id", 2]]
  [1m[36mFriendship Load (2.5ms)[0m  [1mSELECT  "friendships".* FROM "friendships" WHERE "friendships"."id" = ? LIMIT 1[0m  [["id", 2]]
  [1m[35mUser Load (2.4ms)[0m  SELECT  "users".* FROM "users" WHERE "users"."id" = ? LIMIT 1  [["id", 1]]
  [1m[36mFriendship Load (3.1ms)[0m  [1mSELECT  "friendships".* FROM "friendships" WHERE "friendships"."id" = ? LIMIT 1[0m  [["id", 1]]
  [1m[35mFriendship Load (2.6ms)[0m  SELECT  "friendships".* FROM "friendships" WHERE "friendships"."id" = ? LIMIT 1  [["id", 4]]
  [1m[36mUser Load (2.4ms)[0m  [1mSELECT  "users".* FROM "users" WHERE "users"."id" = ? LIMIT 1[0m  [["id", 2]]
  [1m[35mFriendship Load (3.0ms)[0m  SELECT  "friendships".* FROM "friendships" WHERE "friendships"."id" = ? LIMIT 1  [["id", 3]]
  [1m[36mUser Load (2.8ms)[0m  [1mSELECT  "users".* FROM "users" WHERE "users"."id" = ? LIMIT 1[0m  [["id", 4]]
  [1m[35mFriendship Load (3.5ms)[0m  SELECT  "friendships".* FROM "friendships" WHERE "friendships"."id" = ? LIMIT 1  [["id", 2]]
  [1m[36mUser Load (3.5ms)[0m  [1mSELECT  "users".* FROM "users" WHERE "users"."id" = ? LIMIT 1[0m  [["id", 1]]
  [1m[35mFriendship Load (2.6ms)[0m  SELECT  "friendships".* FROM "friendships" WHERE "friendships"."id" = ? LIMIT 1  [["id", 0]]
  [1m[36mFriendship Load (2.6ms)[0m  [1mSELECT  "friendships".* FROM "friendships" WHERE "friendships"."id" = ? LIMIT 1[0m  [["id", 5]]
  [1m[35mUser Load (3.0ms)[0m  SELECT  "users".* FROM "users" WHERE "users"."id" = ? LIMIT 1  [["id", 3]]
  [1m[36mFriendship Load (3.3ms)[0m  [1mSELECT  "friendships".* FROM "friendships" WHERE "friendships"."id" = ? LIMIT 1[0m  [["id", 6]]
  [1m[35mUser Load (3.3ms)[0m  SELECT  "users".* FROM "users" WHERE "users"."id" = ? LIMIT 1  [["id", 3]]
  [1m[36mFriendship Load (3.8ms)[0m  [1mSELECT  "friendships".* FROM "friendships" WHERE "friendships"."id" = ? LIMIT 1[0m  [["id", 7]]
  [1m[35mUser Load (3.7ms)[0m  SELECT  "users".* FROM "users" WHERE "users"."id" = ? LIMIT 1  [["id", 3]]
  [1m[36mFriendship Load (3.6ms)[0m  [1mSELECT  "friendships".* FROM "friendships" WHERE "friendships"."id" = ? LIMIT 1[0m  [["id", 8]]
  [1m[35mUser Load (3.4ms)[0m  SELECT  "users".* FROM "users" WHERE "users"."id" = ? LIMIT 1  [["id", 3]]
  [1m[36mFriendship Load (3.5ms)[0m  [1mSELECT "friendships".* FROM "friendships"[0m
  [1m[35mFriendship Load (3.5ms)[0m  SELECT  "friendships".* FROM "friendships" WHERE "friendships"."id" = ? LIMIT 1  [["id", 9]]
  [1m[36mUser Load (3.2ms)[0m  [1mSELECT  "users".* FROM "users" WHERE "users"."id" = ? LIMIT 1[0m  [["id", 1]]
  [1m[35mFriendship Load (3.8ms)[0m  SELECT  "friendships".* FROM "friendships" WHERE "friendships"."id" = ? LIMIT 1  [["id", 9]]
  [1m[36mUser Load (3.4ms)[0m  [1mSELECT  "users".* FROM "users" WHERE "users"."id" = ? LIMIT 1[0m  [["id", 4]]
  [1m[35mUser Load (3.2ms)[0m  SELECT  "users".* FROM "users" WHERE "users"."id" = ? LIMIT 1  [["id", 4]]
  [1m[36mUser Load (2.9ms)[0m  [1mSELECT  "users".* FROM "users"  ORDER BY "users"."id" ASC LIMIT 1[0m
  [1m[35mUser Load (3.1ms)[0m  SELECT  "users".* FROM "users"  ORDER BY "users"."id" ASC LIMIT 1
  [1m[36mUser Load (3.3ms)[0m  [1mSELECT  "users".* FROM "users"  ORDER BY "users"."id" ASC LIMIT 1[0m
  [1m[35mUser Load (3.4ms)[0m  SELECT "users".* FROM "users" INNER JOIN "friendships" ON "users"."id" = "friendships"."friend_id" WHERE "friendships"."user_id" = ?  [["user_id", 1]]
  [1m[36mFriendship Load (3.2ms)[0m  [1mSELECT "friendships".* FROM "friendships"[0m
  [1m[35mUser Load (3.6ms)[0m  SELECT  "users".* FROM "users"  ORDER BY "users"."id" ASC LIMIT 1
  [1m[36mUser Load (3.3ms)[0m  [1mSELECT  "users".* FROM "users" WHERE "users"."id" = ? LIMIT 1[0m  [["id", 1]]
  [1m[35mUser Load (3.2ms)[0m  SELECT  "users".* FROM "users" WHERE "users"."id" = ? LIMIT 1  [["id", 1]]
  [1m[36mUser Load (2.8ms)[0m  [1mSELECT  "users".* FROM "users" WHERE "users"."id" = ? LIMIT 1[0m  [["id", 1]]
  [1m[35mUser Load (3.0ms)[0m  SELECT  "users".* FROM "users"  ORDER BY "users"."id" ASC LIMIT 1
  [1m[36mUser Load (3.4ms)[0m  [1mSELECT  "users".* FROM "users"  ORDER BY "users"."id" ASC LIMIT 1[0m
  [1m[35mFriendship Load (3.3ms)[0m  SELECT "friendships".* FROM "friendships"
  [1m[36mFriendship Load (3.5ms)[0m  [1mSELECT  "friendships".* FROM "friendships"  ORDER BY "friendships"."id" ASC LIMIT 1[0m
  [1m[35mFriendship Load (2.8ms)[0m  SELECT  "friendships".* FROM "friendships"  ORDER BY "friendships"."id" ASC LIMIT 1
  [1m[36mUser Load (2.4ms)[0m  [1mSELECT  "users".* FROM "users" WHERE "users"."id" = ? LIMIT 1[0m  [["id", 2]]
  [1m[35mFriendship Load (3.6ms)[0m  SELECT  "friendships".* FROM "friendships"  ORDER BY "friendships"."id" ASC LIMIT 1
  [1m[36mFriendship Load (3.0ms)[0m  [1mSELECT  "friendships".* FROM "friendships"  ORDER BY "friendships"."id" ASC LIMIT 1[0m
  [1m[35mUser Load (2.8ms)[0m  SELECT  "users".* FROM "users" WHERE "users"."id" = ? LIMIT 1  [["id", 1]]
  [1m[36mFriendship Load (3.5ms)[0m  [1mSELECT  "friendships".* FROM "friendships"  ORDER BY "friendships"."id" ASC LIMIT 1[0m
  [1m[35mFriendship Load (3.6ms)[0m  SELECT  "friendships".* FROM "friendships"  ORDER BY "friendships"."id" ASC LIMIT 1
  [1m[36mFriendship Load (3.4ms)[0m  [1mSELECT  "friendships".* FROM "friendships"  ORDER BY "friendships"."id" ASC LIMIT 1[0m
  [1m[35mFriendship Load (3.6ms)[0m  SELECT  "friendships".* FROM "friendships"  ORDER BY "friendships"."id" ASC LIMIT 1
  [1m[36mFriendship Load (3.6ms)[0m  [1mSELECT  "friendships".* FROM "friendships"  ORDER BY "friendships"."id" ASC LIMIT 1[0m
  [1m[35mFriendship Load (3.9ms)[0m  SELECT user.id:1 FROM "friendships"
  [1m[36mFriendship Load (3.4ms)[0m  [1mSELECT * FROM "friendships"[0m
  [1m[35mFriendship Load (3.6ms)[0m  SELECT * FROM "friendships"
  [1m[36mUser Load (3.1ms)[0m  [1mSELECT  "users".* FROM "users"  ORDER BY "users"."id" ASC LIMIT 1[0m
  [1m[35mFriendship Load (3.4ms)[0m  SELECT * FROM "friendships" WHERE "friendships"."user_id" = 1
  [1m[36mFriendship Load (0.3ms)[0m  [1mSELECT * FROM "friendships" WHERE (NOT (friend_id: id))[0m
  [1m[35mFriendship Load (0.4ms)[0m  SELECT * FROM "friendships" WHERE (NOT (id: id))
  [1m[36mFriendship Load (2.6ms)[0m  [1mSELECT * FROM "friendships" WHERE (NOT (id=id))[0m
  [1m[35mFriendship Load (4.0ms)[0m  SELECT * FROM "friendships" WHERE (NOT (user.id=id))
  [1m[36mFriendship Load (2.6ms)[0m  [1mSELECT * FROM "friendships" WHERE (NOT (user_id=id))[0m
  [1m[35mFriendship Load (3.6ms)[0m  SELECT * FROM "friendships" WHERE (NOT (user_id=id))
  [1m[36mFriendship Load (3.1ms)[0m  [1mSELECT "friendships".* FROM "friendships"[0m
  [1m[35mFriendship Load (3.1ms)[0m  SELECT * FROM "friendships" WHERE (NOT (user_id=1))
  [1m[36mFriendship Load (3.6ms)[0m  [1mSELECT * FROM "friendships" WHERE (NOT (user_id=1))[0m
  [1m[35mFriendship Load (2.3ms)[0m  SELECT "friendships".* FROM "friendships" INNER JOIN "users" ON "users"."id" = "friendships"."user_id"
  [1m[36mFriendship Load (4.0ms)[0m  [1mSELECT "friendships".* FROM "friendships" INNER JOIN "users" ON "users"."id" = "friendships"."user_id"[0m
  [1m[35mFriendship Load (3.0ms)[0m  SELECT "friendships".* FROM "friendships" INNER JOIN "users" ON "users"."id" = "friendships"."friend_id"
  [1m[36mFriendship Load (3.8ms)[0m  [1mSELECT "friendships".* FROM "friendships" INNER JOIN "users" ON "users"."id" = "friendships"."user_id"[0m
  [1m[35mFriendship Load (3.6ms)[0m  SELECT * FROM "friendships" WHERE (NOT (user_id=1))
  [1m[36mUser Load (3.6ms)[0m  [1mSELECT  "users".* FROM "users"  ORDER BY "users"."id" ASC LIMIT 1[0m
  [1m[35mUser Load (3.3ms)[0m  SELECT  "users".* FROM "users"  ORDER BY "users"."id" ASC LIMIT 1
  [1m[36mUser Load (4.3ms)[0m  [1mSELECT "users".* FROM "users" WHERE ("users"."id" NOT IN (SELECT "users"."id" FROM "users" INNER JOIN "friendships" ON "users"."id" = "friendships"."friend_id" WHERE "friendships"."user_id" = ?))[0m  [["user_id", 1]]
  [1m[35mUser Load (3.7ms)[0m  SELECT  "users".* FROM "users"  ORDER BY "users"."id" ASC LIMIT 1
  [1m[36mUser Load (3.8ms)[0m  [1mSELECT "users".* FROM "users" WHERE ("users"."id" NOT IN (SELECT "users"."id" FROM "users" INNER JOIN "friendships" ON "users"."id" = "friendships"."friend_id" WHERE "friendships"."user_id" = ?))[0m  [["user_id", 1]]
  [1m[35mFriendship Load (3.0ms)[0m  SELECT  "friendships".* FROM "friendships"  ORDER BY "friendships"."id" ASC LIMIT 1
  [1m[36mFriendship Load (2.9ms)[0m  [1mSELECT  "friendships".* FROM "friendships"  ORDER BY "friendships"."id" ASC LIMIT 1[0m
  [1m[35mFriendship Load (3.6ms)[0m  SELECT "friendships".* FROM "friendships"
  [1m[36mUser Load (3.7ms)[0m  [1mSELECT  "users".* FROM "users"  ORDER BY "users"."id" ASC LIMIT 1[0m
  [1m[35mUser Load (3.5ms)[0m  SELECT "users".* FROM "users" INNER JOIN "friendships" ON "users"."id" = "friendships"."friend_id" WHERE "friendships"."user_id" = ?  [["user_id", 1]]
