  [1m[36m (17.0ms)[0m  [1mCREATE TABLE "schema_migrations" ("version" varchar NOT NULL) [0m
  [1m[35m (0.1ms)[0m  select sqlite_version(*)
  [1m[36m (19.3ms)[0m  [1mCREATE UNIQUE INDEX "unique_schema_migrations" ON "schema_migrations" ("version")[0m
  [1m[35mActiveRecord::SchemaMigration Load (3.9ms)[0m  SELECT "schema_migrations".* FROM "schema_migrations"
Migrating to CreateBlogs (20181129025449)
  [1m[36m (0.1ms)[0m  [1mbegin transaction[0m
  [1m[35m (7.0ms)[0m  CREATE TABLE "blogs" ("id" INTEGER PRIMARY KEY AUTOINCREMENT NOT NULL, "name" varchar, "description" varchar, "created_at" datetime NOT NULL, "updated_at" datetime NOT NULL) 
  [1m[36mSQL (0.7ms)[0m  [1mINSERT INTO "schema_migrations" ("version") VALUES (?)[0m  [["version", "20181129025449"]]
  [1m[35m (10.9ms)[0m  commit transaction
Migrating to CreatePosts (20181129025711)
  [1m[36m (0.3ms)[0m  [1mbegin transaction[0m
  [1m[35m (25.8ms)[0m  CREATE TABLE "posts" ("id" INTEGER PRIMARY KEY AUTOINCREMENT NOT NULL, "title" varchar, "content" varchar, "blog_id" integer, "created_at" datetime NOT NULL, "updated_at" datetime NOT NULL) 
  [1m[36m (1.3ms)[0m  [1mCREATE  INDEX "index_posts_on_blog_id" ON "posts" ("blog_id")[0m
  [1m[35mSQL (1.4ms)[0m  INSERT INTO "schema_migrations" ("version") VALUES (?)  [["version", "20181129025711"]]
  [1m[36m (12.4ms)[0m  [1mcommit transaction[0m
Migrating to CreateMessages (20181129025823)
  [1m[35m (0.3ms)[0m  begin transaction
  [1m[36m (15.6ms)[0m  [1mCREATE TABLE "messages" ("id" INTEGER PRIMARY KEY AUTOINCREMENT NOT NULL, "author" varchar, "message" varchar, "post_id" integer, "created_at" datetime NOT NULL, "updated_at" datetime NOT NULL) [0m
  [1m[35m (0.2ms)[0m  CREATE  INDEX "index_messages_on_post_id" ON "messages" ("post_id")
  [1m[36mSQL (1.4ms)[0m  [1mINSERT INTO "schema_migrations" ("version") VALUES (?)[0m  [["version", "20181129025823"]]
  [1m[35m (12.2ms)[0m  commit transaction
  [1m[36mActiveRecord::SchemaMigration Load (3.6ms)[0m  [1mSELECT "schema_migrations".* FROM "schema_migrations"[0m
  [1m[35m (3.0ms)[0m              SELECT sql
            FROM sqlite_master
            WHERE name='index_messages_on_post_id' AND type='index'
            UNION ALL
            SELECT sql
            FROM sqlite_temp_master
            WHERE name='index_messages_on_post_id' AND type='index'

  [1m[36m (2.8ms)[0m  [1m            SELECT sql
            FROM sqlite_master
            WHERE name='index_posts_on_blog_id' AND type='index'
            UNION ALL
            SELECT sql
            FROM sqlite_temp_master
            WHERE name='index_posts_on_blog_id' AND type='index'
[0m
  [1m[36mMessage Load (33.0ms)[0m  [1mSELECT "messages".* FROM "messages"[0m
  [1m[35mBlog Load (3.7ms)[0m  SELECT "blogs".* FROM "blogs"
  [1m[36mPost Load (3.5ms)[0m  [1mSELECT "posts".* FROM "posts"[0m
  [1m[35m (0.1ms)[0m  begin transaction
  [1m[36mSQL (11.1ms)[0m  [1mINSERT INTO "blogs" ("name", "description", "created_at", "updated_at") VALUES (?, ?, ?, ?)[0m  [["name", "Hello World"], ["description", "I'm new to coding"], ["created_at", "2018-11-29 03:06:42.531925"], ["updated_at", "2018-11-29 03:06:42.531925"]]
  [1m[35m (12.0ms)[0m  commit transaction
  [1m[36mBlog Load (10.5ms)[0m  [1mSELECT "blogs".* FROM "blogs"[0m
  [1m[35m (0.1ms)[0m  begin transaction
  [1m[36mSQL (10.5ms)[0m  [1mINSERT INTO "blogs" ("name", "description", "created_at", "updated_at") VALUES (?, ?, ?, ?)[0m  [["name", "Lorem Ipsum"], ["description", "BlahBlahBlah"], ["created_at", "2018-11-29 03:07:09.477978"], ["updated_at", "2018-11-29 03:07:09.477978"]]
  [1m[35m (12.0ms)[0m  commit transaction
  [1m[36m (0.1ms)[0m  [1mbegin transaction[0m
  [1m[35mSQL (19.0ms)[0m  INSERT INTO "blogs" ("name", "description", "created_at", "updated_at") VALUES (?, ?, ?, ?)  [["name", "Saving Pvt Henry"], ["description", "He has what we need to win the war"], ["created_at", "2018-11-29 03:07:32.657321"], ["updated_at", "2018-11-29 03:07:32.657321"]]
  [1m[36m (16.7ms)[0m  [1mcommit transaction[0m
  [1m[35mBlog Load (14.9ms)[0m  SELECT "blogs".* FROM "blogs"
  [1m[36m (0.1ms)[0m  [1mbegin transaction[0m
  [1m[35mSQL (10.7ms)[0m  INSERT INTO "blogs" ("name", "description", "created_at", "updated_at") VALUES (?, ?, ?, ?)  [["name", "The answer is 42"], ["description", "Power"], ["created_at", "2018-11-29 03:11:20.622203"], ["updated_at", "2018-11-29 03:11:20.622203"]]
  [1m[36m (13.3ms)[0m  [1mcommit transaction[0m
  [1m[35mBlog Load (8.9ms)[0m  SELECT "blogs".* FROM "blogs"
  [1m[36m (0.1ms)[0m  [1mbegin transaction[0m
  [1m[35mSQL (15.6ms)[0m  INSERT INTO "blogs" ("name", "description", "created_at", "updated_at") VALUES (?, ?, ?, ?)  [["name", "Coding the Dojo Way"], ["description", "Why C++"], ["created_at", "2018-11-29 03:11:54.720042"], ["updated_at", "2018-11-29 03:11:54.720042"]]
  [1m[36m (20.3ms)[0m  [1mcommit transaction[0m
  [1m[35mBlog Load (9.7ms)[0m  SELECT "blogs".* FROM "blogs"
  [1m[36m (0.1ms)[0m  [1mbegin transaction[0m
  [1m[35mSQL (10.6ms)[0m  INSERT INTO "blogs" ("name", "created_at", "updated_at") VALUES (?, ?, ?)  [["name", "qweq"], ["created_at", "2018-11-29 03:12:10.510619"], ["updated_at", "2018-11-29 03:12:10.510619"]]
  [1m[36m (12.0ms)[0m  [1mcommit transaction[0m
  [1m[35mBlog Load (17.7ms)[0m  SELECT "blogs".* FROM "blogs"
  [1m[36m (0.1ms)[0m  [1mbegin transaction[0m
  [1m[35mSQL (11.1ms)[0m  INSERT INTO "blogs" ("name", "created_at", "updated_at") VALUES (?, ?, ?)  [["name", "qweq"], ["created_at", "2018-11-29 03:12:30.650683"], ["updated_at", "2018-11-29 03:12:30.650683"]]
  [1m[36m (14.1ms)[0m  [1mcommit transaction[0m
  [1m[35m (0.1ms)[0m  begin transaction
  [1m[36m (0.1ms)[0m  [1mrollback transaction[0m
  [1m[35mBlog Load (3.1ms)[0m  SELECT "blogs".* FROM "blogs"
  [1m[36mBlog Load (3.1ms)[0m  [1mSELECT  "blogs".* FROM "blogs" WHERE "blogs"."id" = ? LIMIT 1[0m  [["id", 6]]
  [1m[35m (0.1ms)[0m  begin transaction
  [1m[36mSQL (11.1ms)[0m  [1mDELETE FROM "blogs" WHERE "blogs"."id" = ?[0m  [["id", 6]]
  [1m[35m (17.4ms)[0m  commit transaction
  [1m[36mBlog Load (14.1ms)[0m  [1mSELECT  "blogs".* FROM "blogs" WHERE "blogs"."id" = ? LIMIT 1[0m  [["id", 7]]
  [1m[35m (0.1ms)[0m  begin transaction
  [1m[36mSQL (9.9ms)[0m  [1mDELETE FROM "blogs" WHERE "blogs"."id" = ?[0m  [["id", 7]]
  [1m[35m (12.7ms)[0m  commit transaction
  [1m[36mBlog Load (11.6ms)[0m  [1mSELECT "blogs".* FROM "blogs"[0m
  [1m[35mBlog Load (2.8ms)[0m  SELECT "blogs".* FROM "blogs"
  [1m[36mBlog Load (3.4ms)[0m  [1mSELECT  "blogs".* FROM "blogs"  ORDER BY "blogs"."id" ASC LIMIT 1[0m
  [1m[35m (0.1ms)[0m  begin transaction
  [1m[36mSQL (11.7ms)[0m  [1mINSERT INTO "posts" ("title", "content", "blog_id", "created_at", "updated_at") VALUES (?, ?, ?, ?, ?)[0m  [["title", "Goodbye"], ["content", "Welcome"], ["blog_id", 1], ["created_at", "2018-11-29 03:20:01.618421"], ["updated_at", "2018-11-29 03:20:01.618421"]]
  [1m[35m (16.2ms)[0m  commit transaction
  [1m[36mPost Load (12.1ms)[0m  [1mSELECT "posts".* FROM "posts"[0m
  [1m[35mBlog Load (3.6ms)[0m  SELECT  "blogs".* FROM "blogs"  ORDER BY "blogs"."id" ASC LIMIT 1 OFFSET 1
  [1m[36m (0.1ms)[0m  [1mbegin transaction[0m
  [1m[35mSQL (16.5ms)[0m  INSERT INTO "posts" ("title", "content", "blog_id", "created_at", "updated_at") VALUES (?, ?, ?, ?, ?)  [["title", "This is 2nd Post"], ["content", "Welcome"], ["blog_id", 2], ["created_at", "2018-11-29 03:20:57.305904"], ["updated_at", "2018-11-29 03:20:57.305904"]]
  [1m[36m (14.7ms)[0m  [1mcommit transaction[0m
  [1m[35mPost Load (10.3ms)[0m  SELECT "posts".* FROM "posts"
  [1m[36mBlog Load (3.5ms)[0m  [1mSELECT  "blogs".* FROM "blogs"  ORDER BY "blogs"."id" ASC LIMIT 1 OFFSET 1[0m
  [1m[35m (0.1ms)[0m  begin transaction
  [1m[36mSQL (10.1ms)[0m  [1mINSERT INTO "posts" ("title", "content", "blog_id", "created_at", "updated_at") VALUES (?, ?, ?, ?, ?)[0m  [["title", "This is 3rd Post"], ["content", "third post"], ["blog_id", 2], ["created_at", "2018-11-29 03:21:18.239108"], ["updated_at", "2018-11-29 03:21:18.239108"]]
  [1m[35m (14.7ms)[0m  commit transaction
  [1m[36mBlog Load (10.6ms)[0m  [1mSELECT  "blogs".* FROM "blogs"  ORDER BY "blogs"."id" ASC LIMIT 1 OFFSET 2[0m
  [1m[35m (0.2ms)[0m  begin transaction
  [1m[36mSQL (11.1ms)[0m  [1mINSERT INTO "posts" ("title", "content", "blog_id", "created_at", "updated_at") VALUES (?, ?, ?, ?, ?)[0m  [["title", "This is 4th Post"], ["content", "fourth post"], ["blog_id", 3], ["created_at", "2018-11-29 03:21:31.577162"], ["updated_at", "2018-11-29 03:21:31.577162"]]
  [1m[35m (14.7ms)[0m  commit transaction
  [1m[36mBlog Load (11.2ms)[0m  [1mSELECT "blogs".* FROM "blogs"[0m
  [1m[35mPost Load (3.6ms)[0m  SELECT "posts".* FROM "posts"
  [1m[36mBlog Load (3.2ms)[0m  [1mSELECT  "blogs".* FROM "blogs"  ORDER BY "blogs"."id" ASC LIMIT 1 OFFSET 3[0m
  [1m[35m (0.2ms)[0m  begin transaction
  [1m[36mSQL (14.4ms)[0m  [1mINSERT INTO "posts" ("title", "content", "blog_id", "created_at", "updated_at") VALUES (?, ?, ?, ?, ?)[0m  [["title", "This is 5th Post"], ["content", "fifth post"], ["blog_id", 4], ["created_at", "2018-11-29 03:21:54.582922"], ["updated_at", "2018-11-29 03:21:54.582922"]]
  [1m[35m (17.2ms)[0m  commit transaction
  [1m[36mBlog Load (11.3ms)[0m  [1mSELECT  "blogs".* FROM "blogs"  ORDER BY "blogs"."id" ASC LIMIT 1 OFFSET 4[0m
  [1m[35m (0.5ms)[0m  begin transaction
  [1m[36mSQL (14.4ms)[0m  [1mINSERT INTO "posts" ("title", "content", "blog_id", "created_at", "updated_at") VALUES (?, ?, ?, ?, ?)[0m  [["title", "This is 6th Post"], ["content", "sixth post"], ["blog_id", 5], ["created_at", "2018-11-29 03:22:10.174018"], ["updated_at", "2018-11-29 03:22:10.174018"]]
  [1m[35m (14.5ms)[0m  commit transaction
  [1m[36mPost Load (12.2ms)[0m  [1mSELECT "posts".* FROM "posts"[0m
  [1m[35mBlog Load (4.1ms)[0m  SELECT  "blogs".* FROM "blogs"  ORDER BY "blogs"."id" ASC LIMIT 1 OFFSET 4
  [1m[36m (0.2ms)[0m  [1mbegin transaction[0m
  [1m[35m (0.2ms)[0m  rollback transaction
  [1m[36mBlog Load (2.7ms)[0m  [1mSELECT  "blogs".* FROM "blogs"  ORDER BY "blogs"."id" ASC LIMIT 1 OFFSET 4[0m
  [1m[35m (0.1ms)[0m  begin transaction
  [1m[36m (0.1ms)[0m  [1mrollback transaction[0m
  [1m[35mBlog Load (3.4ms)[0m  SELECT  "blogs".* FROM "blogs" WHERE "blogs"."id" = ? LIMIT 1  [["id", 1]]
  [1m[36mPost Load (3.5ms)[0m  [1mSELECT "posts".* FROM "posts" WHERE "posts"."blog_id" = ?[0m  [["blog_id", 1]]
  [1m[35mBlog Load (3.4ms)[0m  SELECT  "blogs".* FROM "blogs" WHERE "blogs"."id" = ? LIMIT 1  [["id", 2]]
  [1m[36mPost Load (4.1ms)[0m  [1mSELECT "posts".* FROM "posts" WHERE "posts"."blog_id" = ?[0m  [["blog_id", 2]]
  [1m[35mPost Load (3.4ms)[0m  SELECT  "posts".* FROM "posts" WHERE "posts"."id" = ? LIMIT 1  [["id", 4]]
  [1m[36mPost Load (3.5ms)[0m  [1mSELECT  "posts".* FROM "posts" WHERE "posts"."id" = ? LIMIT 1[0m  [["id", 4]]
  [1m[35mBlog Load (3.2ms)[0m  SELECT  "blogs".* FROM "blogs" WHERE "blogs"."id" = ? LIMIT 1  [["id", 3]]
  [1m[36mBlog Load (3.6ms)[0m  [1mSELECT  "blogs".* FROM "blogs"  ORDER BY "blogs"."id" ASC LIMIT 1 OFFSET 4[0m
  [1m[35m (0.1ms)[0m  begin transaction
  [1m[36mSQL (10.7ms)[0m  [1mINSERT INTO "posts" ("title", "content", "blog_id", "created_at", "updated_at") VALUES (?, ?, ?, ?, ?)[0m  [["title", "This is not good"], ["content", "seventh post"], ["blog_id", 5], ["created_at", "2018-11-29 03:24:19.077219"], ["updated_at", "2018-11-29 03:24:19.077219"]]
  [1m[35m (12.8ms)[0m  commit transaction
  [1m[36mBlog Load (10.3ms)[0m  [1mSELECT  "blogs".* FROM "blogs"  ORDER BY "blogs"."id" ASC LIMIT 1 OFFSET 4[0m
  [1m[35m (0.1ms)[0m  begin transaction
  [1m[36mSQL (11.5ms)[0m  [1mINSERT INTO "posts" ("title", "content", "blog_id", "created_at", "updated_at") VALUES (?, ?, ?, ?, ?)[0m  [["title", "This is good"], ["content", "eighth post"], ["blog_id", 5], ["created_at", "2018-11-29 03:24:33.351915"], ["updated_at", "2018-11-29 03:24:33.351915"]]
  [1m[35m (15.6ms)[0m  commit transaction
  [1m[36mPost Load (12.2ms)[0m  [1mSELECT "posts".* FROM "posts"[0m
  [1m[35mBlog Load (3.5ms)[0m  SELECT  "blogs".* FROM "blogs"  ORDER BY "blogs"."id" DESC LIMIT 1
  [1m[36mBlog Load (3.9ms)[0m  [1mSELECT  "blogs".* FROM "blogs"  ORDER BY "blogs"."id" DESC LIMIT 1[0m
  [1m[35mPost Load (3.7ms)[0m  SELECT "posts".* FROM "posts" WHERE "posts"."blog_id" = ?  ORDER BY "posts"."title" DESC  [["blog_id", 5]]
  [1m[36mBlog Load (2.9ms)[0m  [1mSELECT  "blogs".* FROM "blogs" WHERE "blogs"."id" = ? LIMIT 1[0m  [["id", 5]]
  [1m[35mPost Load (3.4ms)[0m  SELECT "posts".* FROM "posts" WHERE "posts"."blog_id" = ?  ORDER BY "posts"."title" DESC  [["blog_id", 5]]
  [1m[36mBlog Load (3.4ms)[0m  [1mSELECT  "blogs".* FROM "blogs" WHERE "blogs"."id" = ? LIMIT 1[0m  [["id", 5]]
  [1m[35mBlog Load (3.4ms)[0m  SELECT  "blogs".* FROM "blogs"  ORDER BY "blogs"."id" ASC LIMIT 1
  [1m[36mPost Load (3.1ms)[0m  [1mSELECT "posts".* FROM "posts" WHERE "posts"."blog_id" = ?[0m  [["blog_id", 1]]
  [1m[35mBlog Load (3.5ms)[0m  SELECT  "blogs".* FROM "blogs" WHERE "blogs"."id" = ? LIMIT 1  [["id", 1]]
  [1m[36mPost Load (3.5ms)[0m  [1mSELECT "posts".* FROM "posts" WHERE "posts"."blog_id" = ?[0m  [["blog_id", 1]]
  [1m[35mBlog Load (3.2ms)[0m  SELECT  "blogs".* FROM "blogs" WHERE "blogs"."id" = ? LIMIT 1  [["id", 5]]
  [1m[36mPost Load (3.1ms)[0m  [1mSELECT "posts".* FROM "posts" WHERE "posts"."blog_id" = ?[0m  [["blog_id", 5]]
  [1m[35mBlog Load (4.0ms)[0m  SELECT  "blogs".* FROM "blogs" WHERE "blogs"."id" = ? LIMIT 1  [["id", 5]]
  [1m[36mBlog Load (3.6ms)[0m  [1mSELECT  "blogs".* FROM "blogs" WHERE "blogs"."id" = ? LIMIT 1[0m  [["id", 5]]
  [1m[35mPost Load (4.0ms)[0m  SELECT "posts".* FROM "posts" WHERE "posts"."blog_id" = ?  ORDER BY "posts"."title" DESC  [["blog_id", 5]]
  [1m[36mBlog Load (3.3ms)[0m  [1mSELECT  "blogs".* FROM "blogs" WHERE "blogs"."id" = ? LIMIT 1[0m  [["id", 5]]
  [1m[35mPost Load (4.1ms)[0m  SELECT "posts".* FROM "posts" WHERE "posts"."blog_id" = ?  ORDER BY "posts"."title" DESC  [["blog_id", 5]]
  [1m[36mBlog Load (2.8ms)[0m  [1mSELECT  "blogs".* FROM "blogs" WHERE "blogs"."id" = ? LIMIT 1[0m  [["id", 5]]
  [1m[35mPost Load (2.9ms)[0m  SELECT "posts".* FROM "posts" WHERE "posts"."blog_id" = ?  ORDER BY "posts"."title" DESC  [["blog_id", 5]]
  [1m[36mPost Load (4.0ms)[0m  [1mSELECT "posts".* FROM "posts"[0m
  [1m[35mPost Load (4.8ms)[0m  SELECT  "posts".* FROM "posts"  ORDER BY "posts"."id" ASC LIMIT 1
  [1m[36m (0.1ms)[0m  [1mbegin transaction[0m
  [1m[35mSQL (11.6ms)[0m  UPDATE "posts" SET "title" = ?, "updated_at" = ? WHERE "posts"."id" = ?  [["title", "Welcome"], ["updated_at", "2018-11-29 03:30:27.322600"], ["id", 1]]
  [1m[36m (14.3ms)[0m  [1mcommit transaction[0m
  [1m[35mPost Load (17.3ms)[0m  SELECT "posts".* FROM "posts"
  [1m[36mBlog Load (5.2ms)[0m  [1mSELECT "blogs".* FROM "blogs"[0m
  [1m[35m (0.1ms)[0m  begin transaction
  [1m[36mSQL (13.8ms)[0m  [1mINSERT INTO "blogs" ("name", "description", "created_at", "updated_at") VALUES (?, ?, ?, ?)[0m  [["name", "6th"], ["description", "OldSKool"], ["created_at", "2018-11-29 03:33:02.500255"], ["updated_at", "2018-11-29 03:33:02.500255"]]
  [1m[35m (18.6ms)[0m  commit transaction
  [1m[36mBlog Load (10.4ms)[0m  [1mSELECT "blogs".* FROM "blogs"[0m
  [1m[36mBlog Load (15.8ms)[0m  [1mSELECT "blogs".* FROM "blogs" WHERE (id < 5)[0m
  [1m[35mBlog Load (2.9ms)[0m  SELECT "blogs".* FROM "blogs" WHERE (id < 5)
  [1m[36mBlog Load (5.0ms)[0m  [1mSELECT "blogs".* FROM "blogs" WHERE (id < 3)[0m
  [1m[35mPost Load (3.1ms)[0m  SELECT "posts".* FROM "posts"
  [1m[36mPost Load (3.4ms)[0m  [1mSELECT  "posts".* FROM "posts" WHERE "posts"."id" = ? LIMIT 1[0m  [["id", 3]]
  [1m[35mSQL (21.9ms)[0m  DELETE FROM "posts" WHERE "posts"."id" = ?  [["id", 3]]
  [1m[36mBlog Load (11.1ms)[0m  [1mSELECT "blogs".* FROM "blogs"[0m
  [1m[35mPost Load (4.5ms)[0m  SELECT "posts".* FROM "posts"
  [1m[36m (0.1ms)[0m  [1mbegin transaction[0m
  [1m[35m (0.1ms)[0m  rollback transaction
  [1m[36m (0.2ms)[0m  [1mbegin transaction[0m
  [1m[35m (0.2ms)[0m  rollback transaction
  [1m[36m (0.1ms)[0m  [1mbegin transaction[0m
  [1m[35m (0.2ms)[0m  rollback transaction
  [1m[36m (0.1ms)[0m  [1mbegin transaction[0m
  [1m[35m (0.1ms)[0m  rollback transaction
  [1m[36m (0.1ms)[0m  [1mbegin transaction[0m
  [1m[35m (0.1ms)[0m  rollback transaction
  [1m[36mPost Load (5.8ms)[0m  [1mSELECT  "posts".* FROM "posts"  ORDER BY "posts"."id" ASC LIMIT 1 OFFSET 3[0m
  [1m[35m (0.1ms)[0m  begin transaction
  [1m[36m (0.1ms)[0m  [1mrollback transaction[0m
  [1m[35mPost Load (3.3ms)[0m  SELECT  "posts".* FROM "posts"  ORDER BY "posts"."id" ASC LIMIT 1 OFFSET 3
  [1m[36mBlog Load (7.7ms)[0m  [1mSELECT "blogs".* FROM "blogs"[0m
  [1m[35mPost Load (3.0ms)[0m  SELECT "posts".* FROM "posts"
  [1m[36mMessage Load (3.7ms)[0m  [1mSELECT "messages".* FROM "messages"[0m
  [1m[36m (0.1ms)[0m  [1mbegin transaction[0m
  [1m[35m (0.1ms)[0m  rollback transaction
  [1m[36mPost Load (3.8ms)[0m  [1mSELECT  "posts".* FROM "posts"  ORDER BY "posts"."id" ASC LIMIT 1[0m
  [1m[35mPost Load (4.3ms)[0m  SELECT  "posts".* FROM "posts"  ORDER BY "posts"."id" ASC LIMIT 1
  [1m[36mPost Load (3.2ms)[0m  [1mSELECT  "posts".* FROM "posts"  ORDER BY "posts"."id" ASC LIMIT 1[0m
  [1m[36mActiveRecord::SchemaMigration Load (3.3ms)[0m  [1mSELECT "schema_migrations".* FROM "schema_migrations"[0m
  [1m[35mActiveRecord::SchemaMigration Load (2.3ms)[0m  SELECT "schema_migrations".* FROM "schema_migrations"
  [1m[36m (2.4ms)[0m  [1m            SELECT sql
            FROM sqlite_master
            WHERE name='index_messages_on_post_id' AND type='index'
            UNION ALL
            SELECT sql
            FROM sqlite_temp_master
            WHERE name='index_messages_on_post_id' AND type='index'
[0m
  [1m[35m (2.8ms)[0m              SELECT sql
            FROM sqlite_master
            WHERE name='index_posts_on_blog_id' AND type='index'
            UNION ALL
            SELECT sql
            FROM sqlite_temp_master
            WHERE name='index_posts_on_blog_id' AND type='index'

  [1m[36mBlog Load (20.7ms)[0m  [1mSELECT "blogs".* FROM "blogs"[0m
  [1m[35mPost Load (3.7ms)[0m  SELECT "posts".* FROM "posts"
  [1m[36mBlog Load (3.6ms)[0m  [1mSELECT "blogs".* FROM "blogs"[0m
  [1m[35mMessage Load (3.8ms)[0m  SELECT "messages".* FROM "messages"
  [1m[36m (0.2ms)[0m  [1mbegin transaction[0m
  [1m[35m (0.1ms)[0m  rollback transaction
  [1m[36mMessage Load (3.1ms)[0m  [1mSELECT "messages".* FROM "messages"[0m
  [1m[35m (1.1ms)[0m  begin transaction
  [1m[36m (0.1ms)[0m  [1mrollback transaction[0m
  [1m[35m (0.1ms)[0m  begin transaction
  [1m[36m (0.1ms)[0m  [1mrollback transaction[0m
  [1m[35m (0.2ms)[0m  begin transaction
  [1m[36m (0.1ms)[0m  [1mrollback transaction[0m
  [1m[35m (0.2ms)[0m  begin transaction
  [1m[36m (0.1ms)[0m  [1mrollback transaction[0m
  [1m[35m (0.2ms)[0m  begin transaction
  [1m[36mSQL (11.8ms)[0m  [1mINSERT INTO "messages" ("author", "message", "created_at", "updated_at") VALUES (?, ?, ?, ?)[0m  [["author", "Sheep"], ["message", "ijwoijrwioefjiowefwef"], ["created_at", "2018-11-29 03:54:09.360818"], ["updated_at", "2018-11-29 03:54:09.360818"]]
  [1m[35m (21.4ms)[0m  commit transaction
  [1m[36mMessage Load (10.2ms)[0m  [1mSELECT "messages".* FROM "messages"[0m
  [1m[35mPost Load (3.7ms)[0m  SELECT  "posts".* FROM "posts"  ORDER BY "posts"."id" ASC LIMIT 1 OFFSET 4
  [1m[36m (0.1ms)[0m  [1mbegin transaction[0m
  [1m[35mSQL (10.3ms)[0m  INSERT INTO "messages" ("author", "message", "post_id", "created_at", "updated_at") VALUES (?, ?, ?, ?, ?)  [["author", "Sheep"], ["message", "ijwoijrwioefjiowefwef"], ["post_id", 6], ["created_at", "2018-11-29 03:54:32.081833"], ["updated_at", "2018-11-29 03:54:32.081833"]]
  [1m[36m (13.3ms)[0m  [1mcommit transaction[0m
  [1m[35mMessage Load (10.8ms)[0m  SELECT "messages".* FROM "messages"
  [1m[36mMessage Load (4.2ms)[0m  [1mSELECT  "messages".* FROM "messages" WHERE "messages"."id" = ? LIMIT 1[0m  [["id", 1]]
  [1m[35m (0.4ms)[0m  begin transaction
  [1m[36mSQL (9.0ms)[0m  [1mDELETE FROM "messages" WHERE "messages"."id" = ?[0m  [["id", 1]]
  [1m[35m (11.7ms)[0m  commit transaction
  [1m[36mMessage Load (9.8ms)[0m  [1mSELECT "messages".* FROM "messages"[0m
  [1m[35mPost Load (3.3ms)[0m  SELECT  "posts".* FROM "posts"  ORDER BY "posts"."id" ASC LIMIT 1 OFFSET 4
  [1m[36m (0.2ms)[0m  [1mbegin transaction[0m
  [1m[35mSQL (18.0ms)[0m  INSERT INTO "messages" ("author", "message", "post_id", "created_at", "updated_at") VALUES (?, ?, ?, ?, ?)  [["author", "Sheep"], ["message", "ijwoijrwioefjiowefwef"], ["post_id", 6], ["created_at", "2018-11-29 03:54:58.560740"], ["updated_at", "2018-11-29 03:54:58.560740"]]
  [1m[36m (18.2ms)[0m  [1mcommit transaction[0m
  [1m[35mPost Load (11.7ms)[0m  SELECT  "posts".* FROM "posts"  ORDER BY "posts"."id" ASC LIMIT 1 OFFSET 4
  [1m[36m (0.1ms)[0m  [1mbegin transaction[0m
  [1m[35mSQL (12.2ms)[0m  INSERT INTO "messages" ("author", "message", "post_id", "created_at", "updated_at") VALUES (?, ?, ?, ?, ?)  [["author", "Sheep"], ["message", "ijwoijrwioefjiowefwef"], ["post_id", 6], ["created_at", "2018-11-29 03:55:02.631198"], ["updated_at", "2018-11-29 03:55:02.631198"]]
  [1m[36m (13.3ms)[0m  [1mcommit transaction[0m
  [1m[35mMessage Load (5.9ms)[0m  SELECT "messages".* FROM "messages"
  [1m[36mMessage Load (6.3ms)[0m  [1mSELECT "messages".* FROM "messages"[0m
  [1m[35mBlog Load (6.9ms)[0m  SELECT "blogs".* FROM "blogs"
  [1m[36mPost Load (7.4ms)[0m  [1mSELECT "posts".* FROM "posts"[0m
  [1m[35mBlog Load (3.6ms)[0m  SELECT "blogs".* FROM "blogs" WHERE (id < 4)
  [1m[36mPost Load (7.9ms)[0m  [1mSELECT "posts".* FROM "posts"[0m
  [1m[35mBlog Load (3.4ms)[0m  SELECT "blogs".* FROM "blogs"
  [1m[36mMessage Load (3.6ms)[0m  [1mSELECT "messages".* FROM "messages"[0m
  [1m[35mPost Load (3.7ms)[0m  SELECT "posts".* FROM "posts"
  [1m[36mMessage Load (2.7ms)[0m  [1mSELECT "messages".* FROM "messages"[0m
  [1m[35mPost Load (3.6ms)[0m  SELECT  "posts".* FROM "posts" WHERE "posts"."id" = ? LIMIT 1  [["id", 6]]
  [1m[36m (0.1ms)[0m  [1mbegin transaction[0m
  [1m[35mMessage Load (2.6ms)[0m  SELECT "messages".* FROM "messages" WHERE "messages"."post_id" = ?  [["post_id", 6]]
  [1m[36mSQL (9.9ms)[0m  [1mDELETE FROM "messages" WHERE "messages"."id" = ?[0m  [["id", 2]]
  [1m[35mSQL (0.3ms)[0m  DELETE FROM "messages" WHERE "messages"."id" = ?  [["id", 3]]
  [1m[36mSQL (0.4ms)[0m  [1mDELETE FROM "messages" WHERE "messages"."id" = ?[0m  [["id", 4]]
  [1m[35mSQL (2.0ms)[0m  DELETE FROM "posts" WHERE "posts"."id" = ?  [["id", 6]]
  [1m[36m (17.3ms)[0m  [1mcommit transaction[0m
  [1m[35mMessage Load (10.2ms)[0m  SELECT "messages".* FROM "messages"
  [1m[36mBlog Load (18.7ms)[0m  [1mSELECT "blogs".* FROM "blogs"[0m
  [1m[35mPost Load (3.9ms)[0m  SELECT "posts".* FROM "posts"
  [1m[36mMessage Load (3.4ms)[0m  [1mSELECT "messages".* FROM "messages"[0m
  [1m[35mPost Load (5.1ms)[0m  SELECT "posts".* FROM "posts"
  [1m[36mBlog Load (4.1ms)[0m  [1mSELECT  "blogs".* FROM "blogs"  ORDER BY "blogs"."id" ASC LIMIT 1[0m
  [1m[35m (0.1ms)[0m  begin transaction
  [1m[36mSQL (11.4ms)[0m  [1mINSERT INTO "posts" ("title", "content", "blog_id", "created_at", "updated_at") VALUES (?, ?, ?, ?, ?)[0m  [["title", "Welcome"], ["content", "sixty post"], ["blog_id", 1], ["created_at", "2018-12-01 22:01:36.059877"], ["updated_at", "2018-12-01 22:01:36.059877"]]
  [1m[35m (17.6ms)[0m  commit transaction
  [1m[36mMessage Load (11.6ms)[0m  [1mSELECT "messages".* FROM "messages"[0m
  [1m[35m (0.6ms)[0m  begin transaction
  [1m[36m (0.1ms)[0m  [1mrollback transaction[0m
  [1m[35mPost Load (3.2ms)[0m  SELECT  "posts".* FROM "posts"  ORDER BY "posts"."id" ASC LIMIT 1
  [1m[36m (0.1ms)[0m  [1mbegin transaction[0m
  [1m[35m (0.1ms)[0m  rollback transaction
  [1m[36mPost Load (3.9ms)[0m  [1mSELECT  "posts".* FROM "posts"  ORDER BY "posts"."id" ASC LIMIT 1[0m
  [1m[35m (0.1ms)[0m  begin transaction
  [1m[36m (0.1ms)[0m  [1mrollback transaction[0m
  [1m[35mPost Load (3.2ms)[0m  SELECT  "posts".* FROM "posts"  ORDER BY "posts"."id" ASC LIMIT 1
  [1m[36m (0.1ms)[0m  [1mbegin transaction[0m
  [1m[35m (0.1ms)[0m  rollback transaction
  [1m[36mPost Load (4.3ms)[0m  [1mSELECT  "posts".* FROM "posts"  ORDER BY "posts"."id" ASC LIMIT 1[0m
  [1m[35m (0.1ms)[0m  begin transaction
  [1m[36m (0.0ms)[0m  [1mrollback transaction[0m
  [1m[35mPost Load (3.6ms)[0m  SELECT  "posts".* FROM "posts"  ORDER BY "posts"."id" ASC LIMIT 1
  [1m[36m (0.2ms)[0m  [1mbegin transaction[0m
  [1m[35m (0.1ms)[0m  rollback transaction
  [1m[36mPost Load (3.7ms)[0m  [1mSELECT  "posts".* FROM "posts"  ORDER BY "posts"."id" ASC LIMIT 1[0m
  [1m[35m (0.1ms)[0m  begin transaction
  [1m[36m (0.1ms)[0m  [1mrollback transaction[0m
  [1m[35mPost Load (3.8ms)[0m  SELECT  "posts".* FROM "posts"  ORDER BY "posts"."id" ASC LIMIT 1
  [1m[36m (0.1ms)[0m  [1mbegin transaction[0m
  [1m[35mSQL (11.7ms)[0m  INSERT INTO "messages" ("author", "message", "post_id", "created_at", "updated_at") VALUES (?, ?, ?, ?, ?)  [["author", "test"], ["message", "blahblahblaasfijasjodifdsh"], ["post_id", 1], ["created_at", "2018-12-01 22:03:57.556439"], ["updated_at", "2018-12-01 22:03:57.556439"]]
  [1m[36m (14.7ms)[0m  [1mcommit transaction[0m
  [1m[35mBlog Load (11.9ms)[0m  SELECT  "blogs".* FROM "blogs"  ORDER BY "blogs"."id" ASC LIMIT 1
  [1m[36mPost Load (3.6ms)[0m  [1mSELECT "posts".* FROM "posts" WHERE "posts"."blog_id" = ?[0m  [["blog_id", 1]]
  [1m[35mPost Load (5.9ms)[0m  SELECT "posts".* FROM "posts"
  [1m[36mBlog Load (5.1ms)[0m  [1mSELECT  "blogs".* FROM "blogs"  ORDER BY "blogs"."id" DESC LIMIT 1[0m
  [1m[35mPost Load (5.3ms)[0m  SELECT "posts".* FROM "posts" WHERE "posts"."blog_id" = ?  ORDER BY "posts"."title" DESC  [["blog_id", 8]]
  [1m[36mBlog Load (4.1ms)[0m  [1mSELECT  "blogs".* FROM "blogs"  ORDER BY "blogs"."id" ASC LIMIT 1 OFFSET 4[0m
  [1m[35mPost Load (6.5ms)[0m  SELECT "posts".* FROM "posts" WHERE "posts"."blog_id" = ?  ORDER BY "posts"."title" DESC  [["blog_id", 5]]
  [1m[36mPost Load (4.0ms)[0m  [1mSELECT  "posts".* FROM "posts"  ORDER BY "posts"."id" ASC LIMIT 1[0m
  [1m[35m (0.1ms)[0m  begin transaction
  [1m[36mSQL (13.3ms)[0m  [1mUPDATE "posts" SET "title" = ?, "updated_at" = ? WHERE "posts"."id" = ?[0m  [["title", "I changed it"], ["updated_at", "2018-12-01 22:07:26.685383"], ["id", 1]]
  [1m[35m (13.0ms)[0m  commit transaction
  [1m[36mPost Load (14.8ms)[0m  [1mSELECT  "posts".* FROM "posts"  ORDER BY "posts"."id" ASC LIMIT 1[0m
  [1m[35m (0.2ms)[0m  begin transaction
  [1m[36m (1.6ms)[0m  [1mcommit transaction[0m
  [1m[35mPost Load (3.9ms)[0m  SELECT "posts".* FROM "posts"
  [1m[36mPost Load (3.9ms)[0m  [1mSELECT "posts".* FROM "posts"[0m
  [1m[35mMessage Load (4.0ms)[0m  SELECT "messages".* FROM "messages"
  [1m[36mPost Load (3.4ms)[0m  [1mSELECT "posts".* FROM "posts"[0m
  [1m[35mPost Load (5.3ms)[0m  SELECT  "posts".* FROM "posts"  ORDER BY "posts"."id" ASC LIMIT 1
  [1m[36m (0.2ms)[0m  [1mbegin transaction[0m
  [1m[35mMessage Load (4.8ms)[0m  SELECT "messages".* FROM "messages" WHERE "messages"."post_id" = ?  [["post_id", 1]]
  [1m[36mSQL (8.3ms)[0m  [1mDELETE FROM "messages" WHERE "messages"."id" = ?[0m  [["id", 5]]
  [1m[35mSQL (1.1ms)[0m  DELETE FROM "posts" WHERE "posts"."id" = ?  [["id", 1]]
  [1m[36m (18.5ms)[0m  [1mcommit transaction[0m
  [1m[35mMessage Load (10.3ms)[0m  SELECT "messages".* FROM "messages"
  [1m[36mBlog Load (5.0ms)[0m  [1mSELECT "blogs".* FROM "blogs" WHERE (id < 5)[0m
