  [1m[36m (16.8ms)[0m  [1mCREATE TABLE "schema_migrations" ("version" varchar NOT NULL) [0m
  [1m[35m (0.1ms)[0m  select sqlite_version(*)
  [1m[36m (19.8ms)[0m  [1mCREATE UNIQUE INDEX "unique_schema_migrations" ON "schema_migrations" ("version")[0m
  [1m[35mActiveRecord::SchemaMigration Load (4.5ms)[0m  SELECT "schema_migrations".* FROM "schema_migrations"
Migrating to CreateUsers (20181128172306)
  [1m[36m (0.1ms)[0m  [1mbegin transaction[0m
  [1m[35m (9.8ms)[0m  CREATE TABLE "users" ("id" INTEGER PRIMARY KEY AUTOINCREMENT NOT NULL, "first_name" varchar, "last_name" varchar, "email" varchar, "age" integer, "created_at" datetime NOT NULL, "updated_at" datetime NOT NULL) 
  [1m[36mSQL (0.6ms)[0m  [1mINSERT INTO "schema_migrations" ("version") VALUES (?)[0m  [["version", "20181128172306"]]
  [1m[35m (10.2ms)[0m  commit transaction
  [1m[36mActiveRecord::SchemaMigration Load (2.7ms)[0m  [1mSELECT "schema_migrations".* FROM "schema_migrations"[0m


Started GET "/" for 10.0.2.2 at 2018-11-28 17:52:07 +0000
Cannot render console from 10.0.2.2! Allowed networks: 127.0.0.1, ::1, 127.0.0.0/127.255.255.255
  [1m[36mActiveRecord::SchemaMigration Load (3.0ms)[0m  [1mSELECT "schema_migrations".* FROM "schema_migrations"[0m
Processing by Rails::WelcomeController#index as HTML
  Rendered /home/vagrant/.rvm/gems/ruby-2.3.1/gems/railties-4.2.7/lib/rails/templates/rails/welcome/index.html.erb (9.8ms)
Completed 200 OK in 118ms (Views: 66.9ms | ActiveRecord: 0.0ms)
  [1m[36m (0.2ms)[0m  [1mbegin transaction[0m
  [1m[35mUser Exists (4.6ms)[0m  SELECT  1 AS one FROM "users" WHERE LOWER("users"."email") = LOWER('jon@thewall.com') LIMIT 1
  [1m[36mSQL (15.1ms)[0m  [1mINSERT INTO "users" ("first_name", "last_name", "email", "age", "created_at", "updated_at") VALUES (?, ?, ?, ?, ?, ?)[0m  [["first_name", "Jon"], ["last_name", "Stark"], ["email", "jon@thewall.com"], ["age", 17], ["created_at", "2018-11-28 17:52:54.313329"], ["updated_at", "2018-11-28 17:52:54.313329"]]
  [1m[35m (17.7ms)[0m  commit transaction
  [1m[36m (0.1ms)[0m  [1mbegin transaction[0m
  [1m[35mUser Exists (12.4ms)[0m  SELECT  1 AS one FROM "users" WHERE LOWER("users"."email") = LOWER('jonat@thewall.com') LIMIT 1
  [1m[36mSQL (10.1ms)[0m  [1mINSERT INTO "users" ("first_name", "last_name", "email", "age", "created_at", "updated_at") VALUES (?, ?, ?, ?, ?, ?)[0m  [["first_name", "Astro"], ["last_name", "Star"], ["email", "jonat@thewall.com"], ["age", 100], ["created_at", "2018-11-28 17:53:18.741887"], ["updated_at", "2018-11-28 17:53:18.741887"]]
  [1m[35m (15.5ms)[0m  commit transaction
  [1m[36m (0.1ms)[0m  [1mbegin transaction[0m
  [1m[35mUser Exists (10.6ms)[0m  SELECT  1 AS one FROM "users" WHERE LOWER("users"."email") = LOWER('jonat@thewall.com') LIMIT 1
  [1m[36m (0.3ms)[0m  [1mrollback transaction[0m
  [1m[35m (0.1ms)[0m  begin transaction
  [1m[36mUser Exists (4.4ms)[0m  [1mSELECT  1 AS one FROM "users" WHERE LOWER("users"."email") = LOWER('') LIMIT 1[0m
  [1m[35m (0.2ms)[0m  rollback transaction
  [1m[36m (0.1ms)[0m  [1mbegin transaction[0m
  [1m[35mUser Exists (3.7ms)[0m  SELECT  1 AS one FROM "users" WHERE LOWER("users"."email") = LOWER('') LIMIT 1
  [1m[36m (0.1ms)[0m  [1mrollback transaction[0m
  [1m[36m (0.1ms)[0m  [1mbegin transaction[0m
  [1m[35mUser Exists (3.3ms)[0m  SELECT  1 AS one FROM "users" WHERE LOWER("users"."email") = LOWER('jon@thewall.com') LIMIT 1
  [1m[36m (0.1ms)[0m  [1mrollback transaction[0m
  [1m[35m (0.1ms)[0m  begin transaction
  [1m[36mUser Exists (4.8ms)[0m  [1mSELECT  1 AS one FROM "users" WHERE LOWER("users"."email") = LOWER('jon@thewall.com') LIMIT 1[0m
  [1m[35m (0.1ms)[0m  rollback transaction
  [1m[36m (0.1ms)[0m  [1mbegin transaction[0m
  [1m[35mUser Exists (4.6ms)[0m  SELECT  1 AS one FROM "users" WHERE LOWER("users"."email") = LOWER('jon@thewall.com') LIMIT 1
  [1m[36m (0.2ms)[0m  [1mrollback transaction[0m
  [1m[35m (0.1ms)[0m  begin transaction
  [1m[36mUser Exists (4.7ms)[0m  [1mSELECT  1 AS one FROM "users" WHERE LOWER("users"."email") = LOWER('jon@thewall.com') LIMIT 1[0m
  [1m[35m (0.1ms)[0m  rollback transaction
  [1m[36m (0.1ms)[0m  [1mbegin transaction[0m
  [1m[35mUser Exists (4.3ms)[0m  SELECT  1 AS one FROM "users" WHERE LOWER("users"."email") = LOWER('jon@thewall.com') LIMIT 1
  [1m[36m (0.0ms)[0m  [1mrollback transaction[0m
  [1m[35m (0.1ms)[0m  begin transaction
  [1m[36mUser Exists (5.6ms)[0m  [1mSELECT  1 AS one FROM "users" WHERE LOWER("users"."email") = LOWER('jon@thewall.com') LIMIT 1[0m
  [1m[35m (0.3ms)[0m  rollback transaction
  [1m[36mUser Load (5.1ms)[0m  [1mSELECT "users".* FROM "users"[0m
  [1m[35m (0.2ms)[0m  begin transaction
  [1m[36mUser Exists (4.3ms)[0m  [1mSELECT  1 AS one FROM "users" WHERE LOWER("users"."email") = LOWER('jon@thewall.com') LIMIT 1[0m
  [1m[35m (0.3ms)[0m  rollback transaction
  [1m[36mUser Load (4.4ms)[0m  [1mSELECT "users".* FROM "users"[0m
  [1m[35m (0.1ms)[0m  begin transaction
  [1m[36mUser Exists (4.1ms)[0m  [1mSELECT  1 AS one FROM "users" WHERE LOWER("users"."email") = LOWER('') LIMIT 1[0m
  [1m[35m (0.1ms)[0m  rollback transaction
  [1m[36mUser Load (4.1ms)[0m  [1mSELECT "users".* FROM "users"[0m
  [1m[35mUser Load (3.7ms)[0m  SELECT "users".* FROM "users"
  [1m[36m (0.1ms)[0m  [1mbegin transaction[0m
  [1m[35mUser Exists (3.8ms)[0m  SELECT  1 AS one FROM "users" WHERE LOWER("users"."email") = LOWER('') LIMIT 1
  [1m[36m (0.1ms)[0m  [1mrollback transaction[0m
  [1m[35mUser Load (2.8ms)[0m  SELECT "users".* FROM "users"
  [1m[36m (0.1ms)[0m  [1mbegin transaction[0m
  [1m[35mUser Exists (3.6ms)[0m  SELECT  1 AS one FROM "users" WHERE LOWER("users"."email") = LOWER('') LIMIT 1
  [1m[36m (0.1ms)[0m  [1mrollback transaction[0m
  [1m[35m (0.1ms)[0m  begin transaction
  [1m[36mUser Exists (3.6ms)[0m  [1mSELECT  1 AS one FROM "users" WHERE LOWER("users"."email") = LOWER('') LIMIT 1[0m
  [1m[35m (0.2ms)[0m  rollback transaction
  [1m[36m (0.1ms)[0m  [1mbegin transaction[0m
  [1m[35mUser Exists (3.5ms)[0m  SELECT  1 AS one FROM "users" WHERE LOWER("users"."email") = LOWER('') LIMIT 1
  [1m[36m (0.2ms)[0m  [1mrollback transaction[0m
  [1m[35m (0.1ms)[0m  begin transaction
  [1m[36mUser Exists (4.7ms)[0m  [1mSELECT  1 AS one FROM "users" WHERE LOWER("users"."email") = LOWER('') LIMIT 1[0m
  [1m[35m (0.2ms)[0m  rollback transaction
  [1m[36m (0.1ms)[0m  [1mbegin transaction[0m
  [1m[35mUser Exists (3.8ms)[0m  SELECT  1 AS one FROM "users" WHERE LOWER("users"."email") = LOWER('shseeee') LIMIT 1
  [1m[36m (0.1ms)[0m  [1mrollback transaction[0m
  [1m[35m (0.1ms)[0m  begin transaction
  [1m[36mUser Exists (4.4ms)[0m  [1mSELECT  1 AS one FROM "users" WHERE LOWER("users"."email") = LOWER('Sheep@gmail.com') LIMIT 1[0m
  [1m[35mSQL (9.6ms)[0m  INSERT INTO "users" ("first_name", "last_name", "email", "age", "created_at", "updated_at") VALUES (?, ?, ?, ?, ?, ?)  [["first_name", "2Sheep"], ["last_name", "Meh"], ["email", "Sheep@gmail.com"], ["age", 15], ["created_at", "2018-11-28 18:04:15.225658"], ["updated_at", "2018-11-28 18:04:15.225658"]]
  [1m[36m (15.8ms)[0m  [1mcommit transaction[0m
  [1m[35mUser Load (8.5ms)[0m  SELECT "users".* FROM "users"
  [1m[36m (0.1ms)[0m  [1mbegin transaction[0m
  [1m[35mUser Exists (3.8ms)[0m  SELECT  1 AS one FROM "users" WHERE LOWER("users"."email") = LOWER('She2222ep@gmail.com') LIMIT 1
  [1m[36mSQL (7.4ms)[0m  [1mINSERT INTO "users" ("first_name", "last_name", "email", "age", "created_at", "updated_at") VALUES (?, ?, ?, ?, ?, ?)[0m  [["first_name", "555552Sheep"], ["last_name", "123Meh"], ["email", "She2222ep@gmail.com"], ["age", 1], ["created_at", "2018-11-28 18:07:18.142852"], ["updated_at", "2018-11-28 18:07:18.142852"]]
  [1m[35m (10.8ms)[0m  commit transaction
  [1m[36mUser Load (10.9ms)[0m  [1mSELECT "users".* FROM "users"[0m
  [1m[35mUser Load (3.6ms)[0m  SELECT "users".* FROM "users"
  [1m[36mUser Load (3.5ms)[0m  [1mSELECT "users".* FROM "users"[0m
  [1m[35mUser Load (3.6ms)[0m  SELECT  "users".* FROM "users"  ORDER BY "users"."id" ASC LIMIT 1
  [1m[36mUser Load (3.0ms)[0m  [1mSELECT  "users".* FROM "users"  ORDER BY "users"."id" DESC LIMIT 1[0m
  [1m[35m (0.1ms)[0m  begin transaction
  [1m[36mUser Exists (3.7ms)[0m  [1mSELECT  1 AS one FROM "users" WHERE LOWER("users"."email") = LOWER('jon@thewall.com') LIMIT 1[0m
  [1m[35m (0.2ms)[0m  rollback transaction
  [1m[36m (0.2ms)[0m  [1mbegin transaction[0m
  [1m[35mUser Exists (3.4ms)[0m  SELECT  1 AS one FROM "users" WHERE LOWER("users"."email") = LOWER('jon@thewall.com') LIMIT 1
  [1m[36m (0.2ms)[0m  [1mrollback transaction[0m
  [1m[35m (0.2ms)[0m  begin transaction
  [1m[36mUser Exists (6.1ms)[0m  [1mSELECT  1 AS one FROM "users" WHERE LOWER("users"."email") = LOWER('jon@thewall.com') LIMIT 1[0m
  [1m[35m (0.2ms)[0m  rollback transaction
  [1m[36m (0.1ms)[0m  [1mbegin transaction[0m
  [1m[35mUser Exists (4.1ms)[0m  SELECT  1 AS one FROM "users" WHERE LOWER("users"."email") = LOWER('jon@thewall.com') LIMIT 1
  [1m[36m (0.2ms)[0m  [1mrollback transaction[0m
  [1m[36mUser Load (15.1ms)[0m  [1mSELECT "users".* FROM "users"[0m
  [1m[35mUser Load (4.8ms)[0m  SELECT "users".* FROM "users"
  [1m[36m (0.1ms)[0m  [1mbegin transaction[0m
  [1m[35mUser Exists (3.7ms)[0m  SELECT  1 AS one FROM "users" WHERE LOWER("users"."email") = LOWER('jon@thewall.com') LIMIT 1
  [1m[36m (0.1ms)[0m  [1mrollback transaction[0m
  [1m[35m (1.0ms)[0m  begin transaction
  [1m[36mUser Exists (4.8ms)[0m  [1mSELECT  1 AS one FROM "users" WHERE LOWER("users"."email") = LOWER('jon@thewall.com') LIMIT 1[0m
  [1m[35m (0.1ms)[0m  rollback transaction
  [1m[36m (0.1ms)[0m  [1mbegin transaction[0m
  [1m[35mUser Exists (5.7ms)[0m  SELECT  1 AS one FROM "users" WHERE LOWER("users"."email") = LOWER('jon@thewall.com') LIMIT 1
  [1m[36m (0.1ms)[0m  [1mrollback transaction[0m
  [1m[35m (0.1ms)[0m  begin transaction
  [1m[36mUser Exists (5.3ms)[0m  [1mSELECT  1 AS one FROM "users" WHERE LOWER("users"."email") = LOWER('jon222@thewall.com') LIMIT 1[0m
  [1m[35m (0.1ms)[0m  rollback transaction
  [1m[36m (0.1ms)[0m  [1mbegin transaction[0m
  [1m[35mUser Exists (4.2ms)[0m  SELECT  1 AS one FROM "users" WHERE LOWER("users"."email") = LOWER('jon@thewall.com') LIMIT 1
  [1m[36m (0.2ms)[0m  [1mrollback transaction[0m
  [1m[35m (0.2ms)[0m  begin transaction
  [1m[36mUser Exists (4.4ms)[0m  [1mSELECT  1 AS one FROM "users" WHERE LOWER("users"."email") = LOWER('jon@thewall.com') LIMIT 1[0m
  [1m[35m (0.2ms)[0m  rollback transaction
  [1m[36mUser Load (4.1ms)[0m  [1mSELECT "users".* FROM "users"[0m
  [1m[35mUser Load (4.4ms)[0m  SELECT "users".* FROM "users"  ORDER BY "users"."created_at" DESC
  [1m[36mUser Load (4.1ms)[0m  [1mSELECT "users".* FROM "users"  ORDER BY "users"."created_at" ASC[0m
  [1m[35mUser Load (5.1ms)[0m  SELECT "users".* FROM "users"  ORDER BY "users"."first_name" DESC
  [1m[36mUser Load (3.6ms)[0m  [1mSELECT "users".* FROM "users"  ORDER BY "users"."first_name" ASC[0m
  [1m[35mUser Load (2.4ms)[0m  SELECT  "users".* FROM "users" WHERE "users"."id" = ? LIMIT 1  [["id", 3]]
  [1m[36mUser Load (3.9ms)[0m  [1mSELECT  "users".* FROM "users" WHERE "users"."id" = ? LIMIT 1[0m  [["id", 3]]
  [1m[35mUser Load (3.7ms)[0m  SELECT  "users".* FROM "users" WHERE "users"."id" = ? LIMIT 1  [["id", nil]]
  [1m[36mUser Load (3.9ms)[0m  [1mSELECT  "users".* FROM "users" WHERE "users"."id" = ? LIMIT 1[0m  [["id", nil]]
  [1m[35mUser Load (4.0ms)[0m  SELECT  "users".* FROM "users" WHERE "users"."id" = ? LIMIT 1  [["id", 3]]
  [1m[36m (0.4ms)[0m  [1mbegin transaction[0m
  [1m[35mUser Exists (3.5ms)[0m  SELECT  1 AS one FROM "users" WHERE (LOWER("users"."email") = LOWER('Sheep@gmail.com') AND "users"."id" != 3) LIMIT 1
  [1m[36mSQL (10.0ms)[0m  [1mUPDATE "users" SET "last_name" = ?, "updated_at" = ? WHERE "users"."id" = ?[0m  [["last_name", "Feh"], ["updated_at", "2018-11-28 19:52:21.588736"], ["id", 3]]
  [1m[35m (15.5ms)[0m  commit transaction
  [1m[36mUser Load (9.6ms)[0m  [1mSELECT "users".* FROM "users"[0m
  [1m[35mUser Load (4.0ms)[0m  SELECT  "users".* FROM "users" WHERE "users"."id" = ? LIMIT 1  [["id", 4]]
  [1m[36m (0.3ms)[0m  [1mbegin transaction[0m
  [1m[35mSQL (15.0ms)[0m  DELETE FROM "users" WHERE "users"."id" = ?  [["id", 4]]
  [1m[36m (13.7ms)[0m  [1mcommit transaction[0m
  [1m[35mUser Load (10.6ms)[0m  SELECT "users".* FROM "users"
  [1m[36mUser Load (3.6ms)[0m  [1mSELECT "users".* FROM "users"[0m
  [1m[35m (0.1ms)[0m  begin transaction
  [1m[36mUser Exists (4.4ms)[0m  [1mSELECT  1 AS one FROM "users" WHERE LOWER("users"."email") = LOWER('Wall@thewall.com') LIMIT 1[0m
  [1m[35m (0.1ms)[0m  rollback transaction
  [1m[36m (0.1ms)[0m  [1mbegin transaction[0m
  [1m[35mUser Exists (4.8ms)[0m  SELECT  1 AS one FROM "users" WHERE LOWER("users"."email") = LOWER('Wall@thewall.com') LIMIT 1
  [1m[36m (0.1ms)[0m  [1mrollback transaction[0m
  [1m[35m (0.1ms)[0m  begin transaction
  [1m[36mUser Exists (4.9ms)[0m  [1mSELECT  1 AS one FROM "users" WHERE LOWER("users"."email") = LOWER('Wall@thewall.com') LIMIT 1[0m
  [1m[35mSQL (7.7ms)[0m  INSERT INTO "users" ("first_name", "last_name", "email", "age", "created_at", "updated_at") VALUES (?, ?, ?, ?, ?, ?)  [["first_name", "Reddit"], ["last_name", "Memes"], ["email", "Wall@thewall.com"], ["age", 55], ["created_at", "2018-11-28 20:15:14.557015"], ["updated_at", "2018-11-28 20:15:14.557015"]]
  [1m[36m (16.8ms)[0m  [1mcommit transaction[0m
  [1m[35m (0.2ms)[0m  begin transaction
  [1m[36mUser Exists (16.6ms)[0m  [1mSELECT  1 AS one FROM "users" WHERE LOWER("users"."email") = LOWER('Wall@thewall.com') LIMIT 1[0m
  [1m[35m (0.3ms)[0m  rollback transaction
  [1m[36mUser Load (3.7ms)[0m  [1mSELECT  "users".* FROM "users"  ORDER BY "users"."id" ASC LIMIT 1[0m
  [1m[36mUser Load (16.9ms)[0m  [1mSELECT "users".* FROM "users"[0m
  [1m[35mUser Load (4.6ms)[0m  SELECT "users".* FROM "users"
  [1m[36mUser Load (3.6ms)[0m  [1mSELECT  "users".* FROM "users"  ORDER BY "users"."id" ASC LIMIT 1[0m
  [1m[35m (4.1ms)[0m  SELECT SUM("users"."age") FROM "users"
  [1m[36m (3.5ms)[0m  [1mSELECT COUNT(*) FROM "users"[0m
  [1m[35m (0.1ms)[0m  begin transaction
  [1m[36mUser Exists (2.6ms)[0m  [1mSELECT  1 AS one FROM "users" WHERE LOWER("users"."email") = LOWER('Janedoe@email.com') LIMIT 1[0m
  [1m[35mSQL (9.5ms)[0m  INSERT INTO "users" ("email", "first_name", "last_name", "age", "created_at", "updated_at") VALUES (?, ?, ?, ?, ?, ?)  [["email", "janedoe@email.com"], ["first_name", "Jane"], ["last_name", "Doe"], ["age", 35], ["created_at", "2018-11-28 20:29:52.713096"], ["updated_at", "2018-11-28 20:29:52.713096"]]
  [1m[36m (12.3ms)[0m  [1mcommit transaction[0m
  [1m[35mUser Load (15.7ms)[0m  SELECT "users".* FROM "users"
  [1m[36mActiveRecord::SchemaMigration Load (2.6ms)[0m  [1mSELECT "schema_migrations".* FROM "schema_migrations"[0m
Migrating to CreateMessages (20181128204601)
  [1m[35m (0.1ms)[0m  begin transaction
  [1m[36m (12.7ms)[0m  [1mCREATE TABLE "messages" ("id" INTEGER PRIMARY KEY AUTOINCREMENT NOT NULL, "context" text, "user_id" integer, "created_at" datetime NOT NULL, "updated_at" datetime NOT NULL) [0m
  [1m[35m (0.1ms)[0m  select sqlite_version(*)
  [1m[36m (0.3ms)[0m  [1mCREATE  INDEX "index_messages_on_user_id" ON "messages" ("user_id")[0m
  [1m[35mSQL (0.9ms)[0m  INSERT INTO "schema_migrations" ("version") VALUES (?)  [["version", "20181128204601"]]
  [1m[36m (10.3ms)[0m  [1mcommit transaction[0m
  [1m[35mActiveRecord::SchemaMigration Load (2.4ms)[0m  SELECT "schema_migrations".* FROM "schema_migrations"
  [1m[36m (2.1ms)[0m  [1m            SELECT sql
            FROM sqlite_master
            WHERE name='index_messages_on_user_id' AND type='index'
            UNION ALL
            SELECT sql
            FROM sqlite_temp_master
            WHERE name='index_messages_on_user_id' AND type='index'
[0m
  [1m[36mActiveRecord::SchemaMigration Load (4.4ms)[0m  [1mSELECT "schema_migrations".* FROM "schema_migrations"[0m
  [1m[35mActiveRecord::SchemaMigration Load (2.7ms)[0m  SELECT "schema_migrations".* FROM "schema_migrations"
  [1m[36m (2.5ms)[0m  [1m            SELECT sql
            FROM sqlite_master
            WHERE name='index_messages_on_user_id' AND type='index'
            UNION ALL
            SELECT sql
            FROM sqlite_temp_master
            WHERE name='index_messages_on_user_id' AND type='index'
[0m
  [1m[36mActiveRecord::SchemaMigration Load (2.5ms)[0m  [1mSELECT "schema_migrations".* FROM "schema_migrations"[0m
  [1m[35mActiveRecord::SchemaMigration Load (3.7ms)[0m  SELECT "schema_migrations".* FROM "schema_migrations"
  [1m[36m (2.9ms)[0m  [1m            SELECT sql
            FROM sqlite_master
            WHERE name='index_messages_on_user_id' AND type='index'
            UNION ALL
            SELECT sql
            FROM sqlite_temp_master
            WHERE name='index_messages_on_user_id' AND type='index'
[0m
  [1m[36mUser Load (17.1ms)[0m  [1mSELECT "users".* FROM "users"[0m
  [1m[35mMessage Load (3.6ms)[0m  SELECT "messages".* FROM "messages"
  [1m[36mUser Load (4.3ms)[0m  [1mSELECT  "users".* FROM "users"  ORDER BY "users"."id" ASC LIMIT 1[0m
  [1m[35mUser Load (4.2ms)[0m  SELECT  "users".* FROM "users"  ORDER BY "users"."id" ASC LIMIT 1
  [1m[36m (0.1ms)[0m  [1mbegin transaction[0m
  [1m[35mSQL (13.4ms)[0m  INSERT INTO "messages" ("context", "user_id", "created_at", "updated_at") VALUES (?, ?, ?, ?)  [["context", "This is the first message"], ["user_id", 1], ["created_at", "2018-11-28 20:50:58.325909"], ["updated_at", "2018-11-28 20:50:58.325909"]]
  [1m[36m (16.5ms)[0m  [1mcommit transaction[0m
  [1m[35mMessage Load (13.3ms)[0m  SELECT "messages".* FROM "messages"
  [1m[36mUser Load (4.1ms)[0m  [1mSELECT  "users".* FROM "users"  ORDER BY "users"."id" ASC LIMIT 1[0m
  [1m[35m (0.2ms)[0m  begin transaction
  [1m[36mSQL (14.5ms)[0m  [1mINSERT INTO "messages" ("context", "user_id", "created_at", "updated_at") VALUES (?, ?, ?, ?)[0m  [["context", "This is the second message"], ["user_id", 1], ["created_at", "2018-11-28 20:51:35.543728"], ["updated_at", "2018-11-28 20:51:35.543728"]]
  [1m[35m (19.7ms)[0m  commit transaction
  [1m[36mUser Load (16.1ms)[0m  [1mSELECT  "users".* FROM "users"  ORDER BY "users"."id" ASC LIMIT 1 OFFSET 1[0m
  [1m[35m (0.2ms)[0m  begin transaction
  [1m[36mSQL (16.3ms)[0m  [1mINSERT INTO "messages" ("context", "user_id", "created_at", "updated_at") VALUES (?, ?, ?, ?)[0m  [["context", "This is the third message"], ["user_id", 2], ["created_at", "2018-11-28 20:51:51.039423"], ["updated_at", "2018-11-28 20:51:51.039423"]]
  [1m[35m (18.1ms)[0m  commit transaction
  [1m[36mMessage Load (14.0ms)[0m  [1mSELECT "messages".* FROM "messages"[0m
  [1m[35mUser Load (5.2ms)[0m  SELECT "users".* FROM "users"
  [1m[36mMessage Load (9.4ms)[0m  [1mSELECT  "messages".* FROM "messages"  ORDER BY "messages"."id" ASC LIMIT 1[0m
  [1m[35mUser Load (3.2ms)[0m  SELECT  "users".* FROM "users" WHERE "users"."id" = ? LIMIT 1  [["id", 1]]
  [1m[36mMessage Load (4.3ms)[0m  [1mSELECT  "messages".* FROM "messages"  ORDER BY "messages"."id" ASC LIMIT 1 OFFSET 2[0m
  [1m[35mUser Load (4.2ms)[0m  SELECT  "users".* FROM "users" WHERE "users"."id" = ? LIMIT 1  [["id", 2]]
  [1m[36mUser Load (2.8ms)[0m  [1mSELECT  "users".* FROM "users"  ORDER BY "users"."id" ASC LIMIT 1[0m
  [1m[35mUser Load (5.1ms)[0m  SELECT  "users".* FROM "users"  ORDER BY "users"."id" ASC LIMIT 1
  [1m[36mMessage Load (3.6ms)[0m  [1mSELECT "messages".* FROM "messages" WHERE "messages"."user_id" = ?[0m  [["user_id", 1]]
  [1m[35mUser Load (2.4ms)[0m  SELECT  "users".* FROM "users"  ORDER BY "users"."id" ASC LIMIT 1
  [1m[36mUser Load (3.5ms)[0m  [1mSELECT * FROM messages WHERE messages.user_id = 1[0m
  [1m[35mMessage Load (4.7ms)[0m  SELECT  "messages".* FROM "messages"  ORDER BY "messages"."id" ASC LIMIT 1
  [1m[36mMessage Load (4.3ms)[0m  [1mSELECT * FROM user WHERE user_.id = 1[0m
  [1m[35mMessage Load (3.8ms)[0m  SELECT  "messages".* FROM "messages"  ORDER BY "messages"."id" ASC LIMIT 1
  [1m[36mMessage Load (4.4ms)[0m  [1mSELECT * FROM users WHERE user_.id = 1[0m
  [1m[35mMessage Load (3.9ms)[0m  SELECT  "messages".* FROM "messages"  ORDER BY "messages"."id" ASC LIMIT 1
  [1m[36mMessage Load (4.4ms)[0m  [1mSELECT * FROM users WHERE users.id = 1[0m
  [1m[36mUser Load (17.5ms)[0m  [1mSELECT "users".* FROM "users"[0m
  [1m[35mUser Load (4.6ms)[0m  SELECT "users".* FROM "users"
  [1m[36mUser Load (4.5ms)[0m  [1mSELECT "users".* FROM "users"[0m
  [1m[35mUser Load (2.8ms)[0m  SELECT  "users".* FROM "users" WHERE "users"."id" = ? LIMIT 1  [["id", 4]]
  [1m[36mUser Load (4.2ms)[0m  [1mSELECT  "users".* FROM "users" WHERE "users"."id" = ? LIMIT 1[0m  [["id", 5]]
  [1m[36mActiveRecord::SchemaMigration Load (2.8ms)[0m  [1mSELECT "schema_migrations".* FROM "schema_migrations"[0m
Migrating to CreateAddresses (20181128210248)
  [1m[35m (0.1ms)[0m  begin transaction
  [1m[36m (12.5ms)[0m  [1mCREATE TABLE "addresses" ("id" INTEGER PRIMARY KEY AUTOINCREMENT NOT NULL, "street" varchar, "city" varchar, "state" varchar, "user_id" integer, "created_at" datetime NOT NULL, "updated_at" datetime NOT NULL) [0m
  [1m[35m (0.2ms)[0m  select sqlite_version(*)
  [1m[36m (0.1ms)[0m  [1mCREATE  INDEX "index_addresses_on_user_id" ON "addresses" ("user_id")[0m
  [1m[35mSQL (1.0ms)[0m  INSERT INTO "schema_migrations" ("version") VALUES (?)  [["version", "20181128210248"]]
  [1m[36m (12.7ms)[0m  [1mcommit transaction[0m
  [1m[35mActiveRecord::SchemaMigration Load (3.3ms)[0m  SELECT "schema_migrations".* FROM "schema_migrations"
  [1m[36m (2.1ms)[0m  [1m            SELECT sql
            FROM sqlite_master
            WHERE name='index_addresses_on_user_id' AND type='index'
            UNION ALL
            SELECT sql
            FROM sqlite_temp_master
            WHERE name='index_addresses_on_user_id' AND type='index'
[0m
  [1m[35m (4.4ms)[0m              SELECT sql
            FROM sqlite_master
            WHERE name='index_messages_on_user_id' AND type='index'
            UNION ALL
            SELECT sql
            FROM sqlite_temp_master
            WHERE name='index_messages_on_user_id' AND type='index'

  [1m[36mUser Load (16.0ms)[0m  [1mSELECT "users".* FROM "users"[0m
  [1m[36mUser Load (16.6ms)[0m  [1mSELECT "users".* FROM "users"[0m
  [1m[35m (0.2ms)[0m  begin transaction
  [1m[36mUser Exists (3.2ms)[0m  [1mSELECT  1 AS one FROM "users" WHERE LOWER("users"."email") = LOWER('1@cd.com') LIMIT 1[0m
  [1m[35m (0.1ms)[0m  rollback transaction
  [1m[36m (0.1ms)[0m  [1mbegin transaction[0m
  [1m[35mUser Exists (4.2ms)[0m  SELECT  1 AS one FROM "users" WHERE LOWER("users"."email") = LOWER('1@cd.com') LIMIT 1
  [1m[36m (0.3ms)[0m  [1mrollback transaction[0m
  [1m[35mUser Load (7.4ms)[0m  SELECT "users".* FROM "users"
  [1m[36mUser Load (3.1ms)[0m  [1mSELECT "users".* FROM "users"  ORDER BY "users"."first_name" DESC[0m
  [1m[35mUser Load (2.8ms)[0m  SELECT  "users".* FROM "users" WHERE "users"."id" = ? LIMIT 1  [["id", 2]]
  [1m[36mUser Load (3.0ms)[0m  [1mSELECT  "users".* FROM "users" WHERE "users"."id" = ? LIMIT 1[0m  [["id", 1]]
  [1m[35m (0.1ms)[0m  begin transaction
  [1m[36mUser Exists (3.3ms)[0m  [1mSELECT  1 AS one FROM "users" WHERE (LOWER("users"."email") = LOWER('jon@thewall.com') AND "users"."id" != 1) LIMIT 1[0m
  [1m[35mSQL (9.5ms)[0m  UPDATE "users" SET "first_name" = ?, "updated_at" = ? WHERE "users"."id" = ?  [["first_name", "John"], ["updated_at", "2018-12-01 21:20:04.163267"], ["id", 1]]
  [1m[36m (16.1ms)[0m  [1mcommit transaction[0m
  [1m[35mUser Load (14.1ms)[0m  SELECT "users".* FROM "users"
