  [1m[36m (21.1ms)[0m  [1mCREATE TABLE "schema_migrations" ("version" varchar NOT NULL) [0m
  [1m[35m (0.1ms)[0m  select sqlite_version(*)
  [1m[36m (22.5ms)[0m  [1mCREATE UNIQUE INDEX "unique_schema_migrations" ON "schema_migrations" ("version")[0m
  [1m[35mActiveRecord::SchemaMigration Load (5.2ms)[0m  SELECT "schema_migrations".* FROM "schema_migrations"
Migrating to CreateNinjas (20181128221221)
  [1m[36m (0.1ms)[0m  [1mbegin transaction[0m
  [1m[35m (8.3ms)[0m  CREATE TABLE "ninjas" ("id" INTEGER PRIMARY KEY AUTOINCREMENT NOT NULL, "first_name" varchar, "last_name" varchar, "created_at" datetime NOT NULL, "updated_at" datetime NOT NULL) 
  [1m[36mSQL (0.7ms)[0m  [1mINSERT INTO "schema_migrations" ("version") VALUES (?)[0m  [["version", "20181128221221"]]
  [1m[35m (10.3ms)[0m  commit transaction
Migrating to CreateDojos (20181128221401)
  [1m[36m (0.1ms)[0m  [1mbegin transaction[0m
  [1m[35m (14.6ms)[0m  CREATE TABLE "dojos" ("id" INTEGER PRIMARY KEY AUTOINCREMENT NOT NULL, "name" varchar, "city" varchar, "state" varchar, "created_at" datetime NOT NULL, "updated_at" datetime NOT NULL) 
  [1m[36mSQL (1.0ms)[0m  [1mINSERT INTO "schema_migrations" ("version") VALUES (?)[0m  [["version", "20181128221401"]]
  [1m[35m (12.2ms)[0m  commit transaction
Migrating to AddDojoIdColumnToNinja (20181128221824)
  [1m[36m (0.1ms)[0m  [1mbegin transaction[0m
  [1m[35m (14.1ms)[0m  ALTER TABLE "ninjas" ADD "dojo" reference
  [1m[36mSQL (0.8ms)[0m  [1mINSERT INTO "schema_migrations" ("version") VALUES (?)[0m  [["version", "20181128221824"]]
  [1m[35m (12.6ms)[0m  commit transaction
  [1m[36mActiveRecord::SchemaMigration Load (4.0ms)[0m  [1mSELECT "schema_migrations".* FROM "schema_migrations"[0m
  [1m[36m (3.7ms)[0m  [1mSELECT "schema_migrations"."version" FROM "schema_migrations"[0m
  [1m[36mNinja Load (14.0ms)[0m  [1mSELECT "ninjas".* FROM "ninjas"[0m
  [1m[35mNinja Load (4.7ms)[0m  SELECT "ninjas".* FROM "ninjas"
  [1m[36mDojo Load (3.3ms)[0m  [1mSELECT "dojos".* FROM "dojos"[0m
  [1m[35m (0.1ms)[0m  begin transaction
  [1m[36mSQL (9.0ms)[0m  [1mINSERT INTO "dojos" ("name", "city", "state", "created_at", "updated_at") VALUES (?, ?, ?, ?, ?)[0m  [["name", "CodingDojo Silicon Valley"], ["city", "Mountain View"], ["state", "CA"], ["created_at", "2018-11-28 22:20:24.548305"], ["updated_at", "2018-11-28 22:20:24.548305"]]
  [1m[35m (12.6ms)[0m  commit transaction
  [1m[36m (0.1ms)[0m  [1mbegin transaction[0m
  [1m[35mSQL (21.6ms)[0m  INSERT INTO "dojos" ("name", "city", "state", "created_at", "updated_at") VALUES (?, ?, ?, ?, ?)  [["name", "CodingDojo Seattle"], ["city", "Seattle"], ["state", "WA"], ["created_at", "2018-11-28 22:20:49.589759"], ["updated_at", "2018-11-28 22:20:49.589759"]]
  [1m[36m (13.6ms)[0m  [1mcommit transaction[0m
  [1m[35m (0.0ms)[0m  begin transaction
  [1m[36mSQL (20.4ms)[0m  [1mINSERT INTO "dojos" ("name", "city", "state", "created_at", "updated_at") VALUES (?, ?, ?, ?, ?)[0m  [["name", "CodingDojo New York"], ["city", "New York"], ["state", "NY"], ["created_at", "2018-11-28 22:21:18.081567"], ["updated_at", "2018-11-28 22:21:18.081567"]]
  [1m[35m (12.9ms)[0m  commit transaction
  [1m[36mDojo Load (10.9ms)[0m  [1mSELECT "dojos".* FROM "dojos"[0m
  [1m[35mDojo Load (4.1ms)[0m  SELECT  "dojos".* FROM "dojos"  ORDER BY "dojos"."id" ASC LIMIT 1
  [1m[36m (0.1ms)[0m  [1mbegin transaction[0m
  [1m[35mSQL (13.5ms)[0m  INSERT INTO "ninjas" ("first_name", "last_name", "dojo", "created_at", "updated_at") VALUES (?, ?, ?, ?, ?)  [["first_name", "Sheep"], ["last_name", "Sheep"], ["dojo", 1], ["created_at", "2018-11-28 22:27:43.885286"], ["updated_at", "2018-11-28 22:27:43.885286"]]
  [1m[36m (15.1ms)[0m  [1mcommit transaction[0m
  [1m[35mNinja Load (7.9ms)[0m  SELECT  "ninjas".* FROM "ninjas" WHERE "ninjas"."id" = ? LIMIT 1  [["id", 1]]
  [1m[36mNinja Load (5.4ms)[0m  [1mSELECT "ninjas".* FROM "ninjas"[0m
  [1m[35mNinja Load (4.6ms)[0m  SELECT "ninjas".* FROM "ninjas"
  [1m[36mActiveRecord::SchemaMigration Load (2.8ms)[0m  [1mSELECT "schema_migrations".* FROM "schema_migrations"[0m
  [1m[35mActiveRecord::SchemaMigration Load (2.1ms)[0m  SELECT "schema_migrations".* FROM "schema_migrations"
  [1m[36mNinja Load (14.3ms)[0m  [1mSELECT "ninjas".* FROM "ninjas"[0m
  [1m[35mNinja Load (4.8ms)[0m  SELECT "ninjas".* FROM "ninjas"
  [1m[36mNinja Load (2.7ms)[0m  [1mSELECT  "ninjas".* FROM "ninjas" WHERE "ninjas"."id" = ? LIMIT 1[0m  [["id", 1]]
  [1m[35mSQL (21.3ms)[0m  DELETE FROM "ninjas" WHERE "ninjas"."id" = ?  [["id", 1]]
  [1m[36mNinja Load (14.1ms)[0m  [1mSELECT "ninjas".* FROM "ninjas"[0m
  [1m[35mDojo Load (3.2ms)[0m  SELECT "dojos".* FROM "dojos"
  [1m[36mDojo Load (3.7ms)[0m  [1mSELECT  "dojos".* FROM "dojos"  ORDER BY "dojos"."id" ASC LIMIT 1 OFFSET 1[0m
  [1m[35m (0.1ms)[0m  begin transaction
  [1m[36mSQL (11.0ms)[0m  [1mINSERT INTO "ninjas" ("first_name", "last_name", "dojo", "created_at", "updated_at") VALUES (?, ?, ?, ?, ?)[0m  [["first_name", "Sheep"], ["last_name", "Sheep"], ["dojo", 2], ["created_at", "2018-11-28 22:34:18.644875"], ["updated_at", "2018-11-28 22:34:18.644875"]]
  [1m[35m (16.7ms)[0m  commit transaction
  [1m[36mDojo Load (13.2ms)[0m  [1mSELECT "dojos".* FROM "dojos"[0m
  [1m[35mNinja Load (6.1ms)[0m  SELECT "ninjas".* FROM "ninjas"
  [1m[36mDojo Load (4.0ms)[0m  [1mSELECT  "dojos".* FROM "dojos"  ORDER BY "dojos"."id" ASC LIMIT 1 OFFSET 2[0m
  [1m[35m (0.1ms)[0m  begin transaction
  [1m[36mSQL (10.6ms)[0m  [1mINSERT INTO "ninjas" ("first_name", "last_name", "dojo", "created_at", "updated_at") VALUES (?, ?, ?, ?, ?)[0m  [["first_name", "Sheep1"], ["last_name", "Sheep1"], ["dojo", 3], ["created_at", "2018-11-28 22:38:05.549826"], ["updated_at", "2018-11-28 22:38:05.549826"]]
  [1m[35m (18.0ms)[0m  commit transaction
  [1m[36mNinja Load (14.0ms)[0m  [1mSELECT "ninjas".* FROM "ninjas"[0m
  [1m[35mNinja Load (4.1ms)[0m  SELECT "ninjas".* FROM "ninjas" WHERE "ninjas"."dojo" = ?  [["dojo", 2]]
  [1m[36mNinja Load (9.7ms)[0m  [1mSELECT "ninjas".* FROM "ninjas"[0m
  [1m[35mDojo Load (4.4ms)[0m  SELECT "dojos".* FROM "dojos"
  [1m[36mDojo Load (4.4ms)[0m  [1mSELECT  "dojos".* FROM "dojos" WHERE "dojos"."id" = ? LIMIT 1[0m  [["id", 1]]
  [1m[35m (0.2ms)[0m  begin transaction
  [1m[36mSQL (11.0ms)[0m  [1mDELETE FROM "dojos" WHERE "dojos"."id" = ?[0m  [["id", 1]]
  [1m[35m (15.5ms)[0m  commit transaction
  [1m[36mDojo Load (14.0ms)[0m  [1mSELECT "dojos".* FROM "dojos"[0m
  [1m[35m (0.1ms)[0m  begin transaction
  [1m[36mSQL (15.2ms)[0m  [1mINSERT INTO "dojos" ("name", "city", "state", "created_at", "updated_at") VALUES (?, ?, ?, ?, ?)[0m  [["name", "CodingDojo Silicon Valley"], ["city", "Mountain View"], ["state", "CA"], ["created_at", "2018-11-28 22:55:15.855137"], ["updated_at", "2018-11-28 22:55:15.855137"]]
  [1m[35m (14.4ms)[0m  commit transaction
  [1m[36mDojo Load (10.3ms)[0m  [1mSELECT "dojos".* FROM "dojos"[0m
  [1m[35m (0.1ms)[0m  begin transaction
  [1m[36m (0.1ms)[0m  [1mrollback transaction[0m
  [1m[35m (0.1ms)[0m  begin transaction
  [1m[36mSQL (10.2ms)[0m  [1mINSERT INTO "dojos" ("name", "city", "state", "created_at", "updated_at") VALUES (?, ?, ?, ?, ?)[0m  [["name", "CodingDojo Dallas"], ["city", "Dallas"], ["state", "TX"], ["created_at", "2018-11-28 22:58:48.411167"], ["updated_at", "2018-11-28 22:58:48.411167"]]
  [1m[35m (12.1ms)[0m  commit transaction
  [1m[36mDojo Load (10.7ms)[0m  [1mSELECT "dojos".* FROM "dojos"[0m
  [1m[35mDojo Load (3.2ms)[0m  SELECT  "dojos".* FROM "dojos"  ORDER BY "dojos"."id" ASC LIMIT 1 OFFSET 4
  [1m[36m (0.1ms)[0m  [1mbegin transaction[0m
  [1m[35mSQL (11.6ms)[0m  INSERT INTO "ninjas" ("first_name", "last_name", "created_at", "updated_at") VALUES (?, ?, ?, ?)  [["first_name", "Andrew"], ["last_name", "Andrew"], ["created_at", "2018-11-28 22:59:36.809511"], ["updated_at", "2018-11-28 22:59:36.809511"]]
  [1m[36m (13.8ms)[0m  [1mcommit transaction[0m
  [1m[35mDojo Load (10.1ms)[0m  SELECT  "dojos".* FROM "dojos"  ORDER BY "dojos"."id" ASC LIMIT 1 OFFSET 4
  [1m[36m (0.2ms)[0m  [1mbegin transaction[0m
  [1m[35mSQL (12.7ms)[0m  INSERT INTO "ninjas" ("first_name", "last_name", "created_at", "updated_at") VALUES (?, ?, ?, ?)  [["first_name", "Andrew"], ["last_name", "Andrew"], ["created_at", "2018-11-28 22:59:43.088818"], ["updated_at", "2018-11-28 22:59:43.088818"]]
  [1m[36m (16.9ms)[0m  [1mcommit transaction[0m
  [1m[35mNinja Load (10.4ms)[0m  SELECT "ninjas".* FROM "ninjas"
  [1m[36mDojo Load (4.8ms)[0m  [1mSELECT "dojos".* FROM "dojos"[0m
  [1m[35mDojo Load (5.3ms)[0m  SELECT  "dojos".* FROM "dojos" WHERE "dojos"."id" = ? LIMIT 1  [["id", 5]]
  [1m[36m (0.4ms)[0m  [1mbegin transaction[0m
  [1m[35mSQL (13.6ms)[0m  INSERT INTO "ninjas" ("first_name", "last_name", "dojo", "created_at", "updated_at") VALUES (?, ?, ?, ?, ?)  [["first_name", "Andrew"], ["last_name", "Andrew"], ["dojo", 5], ["created_at", "2018-11-28 23:00:21.057428"], ["updated_at", "2018-11-28 23:00:21.057428"]]
  [1m[36m (14.0ms)[0m  [1mcommit transaction[0m
  [1m[35mDojo Load (11.6ms)[0m  SELECT "dojos".* FROM "dojos"
  [1m[36mNinja Load (4.1ms)[0m  [1mSELECT "ninjas".* FROM "ninjas"[0m
  [1m[35mNinja Load (4.1ms)[0m  SELECT  "ninjas".* FROM "ninjas" WHERE "ninjas"."id" = ? LIMIT 1  [["id", 3]]
  [1m[36mSQL (30.3ms)[0m  [1mDELETE FROM "ninjas" WHERE "ninjas"."id" = ?[0m  [["id", 3]]
  [1m[35mNinja Load (11.6ms)[0m  SELECT "ninjas".* FROM "ninjas"
  [1m[36mNinja Load (4.6ms)[0m  [1mSELECT  "ninjas".* FROM "ninjas" WHERE "ninjas"."id" = ? LIMIT 1[0m  [["id", 5]]
  [1m[35m (0.2ms)[0m  begin transaction
  [1m[36mSQL (10.9ms)[0m  [1mDELETE FROM "ninjas" WHERE "ninjas"."id" = ?[0m  [["id", 5]]
  [1m[35m (13.7ms)[0m  commit transaction
  [1m[36mNinja Load (22.6ms)[0m  [1mSELECT "ninjas".* FROM "ninjas"[0m
  [1m[35mNinja Load (4.5ms)[0m  SELECT  "ninjas".* FROM "ninjas" WHERE "ninjas"."id" = ? LIMIT 1  [["id", 4]]
  [1m[36mSQL (30.5ms)[0m  [1mDELETE FROM "ninjas" WHERE "ninjas"."id" = ?[0m  [["id", 4]]
  [1m[35mNinja Load (9.6ms)[0m  SELECT "ninjas".* FROM "ninjas"
  [1m[36m (0.2ms)[0m  [1mbegin transaction[0m
  [1m[35m (0.1ms)[0m  rollback transaction
  [1m[36m (0.1ms)[0m  [1mbegin transaction[0m
  [1m[35mSQL (11.8ms)[0m  INSERT INTO "ninjas" ("first_name", "last_name", "created_at", "updated_at") VALUES (?, ?, ?, ?)  [["first_name", "H"], ["last_name", "IU"], ["created_at", "2018-11-28 23:01:46.794809"], ["updated_at", "2018-11-28 23:01:46.794809"]]
  [1m[36m (17.1ms)[0m  [1mcommit transaction[0m
  [1m[35mNinja Load (9.5ms)[0m  SELECT "ninjas".* FROM "ninjas"
  [1m[36mNinja Load (5.6ms)[0m  [1mSELECT  "ninjas".* FROM "ninjas" WHERE "ninjas"."id" = ? LIMIT 1[0m  [["id", 7]]
  [1m[35mSQL (29.7ms)[0m  DELETE FROM "ninjas" WHERE "ninjas"."id" = ?  [["id", 7]]
  [1m[36mNinja Load (15.9ms)[0m  [1mSELECT "ninjas".* FROM "ninjas"[0m
  [1m[35mDojo Load (4.5ms)[0m  SELECT "dojos".* FROM "dojos"
  [1m[36mDojo Load (2.7ms)[0m  [1mSELECT  "dojos".* FROM "dojos" WHERE "dojos"."id" = ? LIMIT 1[0m  [["id", 4]]
  [1m[35m (0.1ms)[0m  begin transaction
  [1m[36mSQL (10.3ms)[0m  [1mINSERT INTO "ninjas" ("first_name", "last_name", "dojo", "created_at", "updated_at") VALUES (?, ?, ?, ?, ?)[0m  [["first_name", "H"], ["last_name", "UI"], ["dojo", 4], ["created_at", "2018-11-28 23:03:24.709400"], ["updated_at", "2018-11-28 23:03:24.709400"]]
  [1m[35m (16.9ms)[0m  commit transaction
  [1m[36mNinja Load (11.0ms)[0m  [1mSELECT "ninjas".* FROM "ninjas"[0m
  [1m[35mDojo Load (4.0ms)[0m  SELECT  "dojos".* FROM "dojos" WHERE "dojos"."id" = ? LIMIT 1  [["id", 4]]
  [1m[36m (0.1ms)[0m  [1mbegin transaction[0m
  [1m[35mSQL (10.5ms)[0m  INSERT INTO "ninjas" ("first_name", "last_name", "dojo", "created_at", "updated_at") VALUES (?, ?, ?, ?, ?)  [["first_name", "Hello"], ["last_name", "2nd"], ["dojo", 4], ["created_at", "2018-11-28 23:04:03.576961"], ["updated_at", "2018-11-28 23:04:03.576961"]]
  [1m[36m (14.5ms)[0m  [1mcommit transaction[0m
  [1m[35mNinja Load (10.1ms)[0m  SELECT "ninjas".* FROM "ninjas"
  [1m[36mDojo Load (4.4ms)[0m  [1mSELECT  "dojos".* FROM "dojos" WHERE "dojos"."id" = ? LIMIT 1[0m  [["id", 2]]
  [1m[35m (0.2ms)[0m  begin transaction
  [1m[36mSQL (13.4ms)[0m  [1mINSERT INTO "ninjas" ("first_name", "last_name", "dojo", "created_at", "updated_at") VALUES (?, ?, ?, ?, ?)[0m  [["first_name", "Walmart"], ["last_name", "2nd"], ["dojo", 2], ["created_at", "2018-11-28 23:04:21.515404"], ["updated_at", "2018-11-28 23:04:21.515404"]]
  [1m[35m (16.0ms)[0m  commit transaction
  [1m[36mDojo Load (11.2ms)[0m  [1mSELECT  "dojos".* FROM "dojos" WHERE "dojos"."id" = ? LIMIT 1[0m  [["id", 5]]
  [1m[35m (0.1ms)[0m  begin transaction
  [1m[36mSQL (14.9ms)[0m  [1mINSERT INTO "ninjas" ("first_name", "last_name", "dojo", "created_at", "updated_at") VALUES (?, ?, ?, ?, ?)[0m  [["first_name", "Target"], ["last_name", "1st"], ["dojo", 5], ["created_at", "2018-11-28 23:04:39.014016"], ["updated_at", "2018-11-28 23:04:39.014016"]]
  [1m[35m (16.8ms)[0m  commit transaction
  [1m[36mNinja Load (9.9ms)[0m  [1mSELECT "ninjas".* FROM "ninjas"[0m
  [1m[35mNinja Load (4.2ms)[0m  SELECT "ninjas".* FROM "ninjas"
  [1m[36mDojo Load (4.4ms)[0m  [1mSELECT "dojos".* FROM "dojos"[0m
  [1m[35mNinja Load (5.6ms)[0m  SELECT "ninjas".* FROM "ninjas"
  [1m[36mNinja Load (3.5ms)[0m  [1mSELECT  "ninjas".* FROM "ninjas"  ORDER BY "ninjas"."id" ASC LIMIT 1[0m
  [1m[35mNinja Load (3.7ms)[0m  SELECT  "ninjas".* FROM "ninjas"  ORDER BY "ninjas"."id" ASC LIMIT 1 OFFSET 1
  [1m[36mNinja Load (3.0ms)[0m  [1mSELECT  "ninjas".* FROM "ninjas" WHERE "ninjas"."id" = ? LIMIT 1[0m  [["id", 8]]
  [1m[35mDojo Load (3.0ms)[0m  SELECT  "dojos".* FROM "dojos" WHERE "dojos"."id" = ? LIMIT 1  [["id", 2]]
  [1m[36mDojo Load (3.6ms)[0m  [1mSELECT  "dojos".* FROM "dojos" WHERE "dojos"."id" = ? LIMIT 1[0m  [["id", 2]]
  [1m[35mNinja Load (3.7ms)[0m  SELECT "ninjas".* FROM "ninjas"
  [1m[36mDojo Load (4.2ms)[0m  [1mSELECT "dojos".* FROM "dojos"[0m
  [1m[35mDojo Load (4.4ms)[0m  SELECT  "dojos".* FROM "dojos" WHERE "dojos"."id" = ? LIMIT 1  [["id", 2]]
  [1m[36mDojo Load (4.4ms)[0m  [1mSELECT  "dojos".* FROM "dojos" WHERE "dojos"."id" = ? LIMIT 1[0m  [["id", nil]]
  [1m[35mDojo Load (5.7ms)[0m  SELECT  "dojos".* FROM "dojos" WHERE "dojos"."id" = ? LIMIT 1  [["id", 4]]
  [1m[36mDojo Load (4.2ms)[0m  [1mSELECT  "dojos".* FROM "dojos" WHERE "dojos"."id" = ? LIMIT 1[0m  [["id", 4]]
  [1m[35mNinja Load (4.6ms)[0m  SELECT "ninjas".* FROM "ninjas" WHERE "ninjas"."dojo_id" = ?  [[nil, 4]]
  [1m[36mDojo Load (4.9ms)[0m  [1mSELECT "dojos".* FROM "dojos"[0m
  [1m[35mNinja Load (3.7ms)[0m  SELECT  "ninjas".* FROM "ninjas"  ORDER BY "ninjas"."id" ASC LIMIT 1
  [1m[36mNinja Load (4.5ms)[0m  [1mSELECT  "ninjas".* FROM "ninjas"  ORDER BY "ninjas"."id" ASC LIMIT 1[0m
  [1m[35mNinja Load (3.2ms)[0m  SELECT  "ninjas".* FROM "ninjas" WHERE "ninjas"."id" = ? LIMIT 1  [["id", 8]]
  [1m[36mDojo Load (4.1ms)[0m  [1mSELECT  "dojos".* FROM "dojos" WHERE "dojos"."id" = ? LIMIT 1[0m  [["id", 4]]
  [1m[35mNinja Load (4.7ms)[0m  SELECT "ninjas".* FROM "ninjas" WHERE "ninjas"."dojo_id" = ?  [[nil, 4]]
  [1m[36mDojo Load (3.9ms)[0m  [1mSELECT "dojos".* FROM "dojos"[0m
  [1m[35mDojo Load (4.5ms)[0m  SELECT  "dojos".* FROM "dojos"  ORDER BY "dojos"."id" ASC LIMIT 1
  [1m[36mNinja Load (3.9ms)[0m  [1mSELECT "ninjas".* FROM "ninjas" WHERE "ninjas"."dojo_id" = ?[0m  [[nil, 2]]
  [1m[35mDojo Load (4.3ms)[0m  SELECT  "dojos".* FROM "dojos" WHERE "dojos"."id" = ? LIMIT 1  [["id", 3]]
  [1m[36mNinja Load (4.4ms)[0m  [1mSELECT "ninjas".* FROM "ninjas" WHERE "ninjas"."dojo_id" = ?[0m  [[nil, 3]]
  [1m[35mDojo Load (4.1ms)[0m  SELECT  "dojos".* FROM "dojos" WHERE "dojos"."id" = ? LIMIT 1  [["id", 3]]
  [1m[36mNinja Load (4.0ms)[0m  [1mSELECT "ninjas".* FROM "ninjas"[0m
  [1m[35mDojo Load (4.4ms)[0m  SELECT "dojos".* FROM "dojos"
  [1m[36mDojo Load (4.2ms)[0m  [1mSELECT  "dojos".* FROM "dojos"  ORDER BY "dojos"."id" ASC LIMIT 1 OFFSET 1[0m
  [1m[35mDojo Load (4.0ms)[0m  SELECT  "dojos".* FROM "dojos"  ORDER BY "dojos"."id" ASC LIMIT 1 OFFSET 1
  [1m[36mNinja Load (4.0ms)[0m  [1mSELECT "ninjas".* FROM "ninjas" WHERE "ninjas"."dojo_id" = ?[0m  [[nil, 3]]
  [1m[35mDojo Load (4.3ms)[0m  SELECT  "dojos".* FROM "dojos"  ORDER BY "dojos"."id" DESC LIMIT 1
  [1m[36mNinja Load (4.7ms)[0m  [1mSELECT "ninjas".* FROM "ninjas" WHERE "ninjas"."dojo_id" = ?[0m  [[nil, 5]]
  [1m[35mNinja Load (3.9ms)[0m  SELECT  "ninjas".* FROM "ninjas" WHERE "ninjas"."id" = ? LIMIT 1  [["id", 8]]
  [1m[36mActiveRecord::SchemaMigration Load (2.3ms)[0m  [1mSELECT "schema_migrations".* FROM "schema_migrations"[0m
  [1m[35mActiveRecord::SchemaMigration Load (2.0ms)[0m  SELECT "schema_migrations".* FROM "schema_migrations"
Migrating to AddDojoIdColumnToNinja (20181128221824)
  [1m[36m (0.1ms)[0m  [1mbegin transaction[0m
  [1m[35m (0.2ms)[0m  rollback transaction
  [1m[36mActiveRecord::SchemaMigration Load (2.3ms)[0m  [1mSELECT "schema_migrations".* FROM "schema_migrations"[0m
  [1m[35mActiveRecord::SchemaMigration Load (2.0ms)[0m  SELECT "schema_migrations".* FROM "schema_migrations"
Migrating to AddDojoIdColumnToNinja (20181128221824)
  [1m[36m (0.1ms)[0m  [1mbegin transaction[0m
  [1m[35m (0.1ms)[0m  rollback transaction
  [1m[36m (3.0ms)[0m  [1mSELECT "schema_migrations"."version" FROM "schema_migrations"[0m
  [1m[36mActiveRecord::SchemaMigration Load (2.2ms)[0m  [1mSELECT "schema_migrations".* FROM "schema_migrations"[0m
  [1m[35mActiveRecord::SchemaMigration Load (2.0ms)[0m  SELECT "schema_migrations".* FROM "schema_migrations"
Migrating to AddDojoIdColumnToNinja (20181128221824)
  [1m[36m (0.1ms)[0m  [1mbegin transaction[0m
  [1m[35m (0.1ms)[0m  rollback transaction
  [1m[36m (2.8ms)[0m  [1mSELECT "schema_migrations"."version" FROM "schema_migrations"[0m
  [1m[36mActiveRecord::SchemaMigration Load (2.3ms)[0m  [1mSELECT "schema_migrations".* FROM "schema_migrations"[0m
  [1m[35m (0.1ms)[0m  begin transaction
  [1m[36m (0.1ms)[0m  [1mrollback transaction[0m
  [1m[36mActiveRecord::SchemaMigration Load (2.5ms)[0m  [1mSELECT "schema_migrations".* FROM "schema_migrations"[0m
  [1m[35mActiveRecord::SchemaMigration Load (2.3ms)[0m  SELECT "schema_migrations".* FROM "schema_migrations"
  [1m[36mActiveRecord::SchemaMigration Load (2.7ms)[0m  [1mSELECT "schema_migrations".* FROM "schema_migrations"[0m
Migrating to FixColumnDojoId (20181128233131)
  [1m[35m (0.1ms)[0m  begin transaction
  [1m[36m (0.3ms)[0m  [1mrollback transaction[0m
  [1m[36mActiveRecord::SchemaMigration Load (2.2ms)[0m  [1mSELECT "schema_migrations".* FROM "schema_migrations"[0m
Migrating to FixColumnDojoId (20181128233131)
  [1m[35m (0.3ms)[0m  begin transaction
  [1m[36m (0.4ms)[0m  [1mrollback transaction[0m
  [1m[36mActiveRecord::SchemaMigration Load (5.2ms)[0m  [1mSELECT "schema_migrations".* FROM "schema_migrations"[0m
Migrating to FixColumnDojoId (20181128233131)
  [1m[35m (0.1ms)[0m  begin transaction
  [1m[36m (0.2ms)[0m  [1mrollback transaction[0m
  [1m[36mNinja Load (33.5ms)[0m  [1mSELECT "ninjas".* FROM "ninjas"[0m
  [1m[35mDojo Load (3.7ms)[0m  SELECT "dojos".* FROM "dojos"
  [1m[36mDojo Load (9.1ms)[0m  [1mSELECT  "dojos".* FROM "dojos" WHERE "dojos"."id" = ? LIMIT 1[0m  [["id", 2]]
  [1m[35mNinja Load (3.5ms)[0m  SELECT "ninjas".* FROM "ninjas" WHERE "ninjas"."dojo_id" = ?  [["dojo_id", 2]]
  [1m[36mDojo Load (3.6ms)[0m  [1mSELECT  "dojos".* FROM "dojos" WHERE "dojos"."id" = ? LIMIT 1[0m  [["id", 4]]
  [1m[35mDojo Load (4.4ms)[0m  SELECT  "dojos".* FROM "dojos" WHERE "dojos"."id" = ? LIMIT 1  [["id", 4]]
  [1m[36mNinja Load (3.5ms)[0m  [1mSELECT "ninjas".* FROM "ninjas" WHERE "ninjas"."dojo_id" = ?[0m  [["dojo_id", 4]]
  [1m[35mDojo Load (3.8ms)[0m  SELECT "dojos".* FROM "dojos"
  [1m[36mDojo Load (3.7ms)[0m  [1mSELECT  "dojos".* FROM "dojos" WHERE "dojos"."id" = ? LIMIT 1[0m  [["id", 2]]
  [1m[35mNinja Load (4.1ms)[0m  SELECT "ninjas".* FROM "ninjas" WHERE "ninjas"."dojo_id" = ?  ORDER BY "ninjas"."first_name" DESC  [["dojo_id", 2]]
  [1m[36mDojo Load (4.5ms)[0m  [1mSELECT  "dojos".* FROM "dojos" WHERE "dojos"."id" = ? LIMIT 1[0m  [["id", 2]]
  [1m[35mNinja Load (4.8ms)[0m  SELECT "ninjas".* FROM "ninjas" WHERE "ninjas"."dojo_id" = ?  ORDER BY "ninjas"."first_name" DESC  [["dojo_id", 2]]
  [1m[36mDojo Load (3.7ms)[0m  [1mSELECT  "dojos".* FROM "dojos" WHERE "dojos"."id" = ? LIMIT 1[0m  [["id", 3]]
  [1m[35mNinja Load (3.9ms)[0m  SELECT "ninjas".* FROM "ninjas" WHERE "ninjas"."dojo_id" = ?  ORDER BY "ninjas"."first_name" DESC  [["dojo_id", 3]]
  [1m[36mDojo Load (3.7ms)[0m  [1mSELECT  "dojos".* FROM "dojos" WHERE "dojos"."id" = ? LIMIT 1[0m  [["id", 4]]
  [1m[35mNinja Load (4.0ms)[0m  SELECT "ninjas".* FROM "ninjas" WHERE "ninjas"."dojo_id" = ?  ORDER BY "ninjas"."first_name" DESC  [["dojo_id", 4]]
  [1m[36mDojo Load (4.1ms)[0m  [1mSELECT  "dojos".* FROM "dojos" WHERE "dojos"."id" = ? LIMIT 1[0m  [["id", 5]]
  [1m[35mNinja Load (3.5ms)[0m  SELECT "ninjas".* FROM "ninjas" WHERE "ninjas"."dojo_id" = ?  ORDER BY "ninjas"."first_name" DESC  [["dojo_id", 5]]
  [1m[36mDojo Load (20.5ms)[0m  [1mSELECT "dojos".* FROM "dojos"[0m
  [1m[35mNinja Load (3.4ms)[0m  SELECT "ninjas".* FROM "ninjas"
  [1m[36mNinja Load (3.9ms)[0m  [1mSELECT "ninjas".* FROM "ninjas"[0m
  [1m[35mDojo Load (4.0ms)[0m  SELECT "dojos".* FROM "dojos"
  [1m[36m (0.1ms)[0m  [1mbegin transaction[0m
  [1m[35mSQL (13.6ms)[0m  INSERT INTO "dojos" ("name", "city", "state", "created_at", "updated_at") VALUES (?, ?, ?, ?, ?)  [["name", "CD"], ["city", "Boise"], ["state", "ID"], ["created_at", "2018-12-01 21:39:15.466886"], ["updated_at", "2018-12-01 21:39:15.466886"]]
  [1m[36m (12.9ms)[0m  [1mcommit transaction[0m
  [1m[35m (0.1ms)[0m  begin transaction
  [1m[36m (0.1ms)[0m  [1mrollback transaction[0m
  [1m[35m (0.1ms)[0m  begin transaction
  [1m[36m (0.1ms)[0m  [1mrollback transaction[0m
  [1m[35m (0.1ms)[0m  begin transaction
  [1m[36m (0.1ms)[0m  [1mrollback transaction[0m
  [1m[35mNinja Load (8.9ms)[0m  SELECT "ninjas".* FROM "ninjas"
  [1m[36mDojo Load (3.5ms)[0m  [1mSELECT  "dojos".* FROM "dojos"  ORDER BY "dojos"."id" ASC LIMIT 1[0m
  [1m[35mDojo Load (4.0ms)[0m  SELECT  "dojos".* FROM "dojos"  ORDER BY "dojos"."id" ASC LIMIT 1
  [1m[36mNinja Load (2.9ms)[0m  [1mSELECT "ninjas".* FROM "ninjas" WHERE "ninjas"."dojo_id" = ?[0m  [["dojo_id", 2]]
  [1m[35mDojo Load (4.2ms)[0m  SELECT  "dojos".* FROM "dojos"  ORDER BY "dojos"."id" ASC LIMIT 1 OFFSET 1
  [1m[36mNinja Load (3.6ms)[0m  [1mSELECT "ninjas".* FROM "ninjas" WHERE "ninjas"."dojo_id" = ?[0m  [["dojo_id", 3]]
  [1m[35mDojo Load (4.1ms)[0m  SELECT  "dojos".* FROM "dojos"  ORDER BY "dojos"."id" ASC LIMIT 1 OFFSET 1
  [1m[36mNinja Load (3.5ms)[0m  [1mSELECT "ninjas".* FROM "ninjas" WHERE "ninjas"."dojo_id" = ?[0m  [["dojo_id", 3]]
  [1m[35mDojo Load (3.9ms)[0m  SELECT  "dojos".* FROM "dojos"  ORDER BY "dojos"."id" ASC LIMIT 1 OFFSET 2
  [1m[36mNinja Load (3.8ms)[0m  [1mSELECT "ninjas".* FROM "ninjas" WHERE "ninjas"."dojo_id" = ?[0m  [["dojo_id", 4]]
  [1m[35mDojo Load (4.1ms)[0m  SELECT  "dojos".* FROM "dojos"  ORDER BY "dojos"."id" ASC LIMIT 1 OFFSET 2
  [1m[36mNinja Load (3.6ms)[0m  [1mSELECT "ninjas".* FROM "ninjas" WHERE "ninjas"."dojo_id" = ?[0m  [["dojo_id", 4]]
  [1m[35mDojo Load (4.1ms)[0m  SELECT  "dojos".* FROM "dojos"  ORDER BY "dojos"."id" ASC LIMIT 1 OFFSET 2
  [1m[36mNinja Load (3.9ms)[0m  [1mSELECT "ninjas".* FROM "ninjas" WHERE "ninjas"."dojo_id" = ?[0m  [["dojo_id", 4]]
  [1m[35mDojo Load (3.0ms)[0m  SELECT  "dojos".* FROM "dojos"  ORDER BY "dojos"."id" ASC LIMIT 1 OFFSET 2
  [1m[36mDojo Load (3.1ms)[0m  [1mSELECT  "dojos".* FROM "dojos"  ORDER BY "dojos"."id" ASC LIMIT 1 OFFSET 2[0m
  [1m[35mDojo Load (3.6ms)[0m  SELECT  "dojos".* FROM "dojos"  ORDER BY "dojos"."id" ASC LIMIT 1 OFFSET 2
  [1m[36mNinja Load (3.9ms)[0m  [1mSELECT "ninjas".* FROM "ninjas"[0m
  [1m[35mNinja Load (4.1ms)[0m  SELECT "ninjas".* FROM "ninjas"
  [1m[36mDojo Load (4.0ms)[0m  [1mSELECT  "dojos".* FROM "dojos"  ORDER BY "dojos"."id" ASC LIMIT 1 OFFSET 2[0m
  [1m[35mNinja Load (3.7ms)[0m  SELECT * FROM "ninjas" WHERE "ninjas"."dojo_id" = ?  [["dojo_id", 4]]
  [1m[36mDojo Load (4.7ms)[0m  [1mSELECT  "dojos".* FROM "dojos"  ORDER BY "dojos"."id" ASC LIMIT 1 OFFSET 2[0m
  [1m[35mDojo Load (4.0ms)[0m  SELECT  "dojos".* FROM "dojos"  ORDER BY "dojos"."id" ASC LIMIT 1 OFFSET 2
  [1m[36mDojo Load (4.3ms)[0m  [1mSELECT  "dojos".* FROM "dojos"  ORDER BY "dojos"."id" ASC LIMIT 1 OFFSET 2[0m
  [1m[35mDojo Load (4.2ms)[0m  SELECT  "dojos".* FROM "dojos"  ORDER BY "dojos"."id" ASC LIMIT 1 OFFSET 2
  [1m[36mDojo Load (3.1ms)[0m  [1mSELECT  "dojos".* FROM "dojos"  ORDER BY "dojos"."id" ASC LIMIT 1 OFFSET 2[0m
  [1m[35mNinja Load (4.3ms)[0m  SELECT "ninjas".* FROM "ninjas"
  [1m[36mDojo Load (3.8ms)[0m  [1mSELECT  "dojos".* FROM "dojos"  ORDER BY "dojos"."id" ASC LIMIT 1 OFFSET 2[0m
  [1m[35mNinja Load (3.9ms)[0m  SELECT "ninjas".* FROM "ninjas" WHERE "ninjas"."dojo_id" = ?  ORDER BY "ninjas"."created_at" DESC  [["dojo_id", 4]]
  [1m[36mDojo Load (3.9ms)[0m  [1mSELECT  "dojos".* FROM "dojos"  ORDER BY "dojos"."id" ASC LIMIT 1 OFFSET 2[0m
  [1m[35mNinja Load (3.9ms)[0m  SELECT * FROM "ninjas" WHERE "ninjas"."dojo_id" = ?  ORDER BY "ninjas"."created_at" DESC  [["dojo_id", 4]]
  [1m[36mDojo Load (3.9ms)[0m  [1mSELECT  "dojos".* FROM "dojos"  ORDER BY "dojos"."id" ASC LIMIT 1 OFFSET 2[0m
  [1m[35mDojo Load (4.3ms)[0m  SELECT  "dojos".* FROM "dojos"  ORDER BY "dojos"."id" ASC LIMIT 1 OFFSET 2
  [1m[36mDojo Load (3.6ms)[0m  [1mSELECT  "dojos".* FROM "dojos"  ORDER BY "dojos"."id" ASC LIMIT 1 OFFSET 2[0m
  [1m[35mDojo Load (3.9ms)[0m  SELECT  "dojos".* FROM "dojos"  ORDER BY "dojos"."id" ASC LIMIT 1 OFFSET 2
  [1m[36mDojo Load (3.6ms)[0m  [1mSELECT  "dojos".* FROM "dojos"  ORDER BY "dojos"."id" ASC LIMIT 1 OFFSET 2[0m
  [1m[35mNinja Load (3.5ms)[0m  SELECT * FROM "ninjas" WHERE "ninjas"."dojo_id" = ?  ORDER BY "ninjas"."created_at" DESC  [["dojo_id", 4]]
  [1m[36mDojo Load (3.7ms)[0m  [1mSELECT  "dojos".* FROM "dojos"  ORDER BY "dojos"."id" ASC LIMIT 1 OFFSET 2[0m
  [1m[35mNinja Load (3.7ms)[0m  SELECT "ninjas"."first_name" FROM "ninjas" WHERE "ninjas"."dojo_id" = ?  ORDER BY "ninjas"."created_at" DESC  [["dojo_id", 4]]
  [1m[36mNinja Load (3.9ms)[0m  [1mSELECT "ninjas".* FROM "ninjas"[0m
  [1m[35mDojo Load (3.3ms)[0m  SELECT "dojos".* FROM "dojos"
  [1m[36mDojo Load (3.8ms)[0m  [1mSELECT  "dojos".* FROM "dojos" WHERE "dojos"."id" = ? LIMIT 1[0m  [["id", 4]]
  [1m[35m (0.1ms)[0m  begin transaction
  [1m[36mSQL (13.2ms)[0m  [1mDELETE FROM "dojos" WHERE "dojos"."id" = ?[0m  [["id", 4]]
  [1m[35m (20.2ms)[0m  commit transaction
  [1m[36mNinja Load (11.4ms)[0m  [1mSELECT "ninjas".* FROM "ninjas"[0m
  [1m[35mDojo Load (3.0ms)[0m  SELECT  "dojos".* FROM "dojos" WHERE "dojos"."id" = ? LIMIT 1  [["id", 4]]
  [1m[36mNinja Load (2.9ms)[0m  [1mSELECT "ninjas".* FROM "ninjas"[0m
  [1m[35mNinja Load (5.3ms)[0m  SELECT "ninjas".* FROM "ninjas"
  [1m[36mDojo Load (3.3ms)[0m  [1mSELECT  "dojos".* FROM "dojos" WHERE "dojos"."id" = ? LIMIT 1[0m  [["id", 4]]
  [1m[35mDojo Load (11.2ms)[0m  SELECT "dojos".* FROM "dojos"
  [1m[36mDojo Load (3.6ms)[0m  [1mSELECT  "dojos".* FROM "dojos" WHERE "dojos"."id" = ? LIMIT 1[0m  [["id", 6]]
  [1m[35mDojo Load (3.0ms)[0m  SELECT  "dojos".* FROM "dojos" WHERE "dojos"."id" = ? LIMIT 1  [["id", 6]]
  [1m[36mDojo Load (2.9ms)[0m  [1mSELECT "dojos".* FROM "dojos"[0m
  [1m[35mDojo Load (4.4ms)[0m  SELECT  "dojos".* FROM "dojos" WHERE "dojos"."id" = ? LIMIT 1  [["id", 6]]
  [1m[36mNinja Load (7.0ms)[0m  [1mSELECT "ninjas".* FROM "ninjas"[0m
  [1m[35mDojo Load (3.2ms)[0m  SELECT  "dojos".* FROM "dojos" WHERE "dojos"."id" = ? LIMIT 1  [["id", 6]]
  [1m[36mDojo Load (4.7ms)[0m  [1mSELECT  "dojos".* FROM "dojos" WHERE "dojos"."id" = ? LIMIT 1[0m  [["id", 2]]
  [1m[35mDojo Load (4.2ms)[0m  SELECT  "dojos".* FROM "dojos"  ORDER BY "dojos"."id" ASC LIMIT 1 OFFSET 1
  [1m[36mDojo Load (4.2ms)[0m  [1mSELECT  "dojos".* FROM "dojos"  ORDER BY "dojos"."id" DESC LIMIT 1[0m
  [1m[35mDojo Load (4.1ms)[0m  SELECT  "dojos".* FROM "dojos"  ORDER BY "dojos"."id" DESC LIMIT 1
  [1m[36m (0.1ms)[0m  [1mbegin transaction[0m
  [1m[35mSQL (11.5ms)[0m  INSERT INTO "ninjas" ("first_name", "last_name", "dojo_id", "created_at", "updated_at") VALUES (?, ?, ?, ?, ?)  [["first_name", "delete"], ["last_name", "delete"], ["dojo_id", 6], ["created_at", "2018-12-01 21:52:04.623409"], ["updated_at", "2018-12-01 21:52:04.623409"]]
  [1m[36m (12.6ms)[0m  [1mcommit transaction[0m
  [1m[35mDojo Load (10.4ms)[0m  SELECT  "dojos".* FROM "dojos"  ORDER BY "dojos"."id" DESC LIMIT 1
  [1m[36mDojo Load (3.8ms)[0m  [1mSELECT "dojos".* FROM "dojos"[0m
  [1m[35mNinja Load (4.1ms)[0m  SELECT "ninjas".* FROM "ninjas"
  [1m[36mDojo Load (3.7ms)[0m  [1mSELECT  "dojos".* FROM "dojos"  ORDER BY "dojos"."id" DESC LIMIT 1[0m
  [1m[35m (0.1ms)[0m  begin transaction
  [1m[36mSQL (10.9ms)[0m  [1mDELETE FROM "dojos" WHERE "dojos"."id" = ?[0m  [["id", 6]]
  [1m[35m (15.1ms)[0m  commit transaction
  [1m[36mNinja Load (11.8ms)[0m  [1mSELECT "ninjas".* FROM "ninjas"[0m
  [1m[35mDojo Load (3.9ms)[0m  SELECT "dojos".* FROM "dojos"
  [1m[36mNinja Load (3.2ms)[0m  [1mSELECT  "ninjas".* FROM "ninjas"  ORDER BY "ninjas"."id" DESC LIMIT 1[0m
  [1m[35m (0.1ms)[0m  begin transaction
  [1m[36mSQL (10.2ms)[0m  [1mDELETE FROM "ninjas" WHERE "ninjas"."id" = ?[0m  [["id", 12]]
  [1m[35m (11.0ms)[0m  commit transaction
  [1m[36mNinja Load (8.8ms)[0m  [1mSELECT "ninjas".* FROM "ninjas"[0m
  [1m[35m (0.1ms)[0m  begin transaction
  [1m[36mSQL (19.2ms)[0m  [1mINSERT INTO "dojos" ("name", "city", "state", "created_at", "updated_at") VALUES (?, ?, ?, ?, ?)[0m  [["name", "CD"], ["city", "Boise"], ["state", "ID"], ["created_at", "2018-12-01 21:53:43.351937"], ["updated_at", "2018-12-01 21:53:43.351937"]]
  [1m[35m (20.7ms)[0m  commit transaction
  [1m[36mDojo Load (9.5ms)[0m  [1mSELECT "dojos".* FROM "dojos"[0m
  [1m[35mDojo Load (3.7ms)[0m  SELECT  "dojos".* FROM "dojos"  ORDER BY "dojos"."id" DESC LIMIT 1
  [1m[36m (0.1ms)[0m  [1mbegin transaction[0m
  [1m[35mSQL (11.9ms)[0m  INSERT INTO "ninjas" ("first_name", "last_name", "dojo_id", "created_at", "updated_at") VALUES (?, ?, ?, ?, ?)  [["first_name", "delete"], ["last_name", "delete"], ["dojo_id", 7], ["created_at", "2018-12-01 21:53:54.351609"], ["updated_at", "2018-12-01 21:53:54.351609"]]
  [1m[36m (15.5ms)[0m  [1mcommit transaction[0m
  [1m[35mNinja Load (15.0ms)[0m  SELECT "ninjas".* FROM "ninjas"
  [1m[36mDojo Load (2.9ms)[0m  [1mSELECT "dojos".* FROM "dojos"[0m
  [1m[35mDojo Load (4.0ms)[0m  SELECT  "dojos".* FROM "dojos"  ORDER BY "dojos"."id" DESC LIMIT 1
  [1m[36mNinja Load (3.1ms)[0m  [1mSELECT  "ninjas".* FROM "ninjas"  ORDER BY "ninjas"."id" DESC LIMIT 1[0m
  [1m[35m (0.1ms)[0m  begin transaction
  [1m[36mSQL (9.7ms)[0m  [1mDELETE FROM "ninjas" WHERE "ninjas"."id" = ?[0m  [["id", 13]]
  [1m[35m (14.0ms)[0m  commit transaction
  [1m[36mNinja Load (9.2ms)[0m  [1mSELECT "ninjas".* FROM "ninjas"[0m
  [1m[35mDojo Load (2.9ms)[0m  SELECT "dojos".* FROM "dojos"
  [1m[36mNinja Load (6.0ms)[0m  [1mSELECT "ninjas".* FROM "ninjas"[0m
  [1m[35mDojo Load (5.0ms)[0m  SELECT "dojos".* FROM "dojos"
  [1m[36mDojo Load (4.1ms)[0m  [1mSELECT  "dojos".* FROM "dojos"  ORDER BY "dojos"."id" DESC LIMIT 1[0m
  [1m[35m (0.1ms)[0m  begin transaction
  [1m[36mSQL (10.8ms)[0m  [1mINSERT INTO "ninjas" ("first_name", "last_name", "dojo_id", "created_at", "updated_at") VALUES (?, ?, ?, ?, ?)[0m  [["first_name", "delete"], ["last_name", "delete"], ["dojo_id", 7], ["created_at", "2018-12-01 21:55:13.850889"], ["updated_at", "2018-12-01 21:55:13.850889"]]
  [1m[35m (12.0ms)[0m  commit transaction
  [1m[36mNinja Load (9.2ms)[0m  [1mSELECT "ninjas".* FROM "ninjas"[0m
  [1m[35mDojo Load (3.1ms)[0m  SELECT "dojos".* FROM "dojos"
  [1m[36mDojo Load (3.9ms)[0m  [1mSELECT  "dojos".* FROM "dojos"  ORDER BY "dojos"."id" DESC LIMIT 1[0m
  [1m[35m (0.2ms)[0m  begin transaction
  [1m[36mNinja Load (8.3ms)[0m  [1mSELECT "ninjas".* FROM "ninjas" WHERE "ninjas"."dojo_id" = ?[0m  [["dojo_id", 7]]
  [1m[35mSQL (8.5ms)[0m  DELETE FROM "ninjas" WHERE "ninjas"."id" = ?  [["id", 14]]
  [1m[36mSQL (1.0ms)[0m  [1mDELETE FROM "dojos" WHERE "dojos"."id" = ?[0m  [["id", 7]]
  [1m[35m (14.3ms)[0m  commit transaction
  [1m[36mNinja Load (8.9ms)[0m  [1mSELECT "ninjas".* FROM "ninjas"[0m
