[  0.00000Initializing cgroup subsys cus
[   0.00000]Initializing cgrou ssycpu
[   .0000] Itiizng cgroup ubyspuacct
  0.00000] Linux versio4..0140-nec (bil@l01-amd6400) (g version 5.4.0 20160609 (Ubuntu 5.4.0-6ubuntu1~16.04.10) ) #166-Ubuntu SMP Wed Nov 14 20:09:47 UTC 2018 (Ubuntu 4.4.0-140.166-generic 4.4.1162)
[    0.000000] Command line: BOOT_IMAGE=/boot/vmlinuz-4.4.0-140-generic root=UUID=db1ff695-5a6a-4da3-ac65-434f2d99ef16 ro console=tty1 console=ttyS0
[    0.000000] KERNEL supported cpus:
[    0.000000]   Intel GenuineIntel
[    0.000000]   AMD AuthenticAMD
[    0.000000]   Centaur CentaurHauls
[    0.000000] x86/fpu: xstate_offset[2]:  576, xstate_sizes[2]:  256
[    0.000000] x86/fpu: Supporting XSAVE feature 0x01: 'x87 floating point registers'
[    0.000000] x86/fpu: Supporting XSAVE feature 0x02: 'SSE registers'
[    0.000000] x86/fpu: Supporting XSAVE feature 0x04: 'AVX registers'
[    0.000000] x86/fpu: Enabled xstate features 0x7, context size is 832 bytes, using 'standard' format.
[    0.000000] e820: BIOS-provided physical RAM map:
[    0.000000] BIOS-e820: [mem 0x0000000000000000-0x000000000009fbff] usable
[    0.000000] BIOS-e820: [mem 0x000000000009fc00-0x000000000009ffff] reserved
[    0.000000] BIOS-e820: [mem 0x00000000000f0000-0x00000000000fffff] reserved
[    0.000000] BIOS-e820: [mem 0x0000000000100000-0x000000007ffeffff] usable
[    0.000000] BIOS-e820: [mem 0x000000007fff0000-0x000000007fffffff] ACPI data
[    0.000000] BIOS-e820: [mem 0x00000000fec00000-0x00000000fec00fff] reserved
[    0.000000] BIOS-e820: [mem 0x00000000fee00000-0x00000000fee00fff] reserved
[    0.000000] BIOS-e820: [mem 0x00000000fffc0000-0x00000000ffffffff] reserved
[    0.000000] NX (Execute Disable) protection: active
[    0.000000] SMBIOS 2.5 present.
[    0.000000] Hypervisor detected: KVM
[    0.000000] e820: last_pfn = 0x7fff0 max_arch_pfn = 0x400000000
[    0.000000] MTRR: Disabled
[    0.000000] x86/PAT: MTRRs disabled, skipping PAT initialization too.
[    0.000000] CPU MTRRs all blank - virtualized system.
[    0.000000] x86/PAT: Configuration [0-7]: WB  WT  UC- UC  WB  WT  UC- UC  
[    0.00000] found SMMPtable t me0x00ff0x009fff mppedt ff8800009f0]
[    0.0000] caning 1 aea forlow memorcoruption   0.0000]AMDISK: [mem0x61ee00-37efff
[    0.0000] ACPI:Eay bblehesum verificti disle
[   0.00000 ACPI: RSDP 0x00000000000E0000 000024 (v02 VBOX  )
[    0.000000] ACPI: XSDT 0x000000007FFF0030 00003C (v01 VBO   VBOXXSDT 00000001 ASL  00000061)
[    0.000000] ACPI: FACP 0x000000007FFF00F0 0000F4 (v04 VBOX   VBOXFACP 00000001 ASL  00000061)
[    0.000000] ACPI: DSDT 0x000000007FFF0470 0021FF (v02 VBOX   VBOXBIOS 00000002 INTL 20100528)
[    0.000000] ACPI: FACS 0x000000007FFF0200 000040
[    0.000000] ACPI: FACS 0x000000007FFF0200 000040
[    0.000000] ACPI: APIC 0x000000007FFF0240 00005C (v02 VBOX   VBOXAPIC 00000001 ASL  00000061)
[    0.000000] ACPI: SSDT 0x000000007FFF02A0 0001CC (v01 VBOX   VBOXCPUT 00000002 INTL 20100528)
[    0.000000] No NUMA configuration found
[    0.000000] Faking a node at [mem 0x0000000000000000-0x000000007ffeffff]
[    0.000000] NODE_DATA(0) allocated [mem 0x7ffeb000-0x7ffeffff]
[    0.000000] kvm-clock: Using msrs 4b564d01 and 4b564d00
[    0.000000] kvm-clock: cpu 0, msr 0:7ffe3001, primary cpu clock
[    0.000000] kvm-clock: using sched offset of 3748182490 cycles
[    0.000000] clocksource: kvm-clock: mas: ffffffffffff max_cycle 0x1cd2eff max_ilens 815905948 n
[   0.0000]Zone ranges:
[    0000000  MA     [emx00000001000-00000000fff][   00000   DMA2  [mm 000000100000-x0000007eff]
[   0.000]   Noral empty
[    0.000000]   Device   empty
[    0.000000] Movable zone start for each node
[    0.000000] Early memory node ranges
[    0.000000]   node   0: [mem 0x0000000000001000-0x000000000009efff]
[    0.000000]   node   0: [mem 0x0000000000100000-0x000000007ffeffff]
[    0.000000] Initmem setup node 0 [mem 0x0000000000001000-0x000000007ffeffff]
[    0.000000] ACPI: PM-Timer IO Port: 0x4008
[    0.000000] IOAPIC[0]: apic_id 2, version 32, address 0xfec00000, GSI 0-23
[    0.000000] ACPI: INT_SRC_OVR (bus 0 bus_irq 0 global_irq 2 dfl dfl)
[    0.000000] ACPI: INT_SRC_OVR (bus 0 bus_irq 9 global_irq 9 low level)
[    0.000000] Using ACPI (MADT) foor SMP configuration information
[    0.000000] smpboot: Allowing 2 CPUs, 0 hotplug CPUs
[    0.000000] PM: Registered nosave memory: [mem 0x00000000-0x00000fff]
[    0.000000] PM: Registered nosave memory: [mem 0x0009f000-0x0009ffff]
[    0.000000] PM: Registered nosave memory: [mem 0x000a0000-0x000effff]
[    0.000000] PM: Registered nosave memory: [mem 0x000f0000-0x000fffff]
[    0.000000] e820: [mem 0x80000000-0xfebfffff] available for PCI devices
[    0.000000] Booting paravirtualized kernel on KVM
[    0.000000] clocksource: refined-jiffies: mask: 0xffffffff max_cycles: 0xffffffff, max_idle_ns: 7645519600211568 ns
[    0.000000] setup_percpu: NR_CPUS:512 nr_cpumask_bits:512 nr_cpu_ids:2 nr_node_ids:1
[    0.000000] PERCPU: Embedded 34 pages/cpu @ffff88007fc00000 s99608 r8192 d31464 u1048576
[    0.000000] PV qspinlock hash table entries: 256 (order: 0, 4096 bytes)
[    0.000000] Built 1 zonelists in Node order, mobility grouping on.  Total pages: 515960
[    0.000000] Policy zone: DMA32
[    0.000000] Kernel command line: BOOT_IMAGE=/boot/vmlinuz-4.4.0-140-generic root=UUID=db1ff695-5a6a-4da3-ac65-434f2d99ef16 ro console=tty1 console=ttyS0
[    0.000000] PID has tble tres 409(ode 3, 32768 bes
[   0.00] emory: 292K/2096696Kvalable (8564Kernel ode, 314K rwdata, 08K da, 528Kint,136K b, 36K seed 0K cm-rered)
[   0000] SLUB: HWalin=4,Order=-3Mibjects, PU=2, Node=1
[  0.000000] Kernel/User page tables isolation: enabled
[    0.000000] Hierarchical RCU implementation.
[    0.000000] 	Build-time adjustment of leaf fanout to 64.
[    0.000000] 	RCU restricting CPUs from NR_CPUS=512 to nr_cpu_ids=2.
[    0.000000] RCU: Adjusting geometry for rcu_fanout_leaf=64, nr_cpu_ids=2
[    0.000000] NR_IRQS:33024 nr_irqs:440 16
[    0.000000] Console: colour VGA+ 80x25
[    0.000000] console [tty1] enabled
[    0.000000] console [ttyS0] enabled
[    0.000000] tsc: Detected 2592.000 MHz processor
[    4.037610] Calibrating delay loop (skipped) preset value.. 5184.00 BogoMIPS (lpj=10368000)
[    4.039724] pid_max: default: 32768 minimum: 301
[    4.040903] ACPI: Core revision 20150930
[    4.042602] ACPI: 2 ACPI AML tables successfully acqired and loaded
[    4.055270] Security Framework initialized
[    4.056337] Yama: becoming mindful.
[    4.057286] AppArmor: AppArmor initialized
[    4.059828] Dentry cache hash table entries: 262144 (order: 9, 2097152 bytes)

[    4.062009] Inode-cache hash table entries: 131072 (order: 8, 1048576 bytes)
[    4.065587] Mount-cache hash table entries: 4096 (order: 3, 32768 bytes)
[    4.067606] Mountpoint-cache hash table entries: 4096 (order: 3, 32768 bytes)
[    4.136497] Initializing cgroup subsys io
[    4.223727] Initializing cgroup subsys memory
[    4.313245] Initializing cgroup subsys devices
[    4.393760] Initializing cgroup subsys freezer
[    4.480599] Initializing cgroup subsys net_cls
[    4.583050] Initializing cgroup subsys perf_event
[    4.695957] Initializing cgroup subsys net_prio
[    4.797441] Initializing cgroup subsys hugetlb
[    4.881452] Initializing cgroup subsys pids
[    4.966340] mce: CPU supports 0 MCE banks
[    5.034181] Last level iTLB entries: 4KB 64, 2MB 8, 4MB 8
[    5.105720] Last level dTLB entries: 4KB 64, 2MB 0, 4MB 0, 1GB 4
[    5.107158] Spectre V2 : Mitigation: Full generic retpoline
[    5.108490] Spectre V2 : Spectre v2 mitigation: Speculation control IBPB not-supported IBRS not-supported
[    5.110702] Spectre V2 : Spectre v2 / SpectreRSB mitigation: Filling RSB on context switch
[    5.113525] Speculative Store Bypass: Vulnerable
[    5.119902] Freeing SMP alternatives memory: 32K
[    5.131665] ftrace: allocating 32287 entries in 127 pages
[    5.180157] smpboot: APIC(0) Converting physical 0 to logical package 0
[    5.285416] smpboot: Max logical packages: 1
[    5.398336] x2apic enabled
[    5.445383] Switched APIC routing to physical x2apic.
[    5.554962] ..TIMER: vector=0x30 apic1=0 pin1=2 apic2=-1 pin2=-1
[    5.800932] smpboot: CPU0: Intel(R) Core(TM) i7-8850H CPU @ 2.60GHz (family: 0x6, model: 0x9e, stepping: 0xa)
[    6.030265] Performance Events: unsupported p6 CPU model 158 no PMU driver, software events only.
[    6.199224] KVM setup paravirtual spinlock
[    6.204284] x86: Booting SMP configuration:
[    6.205606] .... node  #0, CPUs:      #1
[    6.207070] kvm-clock: cpu 1, msr 0:7ffe3041, secondary cpu clock
[    6.211985] mce: CPU supports 0 MCE banks
[    6.214990] x86: Booted up 1 node, 2 CPUs
[    6.217626] smpboot: Total of 2 processors activated (10368.00 BogoMIPS)
[    6.220082] devtmpfs: initialized
[    6.222598] evm: security.selinux
[    6.223682] evm: security.SMACK64
[    6.224688] evm: security.SMACK64EXEC
[    6.225754] evm: security.SMACK64TRANSMUTE
[    6.226897] evm: security.SMACK64MMAP
[    6.227983] evm: security.ima
[    6.228897] evm: security.capability
[    6.230171] clocksource: jiffies: mask: 0xffffffff max_cycles: 0xffffffff, max_idle_ns: 7645041785100000 ns
[    6.233093] futex hash table entries: 512 (order: 3, 32768 bytes)
[    6.234695] pinctrl core: initialized pinctrl subsystem
[    6.236129] RTC time: 15:50:38, date: 12/04/18
[    6.237621] NET: Registered protocol family 16
[    6.248912] cpuidle: using governor ladder
[    6.324701] cpuidle: using governor menu
[    6.405969] PCCT header not found.
[    6.492217] ACPI: bus type PCI registered
[    6.539728] acpiphp: ACPI Hot Plug PCI Controller Driver version: 0.5
[    6.667746] PCI: Using configuration type 1 for base access
[    6.810277] ACPI: Added _OSI(Module Device)
[    6.885099] ACPI: Added _OSI(Processor Device)
[    6.986299] ACPI: Added _OSI(3.0 _SCP Extensions)
[    7.088806] ACPI: Added _OSI(Processor Aggregator Device)
[    7.208026] ACPI: Executed 1 blocks of module-level executable AML code
[    7.291321] ACPI: Interpreter enabled
[    7.292408] ACPI: (supports S0 S5)
[    7.293407] ACPI: Using IOAPIC for interrupt routing
[    7.294919] PCI: Using host bridge windows from ACPI; if necessary, use "pci=nocrs" and report a bug
[    7.301607] ACPI: PCI Root Bridge [PCI0] (domain 0000 [bus 00-ff])
[    7.303172] acpi PNP0A03:00: _OSC: OS supports [ASPM ClockPM Segments MSI]
[    7.305347] acpi PNP0A03:00: _OSC: not requesting OS control; OS requires [ExtendedConfig ASPM ClockPM MSI]
[    7.307982] acpi PNP0A03:00: fail to add MMCONFIG information, can't access extended PCI configuration space under this bridge.
[    7.311207] PCI host bridge to bus 0000:00
[    7.312297] pci_bus 0000:00: root bus resource [io  0x0000-0x0cf7 window]
[    7.313978] pci_bus 0000:00: root bus resource [io  0x0d00-0xffff window]
[    7.316000] pci_bus 0000:00: root bus resource [mem 0x000a0000-0x000bffff window]
[    7.317951] pci_bus 0000:00: root bus resource [mem 0x80000000-0xfdffffff window]
[    7.319930] pci_bus 0000:00: root bus resource [bus 00-ff]
[    7.324378] pci 0000:00:01.1: legacy IDE quirk: reg 0x10: [io  0x01f0-0x01f7]
[    7.326574] pci 0000:00:01.1: legacy IDE quirk: reg 0x14: [io  0x03f6]
[    7.328131] pci 0000:00:01.1: legacy IDE quirk: reg 0x18: [io  0x0170-0x0177]
[    7.329757] pci 0000:00:01.1: legacy IDE quirk: reg 0x1c: [io  0x0376]
[    7.361049] pci 0000:00:07.0: quirk: [io  0x4000-0x403f] claimed by PIIX4 ACPI
[    7.507314] pci 0000:00:07.0: quirk: [io  0x4100-0x410f] claimed by PIIX4 SMB
[    7.679917] ACPI: PCI Interrupt Link [LNKA] (IRQs 5 9 10 *11)
[    7.799678] ACPI: PCI Interrupt Link [LNKB] (IRQs 5 9 *10 11)
[    7.914263] ACPI: PCI Interrupt Link [LNKC] (IRQs 5 *9 10 11)
[    8.047365] ACPI: PCI Interrupt Link [LNKD] (IRQs 5 9 10 *11)
[    8.163132] ACPI: Enabled 2 GPEs in block 00 to 07
[    8.286367] vgaarb: setting as boot device: PCI:0000:00:02.0
[    8.373049] vgaarb: device added: PCI:0000:00:02.0,decodes=io+mem,owns=io+mem,locks=none
[    8.376001] vgaarb: loaded
[    8.376786] vgaarb: bridge control possible 0000:00:02.0
[    8.378772] SCSI subsystem initialized
[    8.380048] ACPI: bus type USB registered
[    8.381248] usbcore: registered new interface driver usbfs
[    8.382669] usbcore: registered new interface driver hub
[    8.384044] usbcore: registered new device driver usb
[    8.385608] PCI: Using ACPI for IRQ routing
[    8.387536] NetLabel: Initializing
[    8.388490] NetLabel:  domain hash size = 128
[    8.389738] NetLabel:  protocols = UNLABELED CIPSOv4
[    8.392665] NetLabel:  unlabeled traffic allowed by default
[    8.394231] amd_nb: Cannot enumerate AMD northbridges
[    8.395594] clocksource: Switched to clocksource kvm-clock
[    8.403400] AppArmor: AppArmor Filesystem Enabled
[    8.404758] pnp: PnP ACPI init
[    8.407224] pnp: PnP ACPI: found 3 devices
[   .438 cckoue:aci_m:as 0ffffax_cyces: 0xfffff,axdl_ns: 087024s
[   9264]NE: giered protocol family 2

[    9.471940] TCP established hash table entries: 16384 (order: 5, 131072 bytes)
[    9.474455] TCP bind hash table entries: 16384 (order: 6, 262144 bytes)
[    9.476408] TCP: Hash tables configured (established 16384 bind 16384)
[    9.478303] UDP hash table entries: 1024 (order: 3, 32768 bytes)
[    9.480118] UDP-Lite hash table entries: 1024 (order: 3, 32768 bytes)
[    9.481961] NET: Registered protocol family 1
[    9.483232] pci 0000:00:00.0: Limiting direct PCI/CI transfers
[    9.506943] pci 0000:00:01.0: Activating SAMAan wrkaruns   9214]Unacngnirafs.
[   10.291091] Freeing initrd memory: 15364K
[   10.454873] platform rtc_cmos: registered platform RTC device (no PNP device found)
[   10.561181] Scanning for low memory corruption every 60 seconds
[   10.563341] audit: initializing netlink subsys (disabled)
[   10.564945] audit: type=2000 audit(1543938640.549:1): initialized
[   10.566848] Initialise system trusted keyring
[   10.568364] HugeTLB registered 2 MB page size, pre-allocated 0 pages
[   10.571205] zbud: loaded
[   10.572375] VFS: Disk quotas dquot_6.6.0
[   10.573520] VFS: Dquot-cache hash table entries: 512 (order 0, 4096 bytes)
[   10.575490] squashfs: version 4.0 (2009/01/31) Phillip Lougher
[   10.577363] fuse init (API version 7.23)
[   10.578817] Key type big_key registered
[   10.579988] Allocating IMA MOK and blacklist keyrings.
[   10.583205] Key type asymmetric registered
[   10.584482] Asymmetric key parser 'x509' registered
[   10.585772] Block layer SCSI generic (bsg) driver version 0.4 loaded (major 249)
[   10.587858] io scheduler noop registered
[   10.589404] io scheduler deadline registered (default)
[   10.590781] io scheduler cfq registered
[   10.591863] pci_hotplug: PCI Hot Plug PCI Core version: 0.5
[   10.593274] pciehp: PCI Express Hot Plug Controller Driver version: 0.4
[   10.595156] ACPI: AC Adapter [AC] (on-line)
[   10.596723] input: Power Button as /devices/LNXSYSTM:00/LNXPWRBN:00/input/input0
[   10.598572] ACPI: Power Button [PWRF]
[   10.599589] input: Sleep Button as /devices/LNXSYSTM:00/LNXSLPBN:00/input/input1
[   10.601474] ACPI: Sleep Button [SLPF]
[   10.602670] GHES: HEST is not enabled!
[   10.604598] ACPI: Battery Slot [BAT0] (battery present)
[   10.605861] Serial: 8250/16550 driver, 32 ports, IRQ sharing enabled
[   10.631384] 00:02: ttyS0 at I/O 0x3f8 (irq = 4, base_baud = 115200) is a 16550A
[   10.807709] Linux agpgart interface v0.103
[   10.911955] loop: module loaded
[   10.960025] scsi host0: ata_piix
[   11.066732] scsi host1: ata_piix
[   11.008877] ata1: PATA max UDMA/33 cmd 0x1f0 ctl 0x366 bmdma 0xd000 irq 44

[   11.525639] ata2: PATA max UDMA/33 cmd 0x170 ctl 0x376 bmdma 0xd008 irq 15
[   11.646801] tsc: Refined TSC clocksource calibration: 2591.406 MHz
[   11.648603] clocksource: tsc: mask: 0xffffffffffffffff max_cycles: 0x255a859f9e4, max_idle_ns: 440795236585 ns
[   11.649190] libphy: Fixed MDIO Bus: probed
[   11.649193] tun: Universal TUN/TAP device driver, 1.6
[   11.649193] tun: (C) 1999-2004 Max Krasnyansky <maxk@qualcomm.com>
[   11.655645] PPP generic driver version 2.4.2
[   11.657229] ehci_hcd: USB 2.0 'Enhanced' Host Controller (EHCI) Driver
[   11.658827] ehci-pci: EHCI PCI platform driver
[   11.660050] ehci-platform: EHCI generic platform driver
[   11.661380] ohci_hcd: USB 1.1 'Open' Host Controller (OHCI) Driver
[   11.662906] ohci-pci: OHCI PCI platform driver
[   11.664116] ohci-platform: OHCI generic platform driver
[   11.665424] uhci_hcd: USB Universal Host Controller Interface driver
[   11.667031] i8042: PNP: PS/2 Controller [PNP0303:PS2K,PNP0f03:PS2M] at 0x60,0x64 irq 1,12
[   11.669691] serio: i8042 KBD port at 0x60,0x64 irq 1
[   11.671429] serio: i8042 AUX port at 0x60,0x64 irq 12
[   11.673016] mousedev: PS/2 mouse device common for all mice
[   11.675146] input: AT Translated Set 2 keyboard as /devices/platform/i8042/serio0/input/input2
[   11.675997] rtc_cmos rtc_cmos: rtc core: registered rtc_cmos as rtc0
[   11.676063] rtc_cmos rtc_cmos: alarms up to one day, 114 bytes nvram
[   11.676070] i2c /dev entries driver
[   11.676131] device-mapper: uevent: version 1.0.3
[   11.676172] device-mapper: ioctl: 4.34.0-ioctl (2015-10-28) initialised: dm-devel@redhat.com
[   11.676189] ledtrig-cpu: registered to indicate activity on CPUs
[   11.679961] NET: Registered protocol family 10
[   11.680067] NET: Registered protocol family 17
[   11.680076] Key type dns_resolver registered
[   11.680251] registered taskstats version 1
[   11.680260] Loading compiled-in X.509 certificates
[   11.680803] Loaded X.509 cert 'Build time autogenerated kernel key: 2b5438463a545abf193c13ead155e0657f6c69dd'
[   11.680818] zswap: loaded using pool lzo/zbud
[   11.682078] Key type trusted registered
[   11.684326] Key type encrypted registered
[   11.684347] AppArmor: AppArmor sha1 policy hashing enabled
[   11.684349] ima: No TPM chip found, activating TPM-bypass!
[   11.684353] ima: Allocated hash algorithm: sha1
[   11.684383] evm: HMAC attrs: 0x1
[   11.684832]   Magic number: 14:714:840
[   11.688491] rtc_cmos rtc_cmos: setting system clock to 2018-12-04 15:50:44 UTC (1543938644)
[   11.688597] BIOS EDD facility v0.16 2004-Jun-25, 0 devices found
[   11.688597] EDD information not available.
[   11.848759] Freeing unused kernel memory: 1528K
[   11.864188] Write protecting the kernel read-only data: 14336k
[   11.902810] Freeing unused kernel memory: 1664K
[   11.904383] Freeing unused kernel memory: 88K
Loading, please wait...
starting version 229
[   11.916910] random: systemd-udevd: uninitialized urandom read (16 bytes read, 3 bits of entropy available)
[   11.917034] random: udevadm: uninitialized urandom read (16 bytes read, 3 bits of entropy available)
[   11.917051] random: udevadm: uninitialized urandom read (16 bytes read, 3 bits of entropy available)
[   11.922743] random: udevadm: uninitialized urandom read (16 bytes read, 3 bits of entropy available)
[   11.922774] random: udevadm: uninitialized urandom read (16 bytes read, 3 bits of entropy available)
[   11.922871] random: udevadm: uninitialized urandom read (16 bytes read, 3 bits of entropy available)
[   11.922909] random: udevadm: uninitialized urandom read (16 bytes read, 3 bits of entropy available)
[   11.922947] random: udevadm: uninitialized urandom read (16 bytes read, 3 bits of entropy available)
[   11.922985] random: udevadm: uninitialized urandom read (16 bytes read, 3 bits of entropy available)
[   11.923015] random: udevadm: uninitialized urandom read (16 bytes read, 3 bits of entropy available)
[   12.021504] e1000: Intel(R) PRO/1000 Network Driver - version 7.3.21-k8-NAPI
[   12.166637] e1000: Copyright (c) 1999-2006 Intel Corporation.
[   12.345838] Fusion MPT base driver 3.04.20
[   12.406325] Copyright (c) 1999-2008 LSI Corporation
[   12.513066] Fusion MPT SPI Host driver 3.04.20
[   12.617576] AVX2 version of gcm_enc/dec engaged.
[   12.726610] AES CTR mode by8 optimization enabled
[   12.774770] input: ImExPS/2 Generic Explorer Mouse as /devices/platform/i8042/serio1/input/input4
[   12.998129] e1000 0000:00:03.0 eth0: (PCI:33MHz:32-bit) 02:98:04:f8:6e:63
[   13.417279] e1000 0000:00:03.0 eth0: Intel(R) PRO/1000 Network Connection
[   13.585353] mptbase: ioc0: Initiating bringup
[   13.585573] e1000 0000:00:03.0 enp0s3: renamed from eth0
[   13.896177] ioc0: LSI53C1030 A0: Capabilities={Initiator}
[   14.152223] scsi host2: ioc0: LSI53C1030 A0, FwRev=00000000h, Ports=1, MaxQ=256, IRQ=20
[   14.429655] scsi 2:0:0:0: Direct-Access     VBOX     HARDDISK         1.0  PQ: 0 ANSI: 5
[   14.606829] scsi target2:0:0: Beginning Domain Validation
[   14.762751] scsi target2:0:0: Domain Validation skipping write tests
[   14.767217] scsi target2:0:0: Ending Domain Validation
[   14.926804] scsi target2:0:0: asynchronous
[   14.942378] scsi 2:0:1:0: Direct-Access     VBOX     HARDDISK         1.0  PQ: 0 ANSI: 5
[   14.947319] scsi target2:0:1: Beginning Domain Validation
[   14.951780] scsi target2:0:1: Domain Validation skipping write tests
[   14.962895] scsi target2:0:1: Ending Domain Validation
[   14.964671] scsi target2:0:1: asynchronous
[   14.974107] sd 2:0:0:0: Attached scsi generic sg0 type 0
[   14.979739] sd 2:0:0:0: [sda] 20971520 512-byte logical blocks: (10.7 GB/10.0 GiB)
[   14.982421] sd 2:0:1:0: Attached scsi generic sg1 type 0
[   14.984122] sd 2:0:1:0: [sdb] 20480 512-byte logical blocks: (10.5 MB/10.0 MiB)
[   14.984151] sd 2:0:0:0: [sda] Write Protect is off
[   14.984334] sd 2:0:0:0: [sda] Incomplete mode parameter data
[   14.984335] sd 2:0:0:0: [sda] Assuming drive cache: write through
[   14.990802]  sda: sda1
[   14.991572] sd 2:0:0:0: [sda] Attached SCSI disk
[   15.403055] sd 2:0:1:0: [sdb] Write Protect is off
[   15.566613] sd 2:0:1:0: [sdb] Incomplete mode parameter data
[   15.754824] sd 2:0:1:0: [sdb] Assuming drive cache: write through
[   15.928380] sd 2:0:1:0: [sdb] Attached SCSI disk
Begin: Loading e[   17.234997] md: linear personality registered for level -1
ssential drivers[   17.389054] md: multipath personality registered for level -4
 ... [   17.629105] md: raid0 personality registered for level 0
[   17.800122] md: raid1 personality registered for level 1
[   17.955630] raid6: sse2x1   gen() 11385 MB/s
[   18.131819] raid6: sse2x1   xor()  8136 MB/s
[   18.279813] raid6: sse2x2   gen() 15637 MB/s
[   18.435854] raid6: sse2x2   xor() 11372 MB/s
[   18.603648] raid6: sse2x4   gen() 15896 MB/s
[   18.791734] raid6: sse2x4   xor() 11667 MB/s
[   18.943863] raid6: avx2x1   gen() 26596 MB/s
[   19.071837] raid6: avx2x2   gen() 30714 MB/s
[   19.211829] raid6: avx2x4   gen() 27542 MB/s
[   19.304395] raid6: using algorithm avx2x2 gen() 30714 MB/s
[   19.321699] raid6: using avx2x2 recovery algorithm
[   19.324125] xor: automatically using best checksumming function:
[   19.363656]    avx       : 45945.000 MB/sec
[   19.467709] async_tx: api initialized (async)
[   19.587335] md: raid6 personality registered for level 6
[   19.701438] md: raid5 personality registered for level 5
[   19.816291] md: raid4 personality registered for level 4
[   19.933993] md: raid10 personality registered for level 10
done.
Begin: Running /scripts/init-premount ... done.
Begin: M[   20.204437] Btrfs loaded
ounting root file system ... Begin: Running /scripts/local-top ... done.
Begin: Running /scripts/local-premount ... Scanning for Btrfs filesystems
done.
Warning: fsck no[   20.299367] EXT4-fs (sda1): mounted filesystem with ordered data mode. Opts: (null)
t present, so skipping root file system
done.
Begin: Running /scripts/local-bottom ... done.
Begin: Running /scripts/init-bottom ... done.
[   20.500667] systemd[1]: systemd 229 running in system mode. (+PAM +AUDIT +SELINUX +IMA +APPARMOR +SMACK +SYSVINIT +UTMP +LIBCRYPTSETUP +GCRYPT +GNUTLS +ACL +XZ -LZ4 +SECCOMP +BLKID +ELFUTILS +KMOD -IDN)
[   20.908894] systemd[1]: Detected virtualization oracle.
[   21.013637] systemd[1]: Detected architecture x86-64.

Welcome to [1mUbuntu 16.04.5 LTS[0m!

[   1.3315 systemd[1 Set stmeo ubnt-xenial>.

[   21.622556] systemd[1]: Reached target User and Group Name Lookups.
[[0;32m  OK  [0m] Reached target User and Group Name Lookups.
[   22.20068] syste[1 Ltengn vi-mper evet daemon FIFOs.

[[0;32m  OK  [0m] Listening on Device-mapper event daemon FIFOs.
[   22.612551] systemd[1]: Reached target Swap.
[[0;32m  OK  [0m] Reached target Swap.
[   22.615576] systemd[1]: Reached target Encrypted Volumes.
[[0;32m  OK  [0m] Reached target Encrypted Volumes.
[   22.619117] systemd[1]: Listening on Journal Socket.
[[0;32m  OK  [0m] Listening on Journal Socket.
[   22.623070] systemd[1]: Listening on Syslog Socket.
[[0;32m  OK  [0m] Listening on Syslog Socket.
[   22.626368] systemd[1]: Listening on LVM2 poll daemon socket.
[[0;32m  OK  [0m] Listening on LVM2 poll daemon socket.
[   22.629967] systemd[1]: Started Forward Password Requests to Wall Directory Watch.
[[0;32m  OK  [0m] Started Forward Password Requests to Wall Directory Watch.
[   22840]syte[1 Lstni oudev Kernel Soct.

[[0;32m  OK  [0m] Listening on udev Kernel Socket.
[   233883 sysem[1: acedarrgetystem Time Synchronized.

[[0;32m  OK  [0m] Reached target System Time Synchronized.
[   23.699433] systemd[1]: Set up automount Arbitrary Executable File Formats File System Automount Point.
[[0;32m  OK  [0m] Set up automount Arbitrary Executab...ats File System Automount Point.
[   23.704822] systemd[1]: Listening on Journal Socket (/dev/log).
[[0;32m  OK  [0m] Listening on Journal Socket (/dev/log).
[   23.709093] systemd[1]: Listening on LVM2 metadata daemon socket.
[[0;32m  OK  [0m] Listening on LVM2 metadata daemon socket.[   23.713032] random: nonblocking pool is initialized

[   23.714572] systemd[1]: Listening on udev Control Socket.
[[0;32m  OK  [0m] Listening on udev Control Socket.
[   23.718549] systemd[1]: Started Trigger resolvconf update for networkd DNS.
[[0;32m  OK  [0m] Started Trigger resolvconf update for networkd DNS.
[   23.722510] systemd[1]: Listening on /dev/initctl Compatibility Named Pipe.
[[0;32m  OK  [0m] Listening on /dev/initctl Compatibility Named Pipe.
[  27900 ste[1: reed slice Ste Sic.
[[0;32m  OK  [0m] Created slice System Slice.
[   24.288324] systemd[1]: Mounting Huge Pages File System...
         Mounting Huge Pages File System...
[   24.394640] systemd[1]: Starting Create list of required static device nodes for the current kernel...
         Starting Create list of required st... nodes for the current kernel...
[   24.656357] systemd[1]: Starting Nameserver information manager...
         Starting Nameserver information manager...
[   24.772376] systemd[1]: Starting Set console keymap...
         Starting Set console keymap...
[   24.777023] systemd[1]: Starting Remount Root and Kernel File Systems...
         Starting Remount Root and Kernel File Systems...
[   24.782692] EXT4-fs (sda1): re-mounted. Opts: (null)
[   24.784906] systemd[1]: Mounting POSIX Message Queue File System...
         Mounting POSIX Message Queue File System...
[   24.789650] systemd[1]: Created slice system-postgresql.slice.
[[0;32m  OK  [0m] Created slice system-postgresql.slice.
[   24.794612] systemd[1]: Created slice system-serial\x2dgetty.slice.
[[0;32m  OK  [0m] Created slice system-serial\x2dgetty.slice.
[   24.801255] systemd[1]: Starting Monitoring of LVM2 mirrors, snapshots etc. using dmeventd or progress polling...
         Starting Monitoring of LVM2 mirrors... dmeventd or progress polling...
[   24.812530] systemd[1]: Starting Load Kernel Modules...
         Starting Load Kernel Modules...
[   24.822363] systemd[1]: Listening on Journal Audit Socket.
[   24.825387] Loading iSCSI transport class v2.0-870.
[[0;32m  OK  [0m] Listening on Journal Audit S[   24.833137] iscsi: registered transport (tcp)
ocket.
[   24.950330] iscsi: registered transport (iser)
[   24.951945] systemd[1]: Starting Journal Service...
         Starting Journal Service...
[   25.184200] systemd[1]: Starting Uncomplicated firewall...
         Starting Uncomplicated firewall...
[   25.312107] systemd[1]: Mounting Debug File System...
         Mounting Debug File System...
[   25.449000] systemd[1]: Created slice User and Session Slice.
[[0;32m  OK  [0m] Created slice User and Session Slice.
[   25.628560] systemd[1]: Reached target Slices.
[[0;32m  OK  [0m] Reached target Slices.
[   25.780513] systemd[1]: Mounted Huge Pages File System.
[[0;32m  OK  [0m] Mounted Huge Pages File System.
[   25.869575] systemd[1]: Mounted POSIX Message Queue File System.
[[0;32m  OK  [0m] Mounted POSIX Message Queue File System.
[   25.877460] systemd[1]: Mounted Debug File System.
[[0;32m  OK  [0m] Mounted Debug File System.
[   25.880708] systemd[1]: Started Journal Service.
[[0;32m  OK  [0m] Started Journal Service.
[[0;32m  OK  [0m] Started Create list of required sta...ce nodes for the current kernel.
[[0;32m  OK  [0m] Started Set console keymap.
[[0;32m  OK  [0m] Started Remount Root and Kernel File Systems.
[[0;32m  OK  [0m] Started Load Kernel Modules.
[[0;32m  OK  [0m] Started Uncomplicated firewall.
[[0;32m  OK  [0m] Started Nameserver information manager.
[[0;32m  OK  [0m] Started LVM2 metadata daemon.
         Starting Apply Kernel Variables...
         Mounting FUSE Control File System...
         Starting udev Coldplug all Devices...
         Starting Load/Save Random Seed...
         Starting Create Static Device Nodes in /dev...
         Starting Flush Journal to Persistent Storage...
[[0;32m  OK  [0m] Mounted FUSE Control File System.
[[0;32m  OK  [0m] Started Apply Kernel Variables.
[[0;32m  OK  [0m] Started Monitoring of LVM2 mirrors,...ng dmeventd or progress polling.
[[0;32m  OK  [0m] Started Load/Save Random Seed.
[[0;32m  OK  [0m] Started Create Static Device Nodes in /dev.
[[0;32m  OK  [0m] Started udev Coldplug all Devices.
[[0;32m  OK  [0m] Started Flush Journal to Persistent Storage.
         Starting udev Kernel Device Manager...
[[0;32m  OK  [0m] Reached target Local File Systems (Pre).
[[0;32m  OK  [0m] Reached target Local File Systems.
         Starting Initial cloud-init job (pre-networking)...
         Starting LSB: AppArmor initialization...
         Starting Set console font and keymap...
         Starting Create Volatile Files and Directories...
         Starting Tell Plymouth To Write Out Runtime Data...
[[0;32m  OK  [0m] Started udev Kernel Device Manager.
[[0;32m  OK  [0m] Started Create Volatile Files and Directories.
[[0;32m  OK  [0m] Started Tell Plymouth To Write Out Runtime Data.
[[0;32m  OK  [0m] Found device /dev/ttyS0.
[[0;32m  OK  [0m] Listening on Load/Save RF Kill Switch Status /dev/rfkill Watch.
         Starting Update UTMP about System Boot/Shutdown...
[[0;32m  OK  [0m] Started Dispatch Password Requests to Console Directory Watch.
[   19.536207] cloud-init[490]: Cloud-init v. 18.4-0ubuntu1~16.04.2 running 'init-local' at Tue, 04 Dec 2018 15:51:00 +0000. Up 19.30 seconds.
[[0;32m  OK  [0m] Started LSB: AppArmor initialization.
[[0;32m  OK  [0m] Started Set console font and keymap.
[[0;32m  OK  [0m] Started Initial cloud-init job (pre-networking).
[[0;32m  OK  [0m] Found device 82540EM Gigabit Ethern...r (PRO/1000 MT Desktop Adapter).
[[0;32m  OK  [0m] Started Update UTMP about System Boot/Shutdown.
[[0;32m  OK  [0m] Reached target Network (Pre).
[[0;32m  OK  [0m] Created slice system-getty.slice.
         Starting Raise network interfaces...
[[0;32m  OK  [0m] Started ifup for enp0s3.
[[0;32m  OK  [0m] Started Raise network interfaces.
[[0;32m  OK  [0m] Reached target Network.
         Starting Initial cloud-init job (metadata service crawler)...
[   20.539359] cloud-init[964]: Cloud-init v. 18.4-0ubuntu1~16.04.2 running 'init' at Tue, 04 Dec 2018 15:51:01 +0000. Up 20.32 seconds.
[   20.634743] [[0;32m  OK  [0m] Started Initial cloud-init job (metadata service crawler).
cloud-init[964]: ci-info: +++++++++++++++++++++++++++++++++++++Net device info++++++++++++++++++++++++++++++++++++++
[   20.756785] [cloud-init[0;32m  OK  [0m[964]: ] ci-info: +--------+------+---------------------------+---------------+--------+-------------------+Reached target System Initialization.

[   20.878674] cloud-init[964]: ci-info: | Device |  Up  |          Address          |      Mask     | Scope  |     Hw-Address    |
[   20.880222] cloud-init[964]: ci-info: +--------+------+---------------------------+---------------+--------+-------------------+
         Starting Socket activation for snappy daemon.
[   20.880274]          cloud-initStarting LXD - unix socket.[964]: 
ci-info: | enp0s3 | True |         10.0.2.15         | 255.255.255.0 | global | 02:98:04:f8:6e:63 |
[   21.173177] [cloud-init[0;32m  OK  [0m[964]: ] ci-info: | enp0s3 | True | fe80::98:4ff:fef8:6e63/64 |       .       |  link  | 02:98:04:f8:6e:63 |Listening on ACPID Listen Socket.

[   21.262906] [cloud-init[0;32m  OK  [0m[964]: ] ci-info: |   lo   | True |         127.0.0.1         |   255.0.0.0   |  host  |         .         |Listening on D-Bus System Message Bus Socket.

[[0;32m  OK  [0m] Listening on UUID daemon activation socket.
[[0;32m  OK  [0m] Started Daily Cleanup of Temporary Directories.
[   21.264112] cloud-init[[0;32m  OK  [0m] Started ACPI Events Check.
[[0;32m  OK  [0m] Reached target Paths.
[964]: ci-info: |   lo   | True |          ::1/128          |       .       |  host  |         .         |
[   21.285077] [[0;32m  OK  [0m] Started Daily apt download activities.
[[0;32m  OK  [0m] Started Daily apt upgrade and clean activities.
[[0;32m  OK  [0m] Reached target Timers.
[[0;32m  OK  [0m] Reached target Cloud-config availability.
[[0;32m  OK  [0m] Reached target Network is Online.
cloud-init[964]: ci-info: +--------+------+---------------------------+---------------+--------+-------------------+
[   21.296017] cloud-init[964]: ci-info: +++++++++++++++++++++++++++Route IPv4 info++++++++++++++++++++++++++++
         Starting iSCSI initiator daemon (iscsid)...
[[0;32m  OK  [0m] Listening on Socket activation for snappy daemon.
[[0;32m  OK  [0m] Listening on LXD - unix socket.
[[0;32m  OK  [0m] Reached target Sockets.
[[0;32m  OK  [0m] Reached target Basic System.
         Starting Virtualbox guest utils...
         Starting PostgreSQL Cluster 9.5-main...
[   21.300439] cloud-init[964]: ci-info: +-------+-------------+----------+---------------+-----------+-------+
         Starting Login Service...
         Starting LSB: MD monitoring daemon...
[[0;32m  OK  [0m] Started D-Bus System Message Bus.
[   21.318476] cloud-init[964]: ci-info: | Route | Destination | Gateway  |    Genmask    | Interface | Flags |
[   21.340917] cloud-init[964]: ci-info: +-------+-------------+----------+---------------+-----------+-------+
[   21.345065] cloud-init[964]: ci-info: |   0   |   0.0.0.0   | 10.0.2.2 |    0.0.0.0    |   enp0s3  |   UG  |
[   21.348439] cloud-init[964]: ci-info: |   1   |   10.0.2.0  | 0.0.0.0  | 255.255.255.0 |   enp0s3  |   U   |
[   21.353379] cloud-init[964]: ci-info: +-------+-------------+----------+---------------+-----------+-------+
[   21.359610] cloud-init[964]: ci-info: +++++++++++++++++++Route IPv6 info+++++++++++++++++++
[   21.362560] cloud-init[964]: ci-info: +-------+-------------+---------+-----------+-------+
[   21.415000] [[0;32m  OK  [0m] Started ACPI event daemon.
cloud-init[964]: ci-info: | Route | Destination | Gateway | Interface | Flags |
[   21.420098] cloud-init[964]: ci-info: +-------+-------------+---------+-----------+-------+
[   21.423923] cloud-init[964]: ci-info: |   0   |  fe80::/64  |    ::   |   enp0s3  |   U   |
[   21.431187]          Starting Accounts Service...
cloud-init[964]: ci-info: |   3   |   ff00::/8  |    ::   |   enp0s3  |   U   |
         Starting /etc/rc.local Compatibility...
[   21.446571] cloud-init[964]: ci-info: +-------+-------------+---------+-----------+-------+
         Starting OpenBSD Secure Shell server...
[[0;32m  OK  [0m] Started Regular background program processing daemon.
[[0;32m  OK  [0m] Started Deferred execution scheduler.
         Starting System Logging Service...
[[0;32m  OK  [0m] Started FUSE filesystem for LXC.
         Starting LSB: Record successful boot for GRUB...
         Starting LXD - container startup/shutdown...
[[0;32m  OK  [0m] Started Unattended Upgrades Shutdown.
         Starting Snappy daemon...
[[0;32m  OK  [0m] Started System Logging Service.
[[0;32m  OK  [0m] Started /etc/rc.local Compatibility.
[[0;32m  OK  [0m] Started LXD - container startup/shutdown.
[[0;32m  OK  [0m] Started iSCSI initiator daemon (iscsid).
[[0;32m  OK  [0m] Started OpenBSD Secure Shell server.
[[0;32m  OK  [0m] Started LSB: MD monitoring daemon.
[[0;32m  OK  [0m] Started Virtualbox guest utils.
[[0;32m  OK  [0m] Started LSB: Record successful boot for GRUB.
[[0;32m  OK  [0m] Started Login Service.
         Starting Authenticate and Authorize Users to Run Privileged Tasks...
         Starting Login to default iSCSI targets...
[[0;32m  OK  [0m] Started Authenticate and Authorize Users to Run Privileged Tasks.
[[0;32m  OK  [0m] Started Snappy daemon.
[[0;32m  OK  [0m] Started Accounts Service.
         Starting Wait until snapd is fully seeded...
[[0;32m  OK  [0m] Started Wait until snapd is fully seeded.
[[0;32m  OK  [0m] Started Login to default iSCSI targets.
[[0;32m  OK  [0m] Reached target Remote File Systems (Pre).
[[0;32m  OK  [0m] Reached target Remote File Systems.
         Starting Permit User Sessions...
         Starting LSB: Set the CPU Frequency Scaling governor to "ondemand"...
         Starting LSB: Start/stop sysstat's sadc...
         Starting LSB: automatic crash report generation...
         Starting LSB: daemon to balance interrupts for SMP systems...
         Starting Apply the settings specified in cloud-config...
[[0;32m  OK  [0m] Started Permit User Sessions.
[[0;32m  OK  [0m] Started LSB: Set the CPU Frequency Scaling governor to "ondemand".
[[0;32m  OK  [0m] Started LSB: Start/stop sysstat's sadc.
         Starting Terminate Plymouth Boot Screen...
         Starting Hold until boot process finishes up...
[[0;32m  OK  [0m] Started Hold until boot process finishes up.
[[0;32m  OK  [0m] Started LSB: automatic crash report generation.
[[0;32m  OK  [0m] Started LSB: daemon to balance interrupts for SMP systems.
[[0;32m  OK  [0m] Started Terminate Plymouth Boot Screen.
         Starting Set console scheme...
[[0;32m  OK  [0m] Started Getty on tty1.
[[0;32m  OK  [0m] Started Serial Getty on ttyS0.
[[0;32m  OK  [0m] Reached target Login Prompts.
[[0;32m  OK  [0m] Started Set console scheme.
[   22.635010] cloud-init[1188]: Cloud-init v. 18.4-0ubuntu1~16.04.2 running 'modules:config' at Tue, 04 Dec 2018 15:51:03 +0000. Up 22.56 seconds.
[[0;32m  OK  [0m] Started Apply the settings specified in cloud-config.
[[0;32m  OK  [0m] Started PostgreSQL Cluster 9.5-main.
         Starting PostgreSQL RDBMS...
[[0;32m  OK  [0m] Started PostgreSQL RDBMS.
[[0;32m  OK  [0m] Reached target Multi-User System.
[[0;32m  OK  [0m] Reached target Graphical Interface.
         Starting Update UTMP about System Runlevel Changes...
         Starting Execute cloud user/final scripts...
[[0;32m  OK  [0m] Started Update UTMP about System Runlevel Changes.
[   24.124343] cloud-init[1248]: Cloud-init v. 18.4-0ubuntu1~16.04.2 running 'modules:final' at Tue, 04 Dec 2018 15:51:04 +0000. Up 24.05 seconds.
[   24.205017] cloud-init[1248]: Cloud-init v. 18.4-0ubuntu1~16.04.2 finished at Tue, 04 Dec 2018 15:51:04 +0000. Datasource DataSourceNoCloud [seed=/dev/sdb][dsmode=net].  Up 24.11 seconds
[[0;32m  OK  [0m] Started Execute cloud user/final scripts.
[[0;32m  OK  [0m] Reached target Cloud-init target.

Ubuntu 16.04.5 LTS ubuntu-xenial ttyS0

ubuntu-xenial login: [[0;32m  OK  [0m] Closed Load/Save RF Kill Swt[[0;32m  OK  [0m] Unmounted /var/lib/lxcfs.
[[0;32m  OK  [0m] Stopped Accounts Service.
[[0;32m  OK  [0m] Stopped Regular background program processing daemon.
[[0;32m  OK  [0m] Stopped Deferred execution scheduler.
[[0;32m  OK  [0m] Stopped System Logging Service.
[[0;32m  OK  [0m] Stopped ACPI event daemon.
[[0;32m  OK  [0m] Stopped Snappy daemon.
[[0;32m  OK  [0m] Stopped OpenBSD Secure Shell server.
[[0;32m  OK  [0m] Stopped Authenticate and Authorize Users to Run Privileged Tasks.
[[0;32m  OK  [0m] Stopped Getty on tty1.
[[0;32m  OK  [0m] Stopped Serial Getty on ttyS0.
[[0;32m  OK  [0m] Stopped User Manager for UID 1000.
[[0;32m  OK  [0m] Stopped Session 2 of user vagrant.
[[0;32m  OK  [0m] Stopped Session 9 of user vagrant.
[[0;32m  OK  [0m] Stopped Session 19 of user vagrant.
[[0;32m  OK  [0m] Stopped Session 8 of user vagrant.
[[0;32m  OK  [0m] Stopped D-Bus System Message Bus.
[[0;32m  OK  [0m] Stopped Unattended Upgrades Shutdown.
[[0;32m  OK  [0m] Stopped FUSE filesystem for LXC.
[[0;32m  OK  [0m] Stopped LXD - container startup/shutdown.
[[0;32m  OK  [0m] Stopped LSB: MD monitoring daemon.
[[0;32m  OK  [0m] Stopped LSB: Start/stop sysstat's sadc.
[[0;32m  OK  [0m] Stopped LSB: Set the CPU Frequency Scaling governor to "ondemand".
[[0;32m  OK  [0m] Stopped LSB: automatic crash report generation.
[[0;32m  OK  [0m] Stopped Virtualbox guest utils.
[[0;32m  OK  [0m] Stopped LSB: Record successful boot for GRUB.
[[0;32m  OK  [0m] Stopped LSB: daemon to balance interrupts for SMP systems.
[[0;32m  OK  [0m] Removed slice User Slice of vagrant.
         Stopping Login Service...
[[0;32m  OK  [0m] Removed slice system-serial\x2dgetty.slice.
         Stopping Permit User Sessions...
[[0;32m  OK  [0m] Removed slice system-getty.slice.
[[0;32m  OK  [0m] Stopped /etc/rc.local Compatibility.
[[0;32m  OK  [0m] Stopped Login Service.
[[0;32m  OK  [0m] Stopped PostgreSQL Cluster 9.5-main.
[[0;32m  OK  [0m] Stopped Permit User Sessions.
[[0;32m  OK  [0m] Stopped target Remote File Systems.
[[0;32m  OK  [0m] Stopped target Remote File Systems (Pre).
         Stopping Login to default iSCSI targets...
[[0;32m  OK  [0m] Removed slice system-postgresql.slice.
[[0;32m  OK  [0m] Stopped target User and Group Name Lookups.
[[0;32m  OK  [0m] Stopped target Basic System.
[[0;32m  OK  [0m] Stopped target Slices.
[[0;32m  OK  [0m] Removed slice User and Session Slice.
[[0;32m  OK  [0m] Stopped target Sockets.
[[0;32m  OK  [0m] Closed D-Bus System Message Bus Socket.
[[0;32m  OK  [0m] Closed Socket activation for snappy daemon.
[[0;32m  OK  [0m] Closed LXD - unix socket.
[[0;32m  OK  [0m] Closed UUID daemon activation socket.
[[0;32m  OK  [0m] Closed Syslog Socket.
[[0;32m  OK  [0m] Closed ACPID Listen Socket.
[[0;32m  OK  [0m] Stopped target Paths.
[[0;32m  OK  [0m] Stopped Dispatch Password Requests to Console Directory Watch.
[[0;32m  OK  [0m] Stopped Forward Password Requests to Wall Directory Watch.
[[0;32m  OK  [0m] Stopped ACPI Events Check.
[[0;32m  OK  [0m] Stopped target System Initialization.
         Stopping Update UTMP about System Boot/Shutdown...
[[0;32m  OK  [0m] Stopped target Encrypted Volumes.
         Stopping Load/Save Random Seed...
[[0;32m  OK  [0m] Stopped target Swap.
[[0;32m  OK  [0m] Stopped Load/Save Random Seed.
[[0;32m  OK  [0m] Stopped Update UTMP about System Boot/Shutdown.
[[0;32m  OK  [0m] Stopped Login to default iSCSI targets.
         Stopping iSCSI initiator daemon (iscsid)...
[[0;32m  OK  [0m] Stopped Create Volatile Files and Directories.
[[0;32m  OK  [0m] Stopped iSCSI initiator daemon (iscsid).
[[0;32m  OK  [0m] Stopped target Network is Online.
[[0;32m  OK  [0m] Stopped Initial cloud-init job (metadata service crawler).
[[0;32m  OK  [0m] Stopped target Network.
         Stopping Raise network interfaces...
[[0;32m  OK  [0m] Stopped Raise network interfaces.
[[0;32m  OK  [0m] Stopped target Network (Pre).
[[0;32m  OK  [0m] Stopped Initial cloud-init job (pre-networking).
[[0;32m  OK  [0m] Stopped target Local File Systems.
         Unmounting /run/user/1000...
         Unmounting /vagrant...
[[0;32m  OK  [0m] Stopped Apply Kernel Variables.
[[0;32m  OK  [0m] Stopped Load Kernel Modules.
[[0;32m  OK  [0m] Unmounted /run/user/1000.
[[0;32m  OK  [0m] Unmounted /vagrant.
[[0;32m  OK  [0m] Reached target Unmount All Filesystems.
[[0;32m  OK  [0m] Stopped target Local File Systems (Pre).
[[0;32m  OK  [0m] Stopped Remount Root and Kernel File Systems.
[[0;32m  OK  [0m] Stopped Create Static Device Nodes in /dev.
[[0;32m  OK  [0m] Reached target Shutdown.
[ 5788.342710] reboot: Power down
